#
# There is insufficient memory for the Java Runtime Environment to continue.
# Native memory allocation (mmap) failed to map 266338304 bytes. Error detail: G1 virtual space
# Possible reasons:
#   The system is out of physical RAM or swap space
#   This process is running with CompressedOops enabled, and the Java Heap may be blocking the growth of the native heap
# Possible solutions:
#   Reduce memory load on the system
#   Increase physical memory or swap space
#   Check if swap backing store is full
#   Decrease Java heap size (-Xmx/-Xms)
#   Decrease number of Java threads
#   Decrease Java thread stack sizes (-Xss)
#   Set larger code cache with -XX:ReservedCodeCacheSize=
#   JVM is running with Zero Based Compressed Oops mode in which the Java heap is
#     placed in the first 32GB address space. The Java Heap base address is the
#     maximum limit for the native heap growth. Please use -XX:HeapBaseMinAddress
#     to set the Java Heap base and to place the Java Heap above 32GB virtual address.
# This output file may be truncated or incomplete.
#
#  Out of Memory Error (os_windows.cpp:3618), pid=18876, tid=19148
#
# JRE version:  (17.0.15+6) (build )
# Java VM: OpenJDK 64-Bit Server VM (17.0.15+6, mixed mode, emulated-client, sharing, tiered, compressed oops, compressed class ptrs, g1 gc, windows-amd64)
# No core dump will be written. Minidumps are not enabled by default on client versions of Windows
#

---------------  S U M M A R Y ------------

Command Line: -XX:TieredStopAtLevel=1 com.optimize.elykia.core.OptimizeElykiaCoreApplication

Host: Intel(R) Core(TM) i5-8350U CPU @ 1.70GHz, 8 cores, 15G,  Windows 11 , 64 bit Build 26100 (10.0.26100.7705)
Time: Tue Feb 24 13:07:29 2026 Greenwich elapsed time: 2.082885 seconds (0d 0h 0m 2s)

---------------  T H R E A D  ---------------

Current thread (0x000001c1ad8ff9c0):  JavaThread "Unknown thread" [_thread_in_vm, id=19148, stack(0x0000002740800000,0x0000002740900000)]

Stack: [0x0000002740800000,0x0000002740900000]
Native frames: (J=compiled Java code, j=interpreted, Vv=VM code, C=native code)
V  [jvm.dll+0x682fc9]
V  [jvm.dll+0x839878]
V  [jvm.dll+0x83b323]
V  [jvm.dll+0x83b993]
V  [jvm.dll+0x24725f]
V  [jvm.dll+0x67fda9]
V  [jvm.dll+0x674c9a]
V  [jvm.dll+0x304d06]
V  [jvm.dll+0x30c1c6]
V  [jvm.dll+0x35dd4e]
V  [jvm.dll+0x35df8d]
V  [jvm.dll+0x2dc0cc]
V  [jvm.dll+0x2dcfe4]
V  [jvm.dll+0x80b7cb]
V  [jvm.dll+0x36b781]
V  [jvm.dll+0x7ea31f]
V  [jvm.dll+0x3f237e]
V  [jvm.dll+0x3f3eb1]
C  [jli.dll+0x5278]
C  [ucrtbase.dll+0x37b0]
C  [KERNEL32.DLL+0x2e8d7]
C  [ntdll.dll+0x8c40c]


---------------  P R O C E S S  ---------------

Threads class SMR info:
_java_thread_list=0x00007ff9e3057f58, length=0, elements={
}

Java Threads: ( => current thread )

Other Threads:
  0x000001c1ad974b80 GCTaskThread "GC Thread#0" [stack: 0x0000002740900000,0x0000002740a00000] [id=22420]
  0x000001c1ad986570 ConcurrentGCThread "G1 Main Marker" [stack: 0x0000002740a00000,0x0000002740b00000] [id=20212]
  0x000001c1ad98a750 ConcurrentGCThread "G1 Conc#0" [stack: 0x0000002740b00000,0x0000002740c00000] [id=13096]

[error occurred during error reporting (printing all threads), id 0xc0000005, EXCEPTION_ACCESS_VIOLATION (0xc0000005) at pc=0x00007ff9e280cbf7]

VM state: not at safepoint (not fully initialized)

VM Mutex/Monitor currently owned by a thread:  ([mutex/lock_event])
[0x000001c1ad8fb490] Heap_lock - owner thread: 0x000001c1ad8ff9c0

Heap address: 0x0000000702200000, size: 4062 MB, Compressed Oops mode: Zero based, Oop shift amount: 3

CDS archive(s) mapped at: [0x0000000000000000-0x0000000000000000-0x0000000000000000), size 0, SharedBaseAddress: 0x0000000800000000, ArchiveRelocationMode: 1.
Narrow klass base: 0x0000000000000000, Narrow klass shift: 0, Narrow klass range: 0x0

GC Precious Log:
<Empty>

Heap:
 garbage-first heap   total 0K, used 0K [0x0000000702200000, 0x0000000800000000)
  region size 2048K, 0 young (0K), 0 survivors (0K)

[error occurred during error reporting (printing heap information), id 0xc0000005, EXCEPTION_ACCESS_VIOLATION (0xc0000005) at pc=0x00007ff9e2bfc689]

GC Heap History (0 events):
No events

Dll operation events (1 events):
Event: 0.023 Loaded shared library C:\Program Files\Eclipse Adoptium\jdk-17.0.15.6-hotspot\bin\java.dll

Deoptimization events (0 events):
No events

Classes loaded (0 events):
No events

Classes unloaded (0 events):
No events

Classes redefined (0 events):
No events

Internal exceptions (0 events):
No events

VM Operations (0 events):
No events

Memory protections (0 events):
No events

Nmethod flushes (0 events):
No events

Events (0 events):
No events


Dynamic libraries:
0x00007ff6b23f0000 - 0x00007ff6b23fe000 	C:\Program Files\Eclipse Adoptium\jdk-17.0.15.6-hotspot\bin\java.exe
0x00007ffaa3540000 - 0x00007ffaa37a8000 	C:\WINDOWS\SYSTEM32\ntdll.dll
0x00007ffaa3100000 - 0x00007ffaa31c9000 	C:\WINDOWS\System32\KERNEL32.DLL
0x00007ffaa0aa0000 - 0x00007ffaa0e91000 	C:\WINDOWS\System32\KERNELBASE.dll
0x00007ffaa0ea0000 - 0x00007ffaa0feb000 	C:\WINDOWS\System32\ucrtbase.dll
0x00007ffa71280000 - 0x00007ffa71297000 	C:\Program Files\Eclipse Adoptium\jdk-17.0.15.6-hotspot\bin\jli.dll
0x00007ffa75050000 - 0x00007ffa7506e000 	C:\Program Files\Eclipse Adoptium\jdk-17.0.15.6-hotspot\bin\VCRUNTIME140.dll
0x00007ffaa2600000 - 0x00007ffaa27c6000 	C:\WINDOWS\System32\USER32.dll
0x00007ffaa0a70000 - 0x00007ffaa0a97000 	C:\WINDOWS\System32\win32u.dll
0x00007ffa892a0000 - 0x00007ffa89533000 	C:\WINDOWS\WinSxS\amd64_microsoft.windows.common-controls_6595b64144ccf1df_6.0.26100.7824_none_3e0870b2e3345462\COMCTL32.dll
0x00007ffaa27f0000 - 0x00007ffaa281b000 	C:\WINDOWS\System32\GDI32.dll
0x00007ffaa1af0000 - 0x00007ffaa1b99000 	C:\WINDOWS\System32\msvcrt.dll
0x00007ffa9feb0000 - 0x00007ffa9ffdb000 	C:\WINDOWS\System32\gdi32full.dll
0x00007ffa9ffe0000 - 0x00007ffaa0083000 	C:\WINDOWS\System32\msvcp_win.dll
0x00007ffaa1de0000 - 0x00007ffaa1e11000 	C:\WINDOWS\System32\IMM32.DLL
0x00007ffa8b5f0000 - 0x00007ffa8b5fc000 	C:\Program Files\Eclipse Adoptium\jdk-17.0.15.6-hotspot\bin\vcruntime140_1.dll
0x00007ffa0a8c0000 - 0x00007ffa0a94d000 	C:\Program Files\Eclipse Adoptium\jdk-17.0.15.6-hotspot\bin\msvcp140.dll
0x00007ff9e2520000 - 0x00007ff9e318b000 	C:\Program Files\Eclipse Adoptium\jdk-17.0.15.6-hotspot\bin\server\jvm.dll
0x00007ffaa3440000 - 0x00007ffaa34f4000 	C:\WINDOWS\System32\ADVAPI32.dll
0x00007ffaa1a40000 - 0x00007ffaa1ae6000 	C:\WINDOWS\System32\sechost.dll
0x00007ffaa1cc0000 - 0x00007ffaa1dd8000 	C:\WINDOWS\System32\RPCRT4.dll
0x00007ffaa2580000 - 0x00007ffaa25f4000 	C:\WINDOWS\System32\WS2_32.dll
0x00007ffa9fca0000 - 0x00007ffa9fcfe000 	C:\WINDOWS\SYSTEM32\POWRPROF.dll
0x00007ffa87dd0000 - 0x00007ffa87e05000 	C:\WINDOWS\SYSTEM32\WINMM.dll
0x00007ffa95b70000 - 0x00007ffa95b7b000 	C:\WINDOWS\SYSTEM32\VERSION.dll
0x00007ffa9fc80000 - 0x00007ffa9fc94000 	C:\WINDOWS\SYSTEM32\UMPDC.dll
0x00007ffa9eb80000 - 0x00007ffa9eb9b000 	C:\WINDOWS\SYSTEM32\kernel.appcore.dll
0x00007ffa8b580000 - 0x00007ffa8b58a000 	C:\Program Files\Eclipse Adoptium\jdk-17.0.15.6-hotspot\bin\jimage.dll
0x00007ffa97a80000 - 0x00007ffa97cc2000 	C:\WINDOWS\SYSTEM32\DBGHELP.DLL
0x00007ffaa28e0000 - 0x00007ffaa2c66000 	C:\WINDOWS\System32\combase.dll
0x00007ffaa2060000 - 0x00007ffaa2137000 	C:\WINDOWS\System32\OLEAUT32.dll
0x00007ffa73c90000 - 0x00007ffa73ccb000 	C:\WINDOWS\SYSTEM32\dbgcore.DLL
0x00007ffaa0ff0000 - 0x00007ffaa1095000 	C:\WINDOWS\System32\bcryptPrimitives.dll
0x00007ffa711d0000 - 0x00007ffa711f5000 	C:\Program Files\Eclipse Adoptium\jdk-17.0.15.6-hotspot\bin\java.dll

dbghelp: loaded successfully - version: 4.0.5 - missing functions: none
symbol engine: initialized successfully - sym options: 0x614 - pdb path: .;C:\Program Files\Eclipse Adoptium\jdk-17.0.15.6-hotspot\bin;C:\WINDOWS\SYSTEM32;C:\WINDOWS\WinSxS\amd64_microsoft.windows.common-controls_6595b64144ccf1df_6.0.26100.7824_none_3e0870b2e3345462;C:\Program Files\Eclipse Adoptium\jdk-17.0.15.6-hotspot\bin\server

VM Arguments:
jvm_args: -XX:TieredStopAtLevel=1 
java_command: com.optimize.elykia.core.OptimizeElykiaCoreApplication
java_class_path (initial): C:\Users\DELL\elykiaV2\ELYKIA\backend\target\classes;C:\Users\DELL\.m2\repository\ch\qos\logback\logback-classic\1.5.6\logback-classic-1.5.6.jar;C:\Users\DELL\.m2\repository\ch\qos\logback\logback-core\1.5.6\logback-core-1.5.6.jar;C:\Users\DELL\.m2\repository\org\apache\logging\log4j\log4j-to-slf4j\2.23.1\log4j-to-slf4j-2.23.1.jar;C:\Users\DELL\.m2\repository\org\slf4j\jul-to-slf4j\2.0.13\jul-to-slf4j-2.0.13.jar;C:\Users\DELL\.m2\repository\jakarta\annotation\jakarta.annotation-api\2.1.1\jakarta.annotation-api-2.1.1.jar;C:\Users\DELL\.m2\repository\org\yaml\snakeyaml\2.2\snakeyaml-2.2.jar;C:\Users\DELL\.m2\repository\org\springframework\boot\spring-boot-actuator-autoconfigure\3.3.0\spring-boot-actuator-autoconfigure-3.3.0.jar;C:\Users\DELL\.m2\repository\org\springframework\boot\spring-boot-actuator\3.3.0\spring-boot-actuator-3.3.0.jar;C:\Users\DELL\.m2\repository\com\fasterxml\jackson\datatype\jackson-datatype-jsr310\2.17.1\jackson-datatype-jsr310-2.17.1.jar;C:\Users\DELL\.m2\repository\io\micrometer\micrometer-observation\1.13.0\micrometer-observation-1.13.0.jar;C:\Users\DELL\.m2\repository\io\micrometer\micrometer-commons\1.13.0\micrometer-commons-1.13.0.jar;C:\Users\DELL\.m2\repository\io\micrometer\micrometer-jakarta9\1.13.0\micrometer-jakarta9-1.13.0.jar;C:\Users\DELL\.m2\repository\io\micrometer\micrometer-core\1.13.0\micrometer-core-1.13.0.jar;C:\Users\DELL\.m2\repository\org\hdrhistogram\HdrHistogram\2.2.1\HdrHistogram-2.2.1.jar;C:\Users\DELL\.m2\repository\org\latencyutils\LatencyUtils\2.0.3\LatencyUtils-2.0.3.jar;C:\Users\DELL\.m2\repository\org\springframework\spring-aop\6.1.8\spring-aop-6.1.8.jar;C:\Users\DELL\.m2\repository\org\aspectj\aspectjweaver\1.9.22\aspectjweaver-1.9.22.jar;C:\Users\DELL\.m2\repository\com\zaxxer\HikariCP\5.1.0\HikariCP-5.1.0.jar;C:\Users\DELL\.m2\repository\org\springframework\spring-jdbc\6.1.8\spring-jdbc-6.1.8.jar;C:\Users\DELL\.m2\repository\org\hibernate\orm\hibernate-core\6.5.2.Final\hibernate-
Launcher Type: SUN_STANDARD

[Global flags]
     intx CICompilerCount                          = 4                                         {product} {ergonomic}
     uint ConcGCThreads                            = 2                                         {product} {ergonomic}
     uint G1ConcRefinementThreads                  = 8                                         {product} {ergonomic}
   size_t G1HeapRegionSize                         = 2097152                                   {product} {ergonomic}
    uintx GCDrainStackTargetSize                   = 64                                        {product} {ergonomic}
   size_t InitialHeapSize                          = 266338304                                 {product} {ergonomic}
   size_t MarkStackSize                            = 4194304                                   {product} {ergonomic}
   size_t MaxHeapSize                              = 4259315712                                {product} {ergonomic}
   size_t MinHeapDeltaBytes                        = 2097152                                   {product} {ergonomic}
   size_t MinHeapSize                              = 8388608                                   {product} {ergonomic}
    uintx NonProfiledCodeHeapSize                  = 0                                      {pd product} {ergonomic}
     bool ProfileInterpreter                       = false                                  {pd product} {command line}
    uintx ProfiledCodeHeapSize                     = 0                                      {pd product} {ergonomic}
   size_t SoftMaxHeapSize                          = 4259315712                             {manageable} {ergonomic}
     intx TieredStopAtLevel                        = 1                                         {product} {command line}
     bool UseCompressedClassPointers               = true                           {product lp64_product} {ergonomic}
     bool UseCompressedOops                        = true                           {product lp64_product} {ergonomic}
     bool UseG1GC                                  = true                                      {product} {ergonomic}
     bool UseLargePagesIndividualAllocation        = false                                  {pd product} {ergonomic}

Logging:
Log output configuration:
 #0: stdout all=warning uptime,level,tags
 #1: stderr all=off uptime,level,tags

Environment Variables:
JAVA_HOME=C:\Program Files\Eclipse Adoptium\jdk-17.0.15.6-hotspot
PATH=C:\Program Files\Eclipse Adoptium\jdk-17.0.15.6-hotspot\bin;C:\Program Files (x86)\VMware\VMware Workstation\bin\;C:\Python312\Scripts\;C:\Python312\;C:\Program Files\Common Files\Oracle\Java\javapath;C:\WINDOWS\system32;C:\WINDOWS;C:\WINDOWS\System32\Wbem;C:\WINDOWS\System32\WindowsPowerShell\v1.0\;C:\WINDOWS\System32\OpenSSH\;C:\Program Files\dotnet\;C:\Program Files\Git\cmd;C:\Program Files\Microsoft SQL Server\150\Tools\Binn\;C:\ProgramData\chocolatey\bin;C:\Program Files\PuTTY\;C:\composer;C:\Users\DELL\AppData\Local\nvm;C:\nvm4w\nodejs;C:\Users\DELL\AppData\Local\Microsoft\WindowsApps;C:\Users\DELL\AppData\Local\Programs\Microsoft VS Code\bin;C:\Program Files\JetBrains\PyCharm Community Edition 2022.2.3\bin;;C:\xampp\php;C:\Program Files\JetBrains\IntelliJ IDEA 2025.2.4\bin;C:\Users\DELL\OneDrive\Bureau\USER\flutter\bin;C:\Program Files\JetBrains\PyCharm 2025.2.4\bin;C:\Users\DELL\AppData\Roaming\npm;C:\Program Files\JetBrains\IntelliJ IDEA Community Edition 2024.2.1\bin;;C:\src\flutter\bin;C:\Users\DELL\AppData\Roaming\Composer\vendor\bin;C:\Users\DELL\AppData\Local\Pub\Cache\bin;C:\Program Files\Eclipse Adoptium\jdk-17.0.15.6-hotspot\bin;C:\Users\DELL\AppData\Roaming\Python\Python312\Scripts;C:\Program Files\Java\jdk-22\bin;C:\Users\DELL\AppData\Local\nvm;C:\nvm4w\nodejs;C:\Users\DELL\AppData\Local\Google\Cloud SDK\google-cloud-sdk\bin;C:\Users\DELL\AppData\Local\Programs\Antigravity\bin;C:\Users\DELL\AppData\Local\Programs\Kiro\bin
USERNAME=DELL
OS=Windows_NT
PROCESSOR_IDENTIFIER=Intel64 Family 6 Model 142 Stepping 10, GenuineIntel
TMP=C:\Users\DELL\AppData\Local\Temp
TEMP=C:\Users\DELL\AppData\Local\Temp



Periodic native trim disabled


---------------  S Y S T E M  ---------------

OS:
 Windows 11 , 64 bit Build 26100 (10.0.26100.7705)
OS uptime: 4 days 18:29 hours
Hyper-V role detected

CPU: total 8 (initial active 8) (4 cores per cpu, 2 threads per core) family 6 model 142 stepping 10 microcode 0xf4, cx8, cmov, fxsr, ht, mmx, 3dnowpref, sse, sse2, sse3, ssse3, sse4.1, sse4.2, popcnt, lzcnt, tsc, tscinvbit, avx, avx2, aes, erms, clmul, bmi1, bmi2, rtm, adx, fma, vzeroupper, clflush, clflushopt, hv
Processor Information for all 8 processors :
  Max Mhz: 1896, Current Mhz: 1696, Mhz Limit: 1687

Memory: 4k page, system-wide physical 16242M (3482M free)
TotalPageFile size 23642M (AvailPageFile size 208M)
current process WorkingSet (physical memory assigned to process): 12M, peak: 12M
current process commit charge ("private bytes"): 55M, peak: 309M

vm_info: OpenJDK 64-Bit Server VM (17.0.15+6) for windows-amd64 JRE (17.0.15+6), built on Apr 15 2025 21:25:47 by "admin" with MS VC++ 17.7 (VS2022)

END.
