#
# There is insufficient memory for the Java Runtime Environment to continue.
# Native memory allocation (malloc) failed to allocate 131088 bytes. Error detail: Chunk::new
# Possible reasons:
#   The system is out of physical RAM or swap space
#   This process is running with CompressedOops enabled, and the Java Heap may be blocking the growth of the native heap
# Possible solutions:
#   Reduce memory load on the system
#   Increase physical memory or swap space
#   Check if swap backing store is full
#   Decrease Java heap size (-Xmx/-Xms)
#   Decrease number of Java threads
#   Decrease Java thread stack sizes (-Xss)
#   Set larger code cache with -XX:ReservedCodeCacheSize=
#   JVM is running with Zero Based Compressed Oops mode in which the Java heap is
#     placed in the first 32GB address space. The Java Heap base address is the
#     maximum limit for the native heap growth. Please use -XX:HeapBaseMinAddress
#     to set the Java Heap base and to place the Java Heap above 32GB virtual address.
# This output file may be truncated or incomplete.
#
#  Out of Memory Error (arena.cpp:191), pid=6836, tid=21044
#
# JRE version: OpenJDK Runtime Environment Temurin-17.0.15+6 (17.0.15+6) (build 17.0.15+6)
# Java VM: OpenJDK 64-Bit Server VM Temurin-17.0.15+6 (17.0.15+6, mixed mode, sharing, tiered, compressed oops, compressed class ptrs, g1 gc, windows-amd64)
# No core dump will be written. Minidumps are not enabled by default on client versions of Windows
#

---------------  S U M M A R Y ------------

Command Line: target\optimize-elykia-core-1.0.0.jar --spring.profiles.active=jeff

Host: Intel(R) Core(TM) i5-8350U CPU @ 1.70GHz, 8 cores, 15G,  Windows 11 , 64 bit Build 26100 (10.0.26100.7623)
Time: Thu Jan 22 13:52:56 2026 Greenwich elapsed time: 6130.299023 seconds (0d 1h 42m 10s)

---------------  T H R E A D  ---------------

Current thread (0x0000022050861070):  JavaThread "C2 CompilerThread0" daemon [_thread_in_native, id=21044, stack(0x0000009226d00000,0x0000009226e00000)]


Current CompileTask:
C2:6130299 20008       4       org.springframework.web.util.UriComponentsBuilder$CompositePathComponentBuilder::build (118 bytes)

Stack: [0x0000009226d00000,0x0000009226e00000]
Native frames: (J=compiled Java code, j=interpreted, Vv=VM code, C=native code)
V  [jvm.dll+0x682fc9]
V  [jvm.dll+0x839878]
V  [jvm.dll+0x83b323]
V  [jvm.dll+0x83b993]
V  [jvm.dll+0x24725f]
V  [jvm.dll+0xacea4]
V  [jvm.dll+0xad53c]
V  [jvm.dll+0x6a858f]
V  [jvm.dll+0x6a89d3]
V  [jvm.dll+0x6aa5c7]
V  [jvm.dll+0x6a8f8a]
V  [jvm.dll+0x2210f9]
V  [jvm.dll+0x2214af]
V  [jvm.dll+0x21a4b0]
V  [jvm.dll+0x21758b]
V  [jvm.dll+0x1a31b0]
V  [jvm.dll+0x227a9c]
V  [jvm.dll+0x225bfb]
V  [jvm.dll+0x7ef018]
V  [jvm.dll+0x7e94dc]
V  [jvm.dll+0x681ea7]
C  [ucrtbase.dll+0x37b0]
C  [KERNEL32.DLL+0x2e8d7]
C  [ntdll.dll+0x8c53c]


---------------  P R O C E S S  ---------------

Threads class SMR info:
_java_thread_list=0x00000220985296f0, length=32, elements={
0x00000220506f3ef0, 0x00000220506f5620, 0x0000022050850850, 0x0000022050853220,
0x0000022050855760, 0x0000022050856c90, 0x0000022050861070, 0x0000022050869af0,
0x0000022050874cd0, 0x000002205099d770, 0x00000220509a08c0, 0x0000022050b71db0,
0x0000022099aae510, 0x0000022099ab0370, 0x0000022099aad5e0, 0x000002209cde4900,
0x000002209cde1150, 0x000002209cde1660, 0x0000022097d21350, 0x0000022097d22790,
0x0000022097d1fa00, 0x0000022097d1ff10, 0x0000022097d20e40, 0x0000022097d22280,
0x0000022097d21860, 0x0000022097d21d70, 0x0000022097d20420, 0x0000022097d23bd0,
0x0000022097d240e0, 0x0000022097d245f0, 0x000002209cde2590, 0x00000220977e96b0
}

Java Threads: ( => current thread )
  0x00000220506f3ef0 JavaThread "Reference Handler" daemon [_thread_blocked, id=16368, stack(0x0000009226700000,0x0000009226800000)]
  0x00000220506f5620 JavaThread "Finalizer" daemon [_thread_blocked, id=3332, stack(0x0000009226800000,0x0000009226900000)]
  0x0000022050850850 JavaThread "Signal Dispatcher" daemon [_thread_blocked, id=19724, stack(0x0000009226900000,0x0000009226a00000)]
  0x0000022050853220 JavaThread "Attach Listener" daemon [_thread_blocked, id=25544, stack(0x0000009226a00000,0x0000009226b00000)]
  0x0000022050855760 JavaThread "Service Thread" daemon [_thread_blocked, id=24208, stack(0x0000009226b00000,0x0000009226c00000)]
  0x0000022050856c90 JavaThread "Monitor Deflation Thread" daemon [_thread_blocked, id=26072, stack(0x0000009226c00000,0x0000009226d00000)]
=>0x0000022050861070 JavaThread "C2 CompilerThread0" daemon [_thread_in_native, id=21044, stack(0x0000009226d00000,0x0000009226e00000)]
  0x0000022050869af0 JavaThread "C1 CompilerThread0" daemon [_thread_blocked, id=12392, stack(0x0000009226e00000,0x0000009226f00000)]
  0x0000022050874cd0 JavaThread "Sweeper thread" daemon [_thread_blocked, id=23032, stack(0x0000009226f00000,0x0000009227000000)]
  0x000002205099d770 JavaThread "Notification Thread" daemon [_thread_blocked, id=17308, stack(0x0000009227000000,0x0000009227100000)]
  0x00000220509a08c0 JavaThread "Common-Cleaner" daemon [_thread_blocked, id=11528, stack(0x0000009227200000,0x0000009227300000)]
  0x0000022050b71db0 JavaThread "Cleaner-0" daemon [_thread_blocked, id=2908, stack(0x0000009227300000,0x0000009227400000)]
  0x0000022099aae510 JavaThread "PostgreSQL-JDBC-Cleaner" daemon [_thread_blocked, id=26180, stack(0x0000009227f00000,0x0000009228000000)]
  0x0000022099ab0370 JavaThread "HikariPool-1 housekeeper" daemon [_thread_blocked, id=16908, stack(0x0000009228000000,0x0000009228100000)]
  0x0000022099aad5e0 JavaThread "Catalina-utility-1" [_thread_blocked, id=22984, stack(0x0000009228100000,0x0000009228200000)]
  0x000002209cde4900 JavaThread "Catalina-utility-2" [_thread_blocked, id=12364, stack(0x0000009228200000,0x0000009228300000)]
  0x000002209cde1150 JavaThread "http-nio-8081-exec-1" daemon [_thread_blocked, id=20308, stack(0x0000009228300000,0x0000009228400000)]
  0x000002209cde1660 JavaThread "http-nio-8081-exec-2" daemon [_thread_blocked, id=4876, stack(0x0000009228400000,0x0000009228500000)]
  0x0000022097d21350 JavaThread "http-nio-8081-exec-3" daemon [_thread_blocked, id=22364, stack(0x0000009228500000,0x0000009228600000)]
  0x0000022097d22790 JavaThread "http-nio-8081-exec-4" daemon [_thread_blocked, id=3216, stack(0x0000009228600000,0x0000009228700000)]
  0x0000022097d1fa00 JavaThread "http-nio-8081-exec-5" daemon [_thread_blocked, id=17832, stack(0x0000009228700000,0x0000009228800000)]
  0x0000022097d1ff10 JavaThread "http-nio-8081-exec-6" daemon [_thread_blocked, id=21816, stack(0x0000009228800000,0x0000009228900000)]
  0x0000022097d20e40 JavaThread "http-nio-8081-exec-7" daemon [_thread_blocked, id=23256, stack(0x0000009228900000,0x0000009228a00000)]
  0x0000022097d22280 JavaThread "http-nio-8081-exec-8" daemon [_thread_blocked, id=12808, stack(0x0000009228a00000,0x0000009228b00000)]
  0x0000022097d21860 JavaThread "http-nio-8081-exec-9" daemon [_thread_blocked, id=10620, stack(0x0000009228b00000,0x0000009228c00000)]
  0x0000022097d21d70 JavaThread "http-nio-8081-exec-10" daemon [_thread_blocked, id=20640, stack(0x0000009228c00000,0x0000009228d00000)]
  0x0000022097d20420 JavaThread "container-0" [_thread_blocked, id=15292, stack(0x0000009228d00000,0x0000009228e00000)]
  0x0000022097d23bd0 JavaThread "http-nio-8081-Poller" daemon [_thread_in_native, id=14272, stack(0x0000009225d00000,0x0000009225e00000)]
  0x0000022097d240e0 JavaThread "http-nio-8081-Acceptor" daemon [_thread_in_native, id=10936, stack(0x0000009228f00000,0x0000009229000000)]
  0x0000022097d245f0 JavaThread "scheduling-1" [_thread_blocked, id=10388, stack(0x0000009229000000,0x0000009229100000)]
  0x000002209cde2590 JavaThread "registrationTask1" [_thread_blocked, id=4232, stack(0x0000009227400000,0x0000009227500000)]
  0x00000220977e96b0 JavaThread "DestroyJavaVM" [_thread_blocked, id=21900, stack(0x0000009226000000,0x0000009226100000)]

Other Threads:
  0x00000220506ede40 VMThread "VM Thread" [stack: 0x0000009226600000,0x0000009226700000] [id=6100]
  0x00000220509a0060 WatcherThread [stack: 0x0000009227100000,0x0000009227200000] [id=25872]
  0x000002202d798830 GCTaskThread "GC Thread#0" [stack: 0x0000009226100000,0x0000009226200000] [id=856]
  0x0000022050c3ea00 GCTaskThread "GC Thread#1" [stack: 0x0000009227500000,0x0000009227600000] [id=20740]
  0x0000022096586160 GCTaskThread "GC Thread#2" [stack: 0x0000009227600000,0x0000009227700000] [id=6664]
  0x00000220968b2af0 GCTaskThread "GC Thread#3" [stack: 0x0000009227700000,0x0000009227800000] [id=10512]
  0x00000220968b2db0 GCTaskThread "GC Thread#4" [stack: 0x0000009227800000,0x0000009227900000] [id=2400]
  0x00000220968b3070 GCTaskThread "GC Thread#5" [stack: 0x0000009227900000,0x0000009227a00000] [id=2536]
  0x0000022096eec5a0 GCTaskThread "GC Thread#6" [stack: 0x0000009227b00000,0x0000009227c00000] [id=19096]
  0x0000022098377bf0 GCTaskThread "GC Thread#7" [stack: 0x0000009227c00000,0x0000009227d00000] [id=2928]
  0x000002202d7aa220 ConcurrentGCThread "G1 Main Marker" [stack: 0x0000009226200000,0x0000009226300000] [id=18272]
  0x000002202d7aac40 ConcurrentGCThread "G1 Conc#0" [stack: 0x0000009226300000,0x0000009226400000] [id=12548]
  0x0000022096c073f0 ConcurrentGCThread "G1 Conc#1" [stack: 0x0000009227e00000,0x0000009227f00000] [id=26528]
  0x00000220505a86a0 ConcurrentGCThread "G1 Refine#0" [stack: 0x0000009226400000,0x0000009226500000] [id=25472]
  0x00000220995c6ce0 ConcurrentGCThread "G1 Refine#1" [stack: 0x0000009228e00000,0x0000009228f00000] [id=24900]
  0x00000220505aa0e0 ConcurrentGCThread "G1 Service" [stack: 0x0000009226500000,0x0000009226600000] [id=10032]

Threads with active compile tasks:
C2 CompilerThread0  6130360 20008       4       org.springframework.web.util.UriComponentsBuilder$CompositePathComponentBuilder::build (118 bytes)

VM state: not at safepoint (normal execution)

VM Mutex/Monitor currently owned by a thread: None

Heap address: 0x0000000702200000, size: 4062 MB, Compressed Oops mode: Zero based, Oop shift amount: 3

CDS archive(s) mapped at: [0x0000022051000000-0x0000022051bb0000-0x0000022051bb0000), size 12255232, SharedBaseAddress: 0x0000022051000000, ArchiveRelocationMode: 1.
Compressed class space mapped at: 0x0000022052000000-0x0000022092000000, reserved size: 1073741824
Narrow klass base: 0x0000022051000000, Narrow klass shift: 0, Narrow klass range: 0x100000000

GC Precious Log:
 CPUs: 8 total, 8 available
 Memory: 16242M
 Large Page Support: Disabled
 NUMA Support: Disabled
 Compressed Oops: Enabled (Zero based)
 Heap Region Size: 2M
 Heap Min Capacity: 8M
 Heap Initial Capacity: 254M
 Heap Max Capacity: 4062M
 Pre-touch: Disabled
 Parallel Workers: 8
 Concurrent Workers: 2
 Concurrent Refinement Workers: 8
 Periodic GC: Disabled

Heap:
 garbage-first heap   total 268288K, used 122728K [0x0000000702200000, 0x0000000800000000)
  region size 2048K, 13 young (26624K), 1 survivors (2048K)
 Metaspace       used 111515K, committed 112384K, reserved 1179648K
  class space    used 14486K, committed 14912K, reserved 1048576K

Heap Regions: E=young(eden), S=young(survivor), O=old, HS=humongous(starts), HC=humongous(continues), CS=collection set, F=free, OA=open archive, CA=closed archive, TAMS=top-at-mark-start (previous, next)
|   0|0x0000000702200000, 0x0000000702400000, 0x0000000702400000|100%| O|  |TAMS 0x0000000702400000, 0x0000000702200000| Untracked 
|   1|0x0000000702400000, 0x0000000702400000, 0x0000000702600000|  0%| F|  |TAMS 0x0000000702400000, 0x0000000702400000| Untracked 
|   2|0x0000000702600000, 0x0000000702800000, 0x0000000702800000|100%| O|  |TAMS 0x0000000702800000, 0x0000000702600000| Untracked 
|   3|0x0000000702800000, 0x0000000702a00000, 0x0000000702a00000|100%| O|  |TAMS 0x0000000702a00000, 0x0000000702800000| Untracked 
|   4|0x0000000702a00000, 0x0000000702c00000, 0x0000000702c00000|100%| O|  |TAMS 0x0000000702c00000, 0x0000000702a00000| Untracked 
|   5|0x0000000702c00000, 0x0000000702e00000, 0x0000000702e00000|100%| O|  |TAMS 0x0000000702e00000, 0x0000000702c00000| Untracked 
|   6|0x0000000702e00000, 0x0000000703000000, 0x0000000703000000|100%| O|  |TAMS 0x0000000703000000, 0x0000000702e00000| Untracked 
|   7|0x0000000703000000, 0x0000000703200000, 0x0000000703200000|100%| O|  |TAMS 0x0000000703200000, 0x0000000703000000| Untracked 
|   8|0x0000000703200000, 0x0000000703200000, 0x0000000703400000|  0%| F|  |TAMS 0x0000000703200000, 0x0000000703200000| Untracked 
|   9|0x0000000703400000, 0x0000000703600000, 0x0000000703600000|100%| O|  |TAMS 0x0000000703600000, 0x0000000703400000| Untracked 
|  10|0x0000000703600000, 0x0000000703800000, 0x0000000703800000|100%| O|  |TAMS 0x0000000703800000, 0x0000000703600000| Untracked 
|  11|0x0000000703800000, 0x0000000703800000, 0x0000000703a00000|  0%| F|  |TAMS 0x0000000703800000, 0x0000000703800000| Untracked 
|  12|0x0000000703a00000, 0x0000000703c00000, 0x0000000703c00000|100%| O|  |TAMS 0x0000000703c00000, 0x0000000703a00000| Untracked 
|  13|0x0000000703c00000, 0x0000000703e00000, 0x0000000703e00000|100%| O|  |TAMS 0x0000000703e00000, 0x0000000703c00000| Untracked 
|  14|0x0000000703e00000, 0x0000000704000000, 0x0000000704000000|100%| O|  |TAMS 0x0000000704000000, 0x0000000703e00000| Untracked 
|  15|0x0000000704000000, 0x0000000704200000, 0x0000000704200000|100%| O|  |TAMS 0x0000000704200000, 0x0000000704000000| Untracked 
|  16|0x0000000704200000, 0x0000000704400000, 0x0000000704400000|100%| O|  |TAMS 0x0000000704400000, 0x0000000704200000| Untracked 
|  17|0x0000000704400000, 0x0000000704600000, 0x0000000704600000|100%| O|  |TAMS 0x0000000704600000, 0x0000000704400000| Untracked 
|  18|0x0000000704600000, 0x0000000704800000, 0x0000000704800000|100%| O|  |TAMS 0x0000000704800000, 0x0000000704600000| Untracked 
|  19|0x0000000704800000, 0x0000000704a00000, 0x0000000704a00000|100%| O|  |TAMS 0x0000000704a00000, 0x0000000704800000| Untracked 
|  20|0x0000000704a00000, 0x0000000704c00000, 0x0000000704c00000|100%| O|  |TAMS 0x0000000704c00000, 0x0000000704a00000| Untracked 
|  21|0x0000000704c00000, 0x0000000704e00000, 0x0000000704e00000|100%| O|  |TAMS 0x0000000704e00000, 0x0000000704c00000| Untracked 
|  22|0x0000000704e00000, 0x0000000705000000, 0x0000000705000000|100%| O|  |TAMS 0x0000000705000000, 0x0000000704e00000| Untracked 
|  23|0x0000000705000000, 0x0000000705200000, 0x0000000705200000|100%| O|  |TAMS 0x0000000705200000, 0x0000000705000000| Untracked 
|  24|0x0000000705200000, 0x0000000705400000, 0x0000000705400000|100%| O|  |TAMS 0x0000000705400000, 0x0000000705200000| Untracked 
|  25|0x0000000705400000, 0x0000000705600000, 0x0000000705600000|100%| O|  |TAMS 0x0000000705400000, 0x0000000705400000| Untracked 
|  26|0x0000000705600000, 0x0000000705800000, 0x0000000705800000|100%| O|  |TAMS 0x0000000705600000, 0x0000000705600000| Untracked 
|  27|0x0000000705800000, 0x0000000705a00000, 0x0000000705a00000|100%| O|  |TAMS 0x0000000705800000, 0x0000000705800000| Untracked 
|  28|0x0000000705a00000, 0x0000000705c00000, 0x0000000705c00000|100%| O|  |TAMS 0x0000000705c00000, 0x0000000705a00000| Untracked 
|  29|0x0000000705c00000, 0x0000000705e00000, 0x0000000705e00000|100%| O|  |TAMS 0x0000000705e00000, 0x0000000705c00000| Untracked 
|  30|0x0000000705e00000, 0x0000000706000000, 0x0000000706000000|100%| O|  |TAMS 0x0000000706000000, 0x0000000705e00000| Untracked 
|  31|0x0000000706000000, 0x0000000706000000, 0x0000000706200000|  0%| F|  |TAMS 0x0000000706000000, 0x0000000706000000| Untracked 
|  32|0x0000000706200000, 0x0000000706200000, 0x0000000706400000|  0%| F|  |TAMS 0x0000000706200000, 0x0000000706200000| Untracked 
|  33|0x0000000706400000, 0x0000000706400000, 0x0000000706600000|  0%| F|  |TAMS 0x0000000706400000, 0x0000000706400000| Untracked 
|  34|0x0000000706600000, 0x0000000706600000, 0x0000000706800000|  0%| F|  |TAMS 0x0000000706600000, 0x0000000706600000| Untracked 
|  35|0x0000000706800000, 0x0000000706800000, 0x0000000706a00000|  0%| F|  |TAMS 0x0000000706800000, 0x0000000706800000| Untracked 
|  36|0x0000000706a00000, 0x0000000706a00000, 0x0000000706c00000|  0%| F|  |TAMS 0x0000000706a00000, 0x0000000706a00000| Untracked 
|  37|0x0000000706c00000, 0x0000000706e00000, 0x0000000706e00000|100%| O|  |TAMS 0x0000000706e00000, 0x0000000706c00000| Untracked 
|  38|0x0000000706e00000, 0x0000000707000000, 0x0000000707000000|100%| O|  |TAMS 0x0000000707000000, 0x0000000706e00000| Untracked 
|  39|0x0000000707000000, 0x0000000707000000, 0x0000000707200000|  0%| F|  |TAMS 0x0000000707000000, 0x0000000707000000| Untracked 
|  40|0x0000000707200000, 0x0000000707400000, 0x0000000707400000|100%| O|  |TAMS 0x0000000707400000, 0x0000000707200000| Untracked 
|  41|0x0000000707400000, 0x0000000707400000, 0x0000000707600000|  0%| F|  |TAMS 0x0000000707400000, 0x0000000707400000| Untracked 
|  42|0x0000000707600000, 0x0000000707600000, 0x0000000707800000|  0%| F|  |TAMS 0x0000000707600000, 0x0000000707600000| Untracked 
|  43|0x0000000707800000, 0x0000000707800000, 0x0000000707a00000|  0%| F|  |TAMS 0x0000000707800000, 0x0000000707800000| Untracked 
|  44|0x0000000707a00000, 0x0000000707c00000, 0x0000000707c00000|100%| O|  |TAMS 0x0000000707c00000, 0x0000000707a00000| Untracked 
|  45|0x0000000707c00000, 0x0000000707e00000, 0x0000000707e00000|100%| O|  |TAMS 0x0000000707e00000, 0x0000000707c00000| Untracked 
|  46|0x0000000707e00000, 0x0000000708000000, 0x0000000708000000|100%| O|  |TAMS 0x0000000708000000, 0x0000000707e00000| Untracked 
|  47|0x0000000708000000, 0x0000000708200000, 0x0000000708200000|100%| O|  |TAMS 0x0000000708200000, 0x0000000708000000| Untracked 
|  48|0x0000000708200000, 0x0000000708400000, 0x0000000708400000|100%| O|  |TAMS 0x0000000708400000, 0x0000000708200000| Untracked 
|  49|0x0000000708400000, 0x0000000708600000, 0x0000000708600000|100%| O|  |TAMS 0x0000000708600000, 0x0000000708400000| Untracked 
|  50|0x0000000708600000, 0x0000000708800000, 0x0000000708800000|100%| O|  |TAMS 0x0000000708800000, 0x0000000708600000| Untracked 
|  51|0x0000000708800000, 0x0000000708a00000, 0x0000000708a00000|100%| O|  |TAMS 0x0000000708a00000, 0x0000000708800000| Untracked 
|  52|0x0000000708a00000, 0x0000000708c00000, 0x0000000708c00000|100%| O|  |TAMS 0x0000000708c00000, 0x0000000708a00000| Untracked 
|  53|0x0000000708c00000, 0x0000000708e00000, 0x0000000708e00000|100%| O|  |TAMS 0x0000000708e00000, 0x0000000708c00000| Untracked 
|  54|0x0000000708e00000, 0x0000000709000000, 0x0000000709000000|100%| O|  |TAMS 0x0000000708ec5e00, 0x0000000708e00000| Untracked 
|  55|0x0000000709000000, 0x0000000709200000, 0x0000000709200000|100%| O|  |TAMS 0x0000000709000000, 0x0000000709000000| Untracked 
|  56|0x0000000709200000, 0x0000000709400000, 0x0000000709400000|100%| O|  |TAMS 0x0000000709200000, 0x0000000709200000| Untracked 
|  57|0x0000000709400000, 0x0000000709600000, 0x0000000709600000|100%| O|  |TAMS 0x0000000709400000, 0x0000000709400000| Untracked 
|  58|0x0000000709600000, 0x0000000709800000, 0x0000000709800000|100%| O|  |TAMS 0x0000000709600000, 0x0000000709600000| Untracked 
|  59|0x0000000709800000, 0x0000000709a00000, 0x0000000709a00000|100%| O|  |TAMS 0x0000000709800000, 0x0000000709800000| Untracked 
|  60|0x0000000709a00000, 0x0000000709c00000, 0x0000000709c00000|100%| O|  |TAMS 0x0000000709a00000, 0x0000000709a00000| Untracked 
|  61|0x0000000709c00000, 0x0000000709c51200, 0x0000000709e00000| 15%| O|  |TAMS 0x0000000709c00000, 0x0000000709c00000| Untracked 
|  62|0x0000000709e00000, 0x0000000709e00000, 0x000000070a000000|  0%| F|  |TAMS 0x0000000709e00000, 0x0000000709e00000| Untracked 
|  63|0x000000070a000000, 0x000000070a000000, 0x000000070a200000|  0%| F|  |TAMS 0x000000070a000000, 0x000000070a000000| Untracked 
|  64|0x000000070a200000, 0x000000070a200000, 0x000000070a400000|  0%| F|  |TAMS 0x000000070a200000, 0x000000070a200000| Untracked 
|  65|0x000000070a400000, 0x000000070a400000, 0x000000070a600000|  0%| F|  |TAMS 0x000000070a400000, 0x000000070a400000| Untracked 
|  66|0x000000070a600000, 0x000000070a600000, 0x000000070a800000|  0%| F|  |TAMS 0x000000070a600000, 0x000000070a600000| Untracked 
|  67|0x000000070a800000, 0x000000070a800000, 0x000000070aa00000|  0%| F|  |TAMS 0x000000070a800000, 0x000000070a800000| Untracked 
|  68|0x000000070aa00000, 0x000000070aa00000, 0x000000070ac00000|  0%| F|  |TAMS 0x000000070aa00000, 0x000000070aa00000| Untracked 
|  69|0x000000070ac00000, 0x000000070ac00000, 0x000000070ae00000|  0%| F|  |TAMS 0x000000070ac00000, 0x000000070ac00000| Untracked 
|  70|0x000000070ae00000, 0x000000070ae00000, 0x000000070b000000|  0%| F|  |TAMS 0x000000070ae00000, 0x000000070ae00000| Untracked 
|  71|0x000000070b000000, 0x000000070b000000, 0x000000070b200000|  0%| F|  |TAMS 0x000000070b000000, 0x000000070b000000| Untracked 
|  72|0x000000070b200000, 0x000000070b200000, 0x000000070b400000|  0%| F|  |TAMS 0x000000070b200000, 0x000000070b200000| Untracked 
|  73|0x000000070b400000, 0x000000070b400000, 0x000000070b600000|  0%| F|  |TAMS 0x000000070b400000, 0x000000070b400000| Untracked 
|  74|0x000000070b600000, 0x000000070b600000, 0x000000070b800000|  0%| F|  |TAMS 0x000000070b600000, 0x000000070b600000| Untracked 
|  75|0x000000070b800000, 0x000000070b800000, 0x000000070ba00000|  0%| F|  |TAMS 0x000000070b800000, 0x000000070b800000| Untracked 
|  76|0x000000070ba00000, 0x000000070ba00000, 0x000000070bc00000|  0%| F|  |TAMS 0x000000070ba00000, 0x000000070ba00000| Untracked 
|  77|0x000000070bc00000, 0x000000070bc00000, 0x000000070be00000|  0%| F|  |TAMS 0x000000070bc00000, 0x000000070bc00000| Untracked 
|  78|0x000000070be00000, 0x000000070be00000, 0x000000070c000000|  0%| F|  |TAMS 0x000000070be00000, 0x000000070be00000| Untracked 
|  79|0x000000070c000000, 0x000000070c000000, 0x000000070c200000|  0%| F|  |TAMS 0x000000070c000000, 0x000000070c000000| Untracked 
|  80|0x000000070c200000, 0x000000070c200000, 0x000000070c400000|  0%| F|  |TAMS 0x000000070c200000, 0x000000070c200000| Untracked 
|  81|0x000000070c400000, 0x000000070c400000, 0x000000070c600000|  0%| F|  |TAMS 0x000000070c400000, 0x000000070c400000| Untracked 
|  82|0x000000070c600000, 0x000000070c600000, 0x000000070c800000|  0%| F|  |TAMS 0x000000070c600000, 0x000000070c600000| Untracked 
|  83|0x000000070c800000, 0x000000070c800000, 0x000000070ca00000|  0%| F|  |TAMS 0x000000070c800000, 0x000000070c800000| Untracked 
|  84|0x000000070ca00000, 0x000000070ca00000, 0x000000070cc00000|  0%| F|  |TAMS 0x000000070ca00000, 0x000000070ca00000| Untracked 
|  85|0x000000070cc00000, 0x000000070cc00000, 0x000000070ce00000|  0%| F|  |TAMS 0x000000070cc00000, 0x000000070cc00000| Untracked 
|  86|0x000000070ce00000, 0x000000070ce00000, 0x000000070d000000|  0%| F|  |TAMS 0x000000070ce00000, 0x000000070ce00000| Untracked 
|  87|0x000000070d000000, 0x000000070d000000, 0x000000070d200000|  0%| F|  |TAMS 0x000000070d000000, 0x000000070d000000| Untracked 
|  88|0x000000070d200000, 0x000000070d200000, 0x000000070d400000|  0%| F|  |TAMS 0x000000070d200000, 0x000000070d200000| Untracked 
|  89|0x000000070d400000, 0x000000070d400000, 0x000000070d600000|  0%| F|  |TAMS 0x000000070d400000, 0x000000070d400000| Untracked 
|  90|0x000000070d600000, 0x000000070d600000, 0x000000070d800000|  0%| F|  |TAMS 0x000000070d600000, 0x000000070d600000| Untracked 
|  91|0x000000070d800000, 0x000000070d800000, 0x000000070da00000|  0%| F|  |TAMS 0x000000070d800000, 0x000000070d800000| Untracked 
|  92|0x000000070da00000, 0x000000070da00000, 0x000000070dc00000|  0%| F|  |TAMS 0x000000070da00000, 0x000000070da00000| Untracked 
|  93|0x000000070dc00000, 0x000000070dc00000, 0x000000070de00000|  0%| F|  |TAMS 0x000000070dc00000, 0x000000070dc00000| Untracked 
|  94|0x000000070de00000, 0x000000070de00000, 0x000000070e000000|  0%| F|  |TAMS 0x000000070de00000, 0x000000070de00000| Untracked 
|  95|0x000000070e000000, 0x000000070e000000, 0x000000070e200000|  0%| F|  |TAMS 0x000000070e000000, 0x000000070e000000| Untracked 
|  96|0x000000070e200000, 0x000000070e200000, 0x000000070e400000|  0%| F|  |TAMS 0x000000070e200000, 0x000000070e200000| Untracked 
|  97|0x000000070e400000, 0x000000070e400000, 0x000000070e600000|  0%| F|  |TAMS 0x000000070e400000, 0x000000070e400000| Untracked 
|  98|0x000000070e600000, 0x000000070e600000, 0x000000070e800000|  0%| F|  |TAMS 0x000000070e600000, 0x000000070e600000| Untracked 
|  99|0x000000070e800000, 0x000000070e800000, 0x000000070ea00000|  0%| F|  |TAMS 0x000000070e800000, 0x000000070e800000| Untracked 
| 100|0x000000070ea00000, 0x000000070ea00000, 0x000000070ec00000|  0%| F|  |TAMS 0x000000070ea00000, 0x000000070ea00000| Untracked 
| 101|0x000000070ec00000, 0x000000070ec00000, 0x000000070ee00000|  0%| F|  |TAMS 0x000000070ec00000, 0x000000070ec00000| Untracked 
| 102|0x000000070ee00000, 0x000000070ee00000, 0x000000070f000000|  0%| F|  |TAMS 0x000000070ee00000, 0x000000070ee00000| Untracked 
| 103|0x000000070f000000, 0x000000070f000000, 0x000000070f200000|  0%| F|  |TAMS 0x000000070f000000, 0x000000070f000000| Untracked 
| 104|0x000000070f200000, 0x000000070f200000, 0x000000070f400000|  0%| F|  |TAMS 0x000000070f200000, 0x000000070f200000| Untracked 
| 105|0x000000070f400000, 0x000000070f400000, 0x000000070f600000|  0%| F|  |TAMS 0x000000070f400000, 0x000000070f400000| Untracked 
| 106|0x000000070f600000, 0x000000070f600000, 0x000000070f800000|  0%| F|  |TAMS 0x000000070f600000, 0x000000070f600000| Untracked 
| 107|0x000000070f800000, 0x000000070f800000, 0x000000070fa00000|  0%| F|  |TAMS 0x000000070f800000, 0x000000070f800000| Untracked 
| 108|0x000000070fa00000, 0x000000070fa00000, 0x000000070fc00000|  0%| F|  |TAMS 0x000000070fa00000, 0x000000070fa00000| Untracked 
| 109|0x000000070fc00000, 0x000000070fc00000, 0x000000070fe00000|  0%| F|  |TAMS 0x000000070fc00000, 0x000000070fc00000| Untracked 
| 110|0x000000070fe00000, 0x000000070fe00000, 0x0000000710000000|  0%| F|  |TAMS 0x000000070fe00000, 0x000000070fe00000| Untracked 
| 111|0x0000000710000000, 0x0000000710000000, 0x0000000710200000|  0%| F|  |TAMS 0x0000000710000000, 0x0000000710000000| Untracked 
| 112|0x0000000710200000, 0x0000000710200000, 0x0000000710400000|  0%| F|  |TAMS 0x0000000710200000, 0x0000000710200000| Untracked 
| 113|0x0000000710400000, 0x0000000710400000, 0x0000000710600000|  0%| F|  |TAMS 0x0000000710400000, 0x0000000710400000| Untracked 
| 114|0x0000000710600000, 0x0000000710600000, 0x0000000710800000|  0%| F|  |TAMS 0x0000000710600000, 0x0000000710600000| Untracked 
| 115|0x0000000710800000, 0x0000000710800000, 0x0000000710a00000|  0%| F|  |TAMS 0x0000000710800000, 0x0000000710800000| Untracked 
| 116|0x0000000710a00000, 0x0000000710a00000, 0x0000000710c00000|  0%| F|  |TAMS 0x0000000710a00000, 0x0000000710a00000| Untracked 
| 117|0x0000000710c00000, 0x0000000710c00000, 0x0000000710e00000|  0%| F|  |TAMS 0x0000000710c00000, 0x0000000710c00000| Untracked 
| 118|0x0000000710e00000, 0x0000000710e8eb50, 0x0000000711000000| 27%| E|  |TAMS 0x0000000710e00000, 0x0000000710e00000| Complete 
| 119|0x0000000711000000, 0x0000000711200000, 0x0000000711200000|100%| E|CS|TAMS 0x0000000711000000, 0x0000000711000000| Complete 
| 120|0x0000000711200000, 0x0000000711400000, 0x0000000711400000|100%| E|CS|TAMS 0x0000000711200000, 0x0000000711200000| Complete 
| 121|0x0000000711400000, 0x0000000711600000, 0x0000000711600000|100%| E|CS|TAMS 0x0000000711400000, 0x0000000711400000| Complete 
| 122|0x0000000711600000, 0x0000000711800000, 0x0000000711800000|100%| E|CS|TAMS 0x0000000711600000, 0x0000000711600000| Complete 
| 123|0x0000000711800000, 0x0000000711a00000, 0x0000000711a00000|100%| E|CS|TAMS 0x0000000711800000, 0x0000000711800000| Complete 
| 124|0x0000000711a00000, 0x0000000711c00000, 0x0000000711c00000|100%| E|CS|TAMS 0x0000000711a00000, 0x0000000711a00000| Complete 
| 125|0x0000000711c00000, 0x0000000711e00000, 0x0000000711e00000|100%| E|CS|TAMS 0x0000000711c00000, 0x0000000711c00000| Complete 
| 126|0x0000000711e00000, 0x0000000712000000, 0x0000000712000000|100%| E|CS|TAMS 0x0000000711e00000, 0x0000000711e00000| Complete 
| 127|0x0000000712000000, 0x0000000712200000, 0x0000000712200000|100%| E|CS|TAMS 0x0000000712000000, 0x0000000712000000| Complete 
| 128|0x0000000712200000, 0x0000000712400000, 0x0000000712400000|100%| E|CS|TAMS 0x0000000712200000, 0x0000000712200000| Complete 
| 129|0x0000000712400000, 0x0000000712588e80, 0x0000000712600000| 76%| S|CS|TAMS 0x0000000712400000, 0x0000000712400000| Complete 
| 130|0x0000000712600000, 0x0000000712800000, 0x0000000712800000|100%| E|CS|TAMS 0x0000000712600000, 0x0000000712600000| Complete 

Card table byte_map: [0x0000022044da0000,0x0000022045590000] _byte_map_base: 0x000002204158f000

Marking Bits (Prev, Next): (CMBitMap*) 0x000002202d798e90, (CMBitMap*) 0x000002202d798e50
 Prev Bits: [0x0000022049d00000, 0x000002204dc78000)
 Next Bits: [0x0000022045d80000, 0x0000022049cf8000)

Polling page: 0x000002202b6d0000

Metaspace:

Usage:
  Non-class:     94.75 MB used.
      Class:     14.15 MB used.
       Both:    108.90 MB used.

Virtual space:
  Non-class space:      128.00 MB reserved,      95.19 MB ( 74%) committed,  2 nodes.
      Class space:        1.00 GB reserved,      14.56 MB (  1%) committed,  1 nodes.
             Both:        1.12 GB reserved,     109.75 MB ( 10%) committed. 

Chunk freelists:
   Non-Class:  250.00 KB
       Class:  1.32 MB
        Both:  1.56 MB

MaxMetaspaceSize: unlimited
CompressedClassSpaceSize: 1.00 GB
Initial GC threshold: 21.00 MB
Current GC threshold: 178.06 MB
CDS: on
MetaspaceReclaimPolicy: balanced
 - commit_granule_bytes: 65536.
 - commit_granule_words: 8192.
 - virtual_space_node_default_size: 8388608.
 - enlarge_chunks_in_place: 1.
 - new_chunks_are_fully_committed: 0.
 - uncommit_free_chunks: 1.
 - use_allocation_guard: 0.
 - handle_deallocations: 1.


Internal statistics:

num_allocs_failed_limit: 18.
num_arena_births: 1426.
num_arena_deaths: 0.
num_vsnodes_births: 3.
num_vsnodes_deaths: 0.
num_space_committed: 1756.
num_space_uncommitted: 0.
num_chunks_returned_to_freelist: 18.
num_chunks_taken_from_freelist: 5920.
num_chunk_merges: 18.
num_chunk_splits: 4108.
num_chunks_enlarged: 3024.
num_inconsistent_stats: 0.

CodeHeap 'non-profiled nmethods': size=120000Kb used=11335Kb max_used=12569Kb free=108665Kb
 bounds [0x000002203cd50000, 0x000002203d9a0000, 0x0000022044280000]
CodeHeap 'profiled nmethods': size=120000Kb used=29317Kb max_used=30789Kb free=90682Kb
 bounds [0x0000022035280000, 0x00000220370b0000, 0x000002203c7b0000]
CodeHeap 'non-nmethods': size=5760Kb used=1403Kb max_used=1490Kb free=4356Kb
 bounds [0x000002203c7b0000, 0x000002203ca20000, 0x000002203cd50000]
 total_blobs=16483 nmethods=15739 adapters=653
 compilation: enabled
              stopped_count=0, restarted_count=0
 full_count=0

Compilation events (20 events):
Event: 6028.253 Thread 0x0000022050869af0 nmethod 19998 0x00000220353c4210 code [0x00000220353c4400, 0x00000220353c48a8]
Event: 6028.253 Thread 0x0000022050869af0 19999       3       sun.nio.ch.NioSocketImpl::closerFor (18 bytes)
Event: 6028.254 Thread 0x0000022050869af0 nmethod 19999 0x0000022035573d90 code [0x0000022035573fa0, 0x00000220355746b8]
Event: 6028.254 Thread 0x0000022050869af0 20000       3       sun.nio.ch.NioSocketImpl$$Lambda$1048/0x00000220524ed7a8::<init> (10 bytes)
Event: 6028.254 Thread 0x0000022050869af0 nmethod 20000 0x0000022035483390 code [0x0000022035483520, 0x00000220354836d8]
Event: 6028.254 Thread 0x0000022050869af0 20001   !   3       sun.nio.ch.NioSocketImpl::connect (300 bytes)
Event: 6028.256 Thread 0x0000022050869af0 nmethod 20001 0x0000022036b4de90 code [0x0000022036b4e280, 0x0000022036b4ff28]
Event: 6028.256 Thread 0x0000022050869af0 20002       3       java.net.Inet4Address::isAnyLocalAddress (16 bytes)
Event: 6028.257 Thread 0x0000022050869af0 nmethod 20002 0x0000022035490590 code [0x0000022035490720, 0x0000022035490938]
Event: 6028.257 Thread 0x0000022050869af0 20003   !   3       sun.nio.ch.NioSocketImpl::beginConnect (151 bytes)
Event: 6028.258 Thread 0x0000022050869af0 nmethod 20003 0x00000220353a4c90 code [0x00000220353a4ec0, 0x00000220353a5698]
Event: 6028.258 Thread 0x0000022050869af0 20004       3       sun.net.NetHooks::beforeTcpConnect (1 bytes)
Event: 6028.258 Thread 0x0000022050869af0 nmethod 20004 0x000002203542ad90 code [0x000002203542af20, 0x000002203542b018]
Event: 6028.258 Thread 0x0000022050869af0 20005       3       sun.nio.ch.Net::connect (10 bytes)
Event: 6028.258 Thread 0x0000022050869af0 nmethod 20005 0x000002203542c590 code [0x000002203542c720, 0x000002203542c848]
Event: 6028.258 Thread 0x0000022050869af0 20006       3       sun.nio.ch.Net::connect (41 bytes)
Event: 6028.258 Thread 0x0000022050869af0 nmethod 20006 0x00000220353d4010 code [0x00000220353d4200, 0x00000220353d4618]
Event: 6068.247 Thread 0x0000022050861070 20007       4       java.time.LocalDateTime::ofEpochSecond (77 bytes)
Event: 6068.255 Thread 0x0000022050861070 nmethod 20007 0x000002203cd90f10 code [0x000002203cd910c0, 0x000002203cd91958]
Event: 6128.249 Thread 0x0000022050861070 20008       4       org.springframework.web.util.UriComponentsBuilder$CompositePathComponentBuilder::build (118 bytes)

GC Heap History (20 events):
Event: 28.403 GC heap before
{Heap before GC invocations=36 (full 0):
 garbage-first heap   total 204800K, used 160300K [0x0000000702200000, 0x0000000800000000)
  region size 2048K, 38 young (77824K), 5 survivors (10240K)
 Metaspace       used 87740K, committed 88384K, reserved 1179648K
  class space    used 11771K, committed 12096K, reserved 1048576K
}
Event: 28.415 GC heap after
{Heap after GC invocations=37 (full 0):
 garbage-first heap   total 204800K, used 95706K [0x0000000702200000, 0x0000000800000000)
  region size 2048K, 2 young (4096K), 2 survivors (4096K)
 Metaspace       used 87740K, committed 88384K, reserved 1179648K
  class space    used 11771K, committed 12096K, reserved 1048576K
}
Event: 28.929 GC heap before
{Heap before GC invocations=37 (full 0):
 garbage-first heap   total 204800K, used 163290K [0x0000000702200000, 0x0000000800000000)
  region size 2048K, 35 young (71680K), 2 survivors (4096K)
 Metaspace       used 88622K, committed 89280K, reserved 1179648K
  class space    used 11841K, committed 12160K, reserved 1048576K
}
Event: 28.935 GC heap after
{Heap after GC invocations=38 (full 0):
 garbage-first heap   total 204800K, used 98177K [0x0000000702200000, 0x0000000800000000)
  region size 2048K, 4 young (8192K), 4 survivors (8192K)
 Metaspace       used 88622K, committed 89280K, reserved 1179648K
  class space    used 11841K, committed 12160K, reserved 1048576K
}
Event: 29.361 GC heap before
{Heap before GC invocations=38 (full 0):
 garbage-first heap   total 204800K, used 165761K [0x0000000702200000, 0x0000000800000000)
  region size 2048K, 37 young (75776K), 4 survivors (8192K)
 Metaspace       used 89241K, committed 89856K, reserved 1179648K
  class space    used 11869K, committed 12160K, reserved 1048576K
}
Event: 29.371 GC heap after
{Heap after GC invocations=39 (full 0):
 garbage-first heap   total 268288K, used 102422K [0x0000000702200000, 0x0000000800000000)
  region size 2048K, 4 young (8192K), 4 survivors (8192K)
 Metaspace       used 89241K, committed 89856K, reserved 1179648K
  class space    used 11869K, committed 12160K, reserved 1048576K
}
Event: 30.376 GC heap before
{Heap before GC invocations=39 (full 0):
 garbage-first heap   total 268288K, used 215062K [0x0000000702200000, 0x0000000800000000)
  region size 2048K, 59 young (120832K), 4 survivors (8192K)
 Metaspace       used 90805K, committed 91520K, reserved 1179648K
  class space    used 11956K, committed 12288K, reserved 1048576K
}
Event: 30.386 GC heap after
{Heap after GC invocations=40 (full 0):
 garbage-first heap   total 268288K, used 107075K [0x0000000702200000, 0x0000000800000000)
  region size 2048K, 6 young (12288K), 6 survivors (12288K)
 Metaspace       used 90805K, committed 91520K, reserved 1179648K
  class space    used 11956K, committed 12288K, reserved 1048576K
}
Event: 32.025 GC heap before
{Heap before GC invocations=40 (full 0):
 garbage-first heap   total 268288K, used 217667K [0x0000000702200000, 0x0000000800000000)
  region size 2048K, 60 young (122880K), 6 survivors (12288K)
 Metaspace       used 95698K, committed 96384K, reserved 1179648K
  class space    used 12576K, committed 12928K, reserved 1048576K
}
Event: 32.038 GC heap after
{Heap after GC invocations=41 (full 0):
 garbage-first heap   total 268288K, used 111600K [0x0000000702200000, 0x0000000800000000)
  region size 2048K, 6 young (12288K), 6 survivors (12288K)
 Metaspace       used 95698K, committed 96384K, reserved 1179648K
  class space    used 12576K, committed 12928K, reserved 1048576K
}
Event: 33.424 GC heap before
{Heap before GC invocations=41 (full 0):
 garbage-first heap   total 268288K, used 218096K [0x0000000702200000, 0x0000000800000000)
  region size 2048K, 58 young (118784K), 6 survivors (12288K)
 Metaspace       used 98599K, committed 99328K, reserved 1179648K
  class space    used 13003K, committed 13376K, reserved 1048576K
}
Event: 33.438 GC heap after
{Heap after GC invocations=42 (full 0):
 garbage-first heap   total 268288K, used 116119K [0x0000000702200000, 0x0000000800000000)
  region size 2048K, 5 young (10240K), 5 survivors (10240K)
 Metaspace       used 98599K, committed 99328K, reserved 1179648K
  class space    used 13003K, committed 13376K, reserved 1048576K
}
Event: 34.499 GC heap before
{Heap before GC invocations=42 (full 0):
 garbage-first heap   total 268288K, used 220567K [0x0000000702200000, 0x0000000800000000)
  region size 2048K, 56 young (114688K), 5 survivors (10240K)
 Metaspace       used 101154K, committed 101952K, reserved 1179648K
  class space    used 13358K, committed 13760K, reserved 1048576K
}
Event: 34.511 GC heap after
{Heap after GC invocations=43 (full 0):
 garbage-first heap   total 268288K, used 120227K [0x0000000702200000, 0x0000000800000000)
  region size 2048K, 5 young (10240K), 5 survivors (10240K)
 Metaspace       used 101154K, committed 101952K, reserved 1179648K
  class space    used 13358K, committed 13760K, reserved 1048576K
}
Event: 1162.512 GC heap before
{Heap before GC invocations=43 (full 0):
 garbage-first heap   total 268288K, used 210339K [0x0000000702200000, 0x0000000800000000)
  region size 2048K, 50 young (102400K), 5 survivors (10240K)
 Metaspace       used 107951K, committed 108736K, reserved 1179648K
  class space    used 14085K, committed 14528K, reserved 1048576K
}
Event: 1162.524 GC heap after
{Heap after GC invocations=44 (full 0):
 garbage-first heap   total 268288K, used 123038K [0x0000000702200000, 0x0000000800000000)
  region size 2048K, 4 young (8192K), 4 survivors (8192K)
 Metaspace       used 107951K, committed 108736K, reserved 1179648K
  class space    used 14085K, committed 14528K, reserved 1048576K
}
Event: 5330.245 GC heap before
{Heap before GC invocations=45 (full 0):
 garbage-first heap   total 268288K, used 217246K [0x0000000702200000, 0x0000000800000000)
  region size 2048K, 53 young (108544K), 4 survivors (8192K)
 Metaspace       used 111153K, committed 112064K, reserved 1179648K
  class space    used 14463K, committed 14912K, reserved 1048576K
}
Event: 5330.297 GC heap after
{Heap after GC invocations=46 (full 0):
 garbage-first heap   total 268288K, used 119045K [0x0000000702200000, 0x0000000800000000)
  region size 2048K, 5 young (10240K), 5 survivors (10240K)
 Metaspace       used 111153K, committed 112064K, reserved 1179648K
  class space    used 14463K, committed 14912K, reserved 1048576K
}
Event: 5345.956 GC heap before
{Heap before GC invocations=46 (full 0):
 garbage-first heap   total 268288K, used 121093K [0x0000000702200000, 0x0000000800000000)
  region size 2048K, 6 young (12288K), 5 survivors (10240K)
 Metaspace       used 111160K, committed 112064K, reserved 1179648K
  class space    used 14463K, committed 14912K, reserved 1048576K
}
Event: 5345.986 GC heap after
{Heap after GC invocations=47 (full 0):
 garbage-first heap   total 268288K, used 100200K [0x0000000702200000, 0x0000000800000000)
  region size 2048K, 1 young (2048K), 1 survivors (2048K)
 Metaspace       used 111160K, committed 112064K, reserved 1179648K
  class space    used 14463K, committed 14912K, reserved 1048576K
}

Dll operation events (11 events):
Event: 0.014 Loaded shared library C:\Program Files\Eclipse Adoptium\jdk-17.0.15.6-hotspot\bin\java.dll
Event: 0.038 Loaded shared library C:\Program Files\Eclipse Adoptium\jdk-17.0.15.6-hotspot\bin\jsvml.dll
Event: 0.090 Loaded shared library C:\Program Files\Eclipse Adoptium\jdk-17.0.15.6-hotspot\bin\net.dll
Event: 0.093 Loaded shared library C:\Program Files\Eclipse Adoptium\jdk-17.0.15.6-hotspot\bin\nio.dll
Event: 0.101 Loaded shared library C:\Program Files\Eclipse Adoptium\jdk-17.0.15.6-hotspot\bin\zip.dll
Event: 0.198 Loaded shared library C:\Program Files\Eclipse Adoptium\jdk-17.0.15.6-hotspot\bin\jimage.dll
Event: 6.051 Loaded shared library C:\Program Files\Eclipse Adoptium\jdk-17.0.15.6-hotspot\bin\sunmscapi.dll
Event: 14.589 Loaded shared library C:\Program Files\Eclipse Adoptium\jdk-17.0.15.6-hotspot\bin\verify.dll
Event: 15.233 Loaded shared library C:\Program Files\Eclipse Adoptium\jdk-17.0.15.6-hotspot\bin\extnet.dll
Event: 15.250 Loaded shared library C:\Program Files\Eclipse Adoptium\jdk-17.0.15.6-hotspot\bin\management.dll
Event: 15.255 Loaded shared library C:\Program Files\Eclipse Adoptium\jdk-17.0.15.6-hotspot\bin\management_ext.dll

Deoptimization events (20 events):
Event: 5982.832 Thread 0x0000022097d22790 Uncommon trap: trap_request=0xffffffd6 fr.pc=0x000002203d984978 relative=0x0000000000001458
Event: 5982.832 Thread 0x0000022097d22790 Uncommon trap: reason=array_check action=maybe_recompile pc=0x000002203d984978 method=java.util.ComparableTimSort.binarySort([Ljava/lang/Object;III)V @ 183 c2
Event: 5982.832 Thread 0x0000022097d22790 DEOPT PACKING pc=0x000002203d984978 sp=0x00000092286fd0b0
Event: 5982.832 Thread 0x0000022097d22790 DEOPT UNPACKING pc=0x000002203c8069a3 sp=0x00000092286fcf50 mode 2
Event: 5982.833 Thread 0x0000022097d22790 Uncommon trap: trap_request=0xffffffd6 fr.pc=0x000002203d984730 relative=0x0000000000001210
Event: 5982.833 Thread 0x0000022097d22790 Uncommon trap: reason=array_check action=maybe_recompile pc=0x000002203d984730 method=java.util.ComparableTimSort.reverseRange([Ljava/lang/Object;II)V @ 27 c2
Event: 5982.833 Thread 0x0000022097d22790 DEOPT PACKING pc=0x000002203d984730 sp=0x00000092286fb8b0
Event: 5982.833 Thread 0x0000022097d22790 DEOPT UNPACKING pc=0x000002203c8069a3 sp=0x00000092286fb6f8 mode 2
Event: 5984.926 Thread 0x0000022097d1fa00 Uncommon trap: trap_request=0xffffffd6 fr.pc=0x000002203d98bd0c relative=0x000000000000116c
Event: 5984.926 Thread 0x0000022097d1fa00 Uncommon trap: reason=array_check action=maybe_recompile pc=0x000002203d98bd0c method=java.util.ComparableTimSort.binarySort([Ljava/lang/Object;III)V @ 193 c2
Event: 5984.926 Thread 0x0000022097d1fa00 DEOPT PACKING pc=0x000002203d98bd0c sp=0x00000092287fd1d0
Event: 5984.926 Thread 0x0000022097d1fa00 DEOPT UNPACKING pc=0x000002203c8069a3 sp=0x00000092287fd060 mode 2
Event: 5984.928 Thread 0x0000022097d1fa00 Uncommon trap: trap_request=0xffffffd6 fr.pc=0x000002203d98bd0c relative=0x000000000000116c
Event: 5984.928 Thread 0x0000022097d1fa00 Uncommon trap: reason=array_check action=maybe_recompile pc=0x000002203d98bd0c method=java.util.ComparableTimSort.binarySort([Ljava/lang/Object;III)V @ 193 c2
Event: 5984.929 Thread 0x0000022097d21860 Uncommon trap: trap_request=0xffffffd6 fr.pc=0x000002203d98bd0c relative=0x000000000000116c
Event: 5984.929 Thread 0x0000022097d1fa00 DEOPT PACKING pc=0x000002203d98bd0c sp=0x00000092287fb9d0
Event: 5984.929 Thread 0x0000022097d1fa00 DEOPT UNPACKING pc=0x000002203c8069a3 sp=0x00000092287fb860 mode 2
Event: 5984.929 Thread 0x0000022097d21860 Uncommon trap: reason=array_check action=maybe_recompile pc=0x000002203d98bd0c method=java.util.ComparableTimSort.binarySort([Ljava/lang/Object;III)V @ 193 c2
Event: 5984.929 Thread 0x0000022097d21860 DEOPT PACKING pc=0x000002203d98bd0c sp=0x0000009228bff020
Event: 5984.929 Thread 0x0000022097d21860 DEOPT UNPACKING pc=0x000002203c8069a3 sp=0x0000009228bfeeb8 mode 2

Classes loaded (20 events):
Event: 1162.392 Loading class java/util/concurrent/ArrayBlockingQueue
Event: 1162.393 Loading class java/util/concurrent/ArrayBlockingQueue done
Event: 1162.393 Loading class java/util/concurrent/ArrayBlockingQueue$Itr
Event: 1162.394 Loading class java/util/concurrent/ArrayBlockingQueue$Itr done
Event: 1162.472 Loading class java/util/ArrayDeque$DescendingIterator
Event: 1162.473 Loading class java/util/ArrayDeque$DescendingIterator done
Event: 1163.114 Loading class java/util/concurrent/locks/ReentrantReadWriteLock$Sync$HoldCounter
Event: 1163.115 Loading class java/util/concurrent/locks/ReentrantReadWriteLock$Sync$HoldCounter done
Event: 1163.172 Loading class java/util/zip/GZIPInputStream
Event: 1163.173 Loading class java/util/zip/GZIPInputStream done
Event: 1163.174 Loading class java/util/zip/GZIPOutputStream
Event: 1163.174 Loading class java/util/zip/GZIPOutputStream done
Event: 1163.281 Loading class java/util/concurrent/atomic/Striped64$Cell
Event: 1163.282 Loading class java/util/concurrent/atomic/Striped64$Cell done
Event: 1163.287 Loading class java/util/function/LongSupplier
Event: 1163.287 Loading class java/util/function/LongSupplier done
Event: 1206.114 Loading class java/time/temporal/TemporalAdjusters
Event: 1206.115 Loading class java/time/temporal/TemporalAdjusters done
Event: 1206.141 Loading class java/math/MathContext
Event: 1206.142 Loading class java/math/MathContext done

Classes unloaded (0 events):
No events

Classes redefined (0 events):
No events

Internal exceptions (20 events):
Event: 6038.245 Thread 0x000002209cde2590 Exception <a 'java/net/ConnectException'{0x0000000711ee9b48}: Connection refused: getsockopt> (0x0000000711ee9b48) 
thrown [s\src\hotspot\share\prims\jni.cpp, line 535]
Event: 6038.246 Thread 0x000002209cde2590 Exception <a 'java/net/SocketException'{0x0000000711ee9e80}: Socket is not connected: shutdown> (0x0000000711ee9e80) 
thrown [s\src\hotspot\share\prims\jni.cpp, line 535]
Event: 6048.266 Thread 0x000002209cde2590 Exception <a 'java/net/ConnectException'{0x0000000711ef4d08}: Connection refused: getsockopt> (0x0000000711ef4d08) 
thrown [s\src\hotspot\share\prims\jni.cpp, line 535]
Event: 6048.266 Thread 0x000002209cde2590 Exception <a 'java/net/SocketException'{0x0000000711ef5040}: Socket is not connected: shutdown> (0x0000000711ef5040) 
thrown [s\src\hotspot\share\prims\jni.cpp, line 535]
Event: 6058.266 Thread 0x000002209cde2590 Exception <a 'java/net/ConnectException'{0x0000000711f00020}: Connection refused: getsockopt> (0x0000000711f00020) 
thrown [s\src\hotspot\share\prims\jni.cpp, line 535]
Event: 6058.266 Thread 0x000002209cde2590 Exception <a 'java/net/SocketException'{0x0000000711f00358}: Socket is not connected: shutdown> (0x0000000711f00358) 
thrown [s\src\hotspot\share\prims\jni.cpp, line 535]
Event: 6068.263 Thread 0x000002209cde2590 Exception <a 'java/net/ConnectException'{0x0000000711f0b1e0}: Connection refused: getsockopt> (0x0000000711f0b1e0) 
thrown [s\src\hotspot\share\prims\jni.cpp, line 535]
Event: 6068.263 Thread 0x000002209cde2590 Exception <a 'java/net/SocketException'{0x0000000711f0b518}: Socket is not connected: shutdown> (0x0000000711f0b518) 
thrown [s\src\hotspot\share\prims\jni.cpp, line 535]
Event: 6078.265 Thread 0x000002209cde2590 Exception <a 'java/net/ConnectException'{0x0000000711f16cf0}: Connection refused: getsockopt> (0x0000000711f16cf0) 
thrown [s\src\hotspot\share\prims\jni.cpp, line 535]
Event: 6078.266 Thread 0x000002209cde2590 Exception <a 'java/net/SocketException'{0x0000000711f17028}: Socket is not connected: shutdown> (0x0000000711f17028) 
thrown [s\src\hotspot\share\prims\jni.cpp, line 535]
Event: 6088.257 Thread 0x000002209cde2590 Exception <a 'java/net/ConnectException'{0x0000000710e04d88}: Connection refused: getsockopt> (0x0000000710e04d88) 
thrown [s\src\hotspot\share\prims\jni.cpp, line 535]
Event: 6088.258 Thread 0x000002209cde2590 Exception <a 'java/net/SocketException'{0x0000000710e050c0}: Socket is not connected: shutdown> (0x0000000710e050c0) 
thrown [s\src\hotspot\share\prims\jni.cpp, line 535]
Event: 6098.263 Thread 0x000002209cde2590 Exception <a 'java/net/ConnectException'{0x0000000710e0fc88}: Connection refused: getsockopt> (0x0000000710e0fc88) 
thrown [s\src\hotspot\share\prims\jni.cpp, line 535]
Event: 6098.263 Thread 0x000002209cde2590 Exception <a 'java/net/SocketException'{0x0000000710e0ffc0}: Socket is not connected: shutdown> (0x0000000710e0ffc0) 
thrown [s\src\hotspot\share\prims\jni.cpp, line 535]
Event: 6108.264 Thread 0x000002209cde2590 Exception <a 'java/net/ConnectException'{0x0000000710e1ae48}: Connection refused: getsockopt> (0x0000000710e1ae48) 
thrown [s\src\hotspot\share\prims\jni.cpp, line 535]
Event: 6108.264 Thread 0x000002209cde2590 Exception <a 'java/net/SocketException'{0x0000000710e1b180}: Socket is not connected: shutdown> (0x0000000710e1b180) 
thrown [s\src\hotspot\share\prims\jni.cpp, line 535]
Event: 6118.246 Thread 0x000002209cde2590 Exception <a 'java/net/ConnectException'{0x0000000710e26008}: Connection refused: getsockopt> (0x0000000710e26008) 
thrown [s\src\hotspot\share\prims\jni.cpp, line 535]
Event: 6118.246 Thread 0x000002209cde2590 Exception <a 'java/net/SocketException'{0x0000000710e26340}: Socket is not connected: shutdown> (0x0000000710e26340) 
thrown [s\src\hotspot\share\prims\jni.cpp, line 535]
Event: 6128.264 Thread 0x000002209cde2590 Exception <a 'java/net/ConnectException'{0x0000000710e31320}: Connection refused: getsockopt> (0x0000000710e31320) 
thrown [s\src\hotspot\share\prims\jni.cpp, line 535]
Event: 6128.264 Thread 0x000002209cde2590 Exception <a 'java/net/SocketException'{0x0000000710e31658}: Socket is not connected: shutdown> (0x0000000710e31658) 
thrown [s\src\hotspot\share\prims\jni.cpp, line 535]

VM Operations (20 events):
Event: 5978.823 Executing VM operation: Cleanup
Event: 5978.824 Executing VM operation: Cleanup done
Event: 5979.837 Executing VM operation: Cleanup
Event: 5979.837 Executing VM operation: Cleanup done
Event: 5980.850 Executing VM operation: Cleanup
Event: 5980.851 Executing VM operation: Cleanup done
Event: 5982.872 Executing VM operation: Cleanup
Event: 5982.872 Executing VM operation: Cleanup done
Event: 5982.950 Executing VM operation: HandshakeAllThreads
Event: 5982.951 Executing VM operation: HandshakeAllThreads done
Event: 5984.969 Executing VM operation: Cleanup
Event: 5984.985 Executing VM operation: Cleanup done
Event: 5985.021 Executing VM operation: HandshakeAllThreads
Event: 5985.032 Executing VM operation: HandshakeAllThreads done
Event: 5985.082 Executing VM operation: HandshakeAllThreads
Event: 5985.082 Executing VM operation: HandshakeAllThreads done
Event: 5986.097 Executing VM operation: Cleanup
Event: 5986.097 Executing VM operation: Cleanup done
Event: 6043.129 Executing VM operation: HandshakeAllThreads
Event: 6043.129 Executing VM operation: HandshakeAllThreads done

Memory protections (0 events):
No events

Nmethod flushes (20 events):
Event: 5985.118 Thread 0x0000022050874cd0 flushing  nmethod 0x0000022036bf8610
Event: 5985.118 Thread 0x0000022050874cd0 flushing  nmethod 0x0000022036bf9c90
Event: 5985.118 Thread 0x0000022050874cd0 flushing  nmethod 0x0000022036c04710
Event: 5985.118 Thread 0x0000022050874cd0 flushing  nmethod 0x0000022036c0c190
Event: 5985.118 Thread 0x0000022050874cd0 flushing  nmethod 0x0000022036c12b10
Event: 5985.118 Thread 0x0000022050874cd0 flushing  nmethod 0x0000022036c1a190
Event: 5985.118 Thread 0x0000022050874cd0 flushing  nmethod 0x0000022036c2b390
Event: 5985.118 Thread 0x0000022050874cd0 flushing  nmethod 0x0000022036c3a010
Event: 5985.118 Thread 0x0000022050874cd0 flushing  nmethod 0x0000022036c42890
Event: 5985.118 Thread 0x0000022050874cd0 flushing  nmethod 0x0000022036c49590
Event: 5985.118 Thread 0x0000022050874cd0 flushing  nmethod 0x0000022036c60490
Event: 5985.118 Thread 0x0000022050874cd0 flushing  nmethod 0x0000022036c68b10
Event: 5985.118 Thread 0x0000022050874cd0 flushing  nmethod 0x0000022036c6c810
Event: 5985.118 Thread 0x0000022050874cd0 flushing  nmethod 0x0000022036c9fa90
Event: 5985.118 Thread 0x0000022050874cd0 flushing  nmethod 0x0000022036ca0390
Event: 5985.119 Thread 0x0000022050874cd0 flushing  nmethod 0x0000022036ca5a10
Event: 5985.119 Thread 0x0000022050874cd0 flushing  nmethod 0x0000022036cb1510
Event: 5985.119 Thread 0x0000022050874cd0 flushing  nmethod 0x0000022036cfae90
Event: 5985.119 Thread 0x0000022050874cd0 flushing  nmethod 0x0000022036d69e90
Event: 5985.120 Thread 0x0000022050874cd0 flushing  nmethod 0x0000022036dbbd10

Events (20 events):
Event: 5336.417 Thread 0x00000220977eaaf0 Thread exited: 0x00000220977eaaf0
Event: 5336.529 Thread 0x00000220977eba20 Thread exited: 0x00000220977eba20
Event: 5338.789 Thread 0x0000022099ab0370 Thread added: 0x00000220977eba20
Event: 5338.791 Thread 0x00000220977eba20 Thread added: 0x00000220977eaaf0
Event: 5344.889 Thread 0x00000220977eba20 Thread exited: 0x00000220977eba20
Event: 5344.983 Thread 0x00000220977eaaf0 Thread exited: 0x00000220977eaaf0
Event: 5345.106 Thread 0x0000022099ab0370 Thread added: 0x00000220977eaaf0
Event: 5345.107 Thread 0x00000220977eaaf0 Thread added: 0x00000220977e8270
Event: 5351.409 Thread 0x00000220977eaaf0 Thread exited: 0x00000220977eaaf0
Event: 5351.517 Thread 0x00000220977e8270 Thread exited: 0x00000220977e8270
Event: 5356.723 Thread 0x0000022099ab0370 Thread added: 0x00000220977eaaf0
Event: 5356.725 Thread 0x00000220977eaaf0 Thread added: 0x00000220977e8780
Event: 5365.417 Thread 0x00000220977eaaf0 Thread exited: 0x00000220977eaaf0
Event: 5365.510 Thread 0x00000220977e8780 Thread exited: 0x00000220977e8780
Event: 5977.709 Thread 0x0000022097d21860 Thread added: 0x00000220977e8c90
Event: 5979.822 Thread 0x0000022050869af0 Thread added: 0x00000220995ea0f0
Event: 5982.577 Thread 0x00000220995ea0f0 Thread exited: 0x00000220995ea0f0
Event: 5982.716 Thread 0x00000220977e8c90 Thread exited: 0x00000220977e8c90
Event: 5984.936 Thread 0x0000022050869af0 Thread added: 0x00000220995ea0f0
Event: 5990.144 Thread 0x00000220995ea0f0 Thread exited: 0x00000220995ea0f0


Dynamic libraries:
0x00007ff638380000 - 0x00007ff63838e000 	C:\Program Files\Eclipse Adoptium\jdk-17.0.15.6-hotspot\bin\java.exe
0x00007ff9a4820000 - 0x00007ff9a4a87000 	C:\WINDOWS\SYSTEM32\ntdll.dll
0x00007ff9a37b0000 - 0x00007ff9a3879000 	C:\WINDOWS\System32\KERNEL32.DLL
0x00007ff9a1a20000 - 0x00007ff9a1e0f000 	C:\WINDOWS\System32\KERNELBASE.dll
0x00007ff9a1e20000 - 0x00007ff9a1f6b000 	C:\WINDOWS\System32\ucrtbase.dll
0x00007ff979a00000 - 0x00007ff979a17000 	C:\Program Files\Eclipse Adoptium\jdk-17.0.15.6-hotspot\bin\jli.dll
0x00007ff9a3880000 - 0x00007ff9a3a45000 	C:\WINDOWS\System32\USER32.dll
0x00007ff973000000 - 0x00007ff97301e000 	C:\Program Files\Eclipse Adoptium\jdk-17.0.15.6-hotspot\bin\VCRUNTIME140.dll
0x00007ff9a20a0000 - 0x00007ff9a20c7000 	C:\WINDOWS\System32\win32u.dll
0x00007ff9a3a50000 - 0x00007ff9a3a7b000 	C:\WINDOWS\System32\GDI32.dll
0x00007ff989c40000 - 0x00007ff989ed3000 	C:\WINDOWS\WinSxS\amd64_microsoft.windows.common-controls_6595b64144ccf1df_6.0.26100.7309_none_3e05feeae336a044\COMCTL32.dll
0x00007ff9a1f70000 - 0x00007ff9a209c000 	C:\WINDOWS\System32\gdi32full.dll
0x00007ff9a26c0000 - 0x00007ff9a2769000 	C:\WINDOWS\System32\msvcrt.dll
0x00007ff9a1970000 - 0x00007ff9a1a13000 	C:\WINDOWS\System32\msvcp_win.dll
0x00007ff9a2770000 - 0x00007ff9a27a1000 	C:\WINDOWS\System32\IMM32.DLL
0x00007ff9971f0000 - 0x00007ff9971fc000 	C:\Program Files\Eclipse Adoptium\jdk-17.0.15.6-hotspot\bin\vcruntime140_1.dll
0x00007ff971040000 - 0x00007ff9710cd000 	C:\Program Files\Eclipse Adoptium\jdk-17.0.15.6-hotspot\bin\msvcp140.dll
0x00007ff91c8b0000 - 0x00007ff91d51b000 	C:\Program Files\Eclipse Adoptium\jdk-17.0.15.6-hotspot\bin\server\jvm.dll
0x00007ff9a2ee0000 - 0x00007ff9a2f94000 	C:\WINDOWS\System32\ADVAPI32.dll
0x00007ff9a3700000 - 0x00007ff9a37a6000 	C:\WINDOWS\System32\sechost.dll
0x00007ff9a2900000 - 0x00007ff9a2a18000 	C:\WINDOWS\System32\RPCRT4.dll
0x00007ff9a27b0000 - 0x00007ff9a2824000 	C:\WINDOWS\System32\WS2_32.dll
0x00007ff9a17f0000 - 0x00007ff9a184e000 	C:\WINDOWS\SYSTEM32\POWRPROF.dll
0x00007ff98d1c0000 - 0x00007ff98d1f5000 	C:\WINDOWS\SYSTEM32\WINMM.dll
0x00007ff997fd0000 - 0x00007ff997fdb000 	C:\WINDOWS\SYSTEM32\VERSION.dll
0x00007ff9a17d0000 - 0x00007ff9a17e4000 	C:\WINDOWS\SYSTEM32\UMPDC.dll
0x00007ff9a06e0000 - 0x00007ff9a06fb000 	C:\WINDOWS\SYSTEM32\kernel.appcore.dll
0x00007ff9799f0000 - 0x00007ff9799fa000 	C:\Program Files\Eclipse Adoptium\jdk-17.0.15.6-hotspot\bin\jimage.dll
0x00007ff99c040000 - 0x00007ff99c282000 	C:\WINDOWS\SYSTEM32\DBGHELP.DLL
0x00007ff9a2b50000 - 0x00007ff9a2ed6000 	C:\WINDOWS\System32\combase.dll
0x00007ff9a4620000 - 0x00007ff9a46f6000 	C:\WINDOWS\System32\OLEAUT32.dll
0x00007ff981400000 - 0x00007ff98143c000 	C:\WINDOWS\SYSTEM32\dbgcore.DLL
0x00007ff9a2160000 - 0x00007ff9a2205000 	C:\WINDOWS\System32\bcryptPrimitives.dll
0x00007ff971010000 - 0x00007ff971035000 	C:\Program Files\Eclipse Adoptium\jdk-17.0.15.6-hotspot\bin\java.dll
0x00007ff966730000 - 0x00007ff966807000 	C:\Program Files\Eclipse Adoptium\jdk-17.0.15.6-hotspot\bin\jsvml.dll
0x00007ff9a2fa0000 - 0x00007ff9a36f3000 	C:\WINDOWS\System32\SHELL32.dll
0x00007ff9a2450000 - 0x00007ff9a25ba000 	C:\WINDOWS\System32\wintypes.dll
0x00007ff99f550000 - 0x00007ff99fdae000 	C:\WINDOWS\SYSTEM32\windows.storage.dll
0x00007ff9a2a20000 - 0x00007ff9a2b15000 	C:\WINDOWS\System32\SHCORE.dll
0x00007ff9a2890000 - 0x00007ff9a28f6000 	C:\WINDOWS\System32\shlwapi.dll
0x00007ff9a1890000 - 0x00007ff9a18b9000 	C:\WINDOWS\SYSTEM32\profapi.dll
0x00007ff970ff0000 - 0x00007ff971009000 	C:\Program Files\Eclipse Adoptium\jdk-17.0.15.6-hotspot\bin\net.dll
0x00007ff9963e0000 - 0x00007ff996508000 	C:\WINDOWS\SYSTEM32\WINHTTP.dll
0x00007ff9a0c30000 - 0x00007ff9a0c9b000 	C:\WINDOWS\system32\mswsock.dll
0x00007ff970fd0000 - 0x00007ff970fe6000 	C:\Program Files\Eclipse Adoptium\jdk-17.0.15.6-hotspot\bin\nio.dll
0x00007ff970fb0000 - 0x00007ff970fc8000 	C:\Program Files\Eclipse Adoptium\jdk-17.0.15.6-hotspot\bin\zip.dll
0x00007ff970fa0000 - 0x00007ff970fae000 	C:\Program Files\Eclipse Adoptium\jdk-17.0.15.6-hotspot\bin\sunmscapi.dll
0x00007ff9a22d0000 - 0x00007ff9a2447000 	C:\WINDOWS\System32\CRYPT32.dll
0x00007ff9a1170000 - 0x00007ff9a11a0000 	C:\WINDOWS\SYSTEM32\ncrypt.dll
0x00007ff9a1120000 - 0x00007ff9a115f000 	C:\WINDOWS\SYSTEM32\NTASN1.dll
0x00007ff9a1020000 - 0x00007ff9a103b000 	C:\WINDOWS\SYSTEM32\CRYPTSP.dll
0x00007ff9a0640000 - 0x00007ff9a067a000 	C:\WINDOWS\system32\rsaenh.dll
0x00007ff9a0ce0000 - 0x00007ff9a0d0b000 	C:\WINDOWS\SYSTEM32\USERENV.dll
0x00007ff9a1860000 - 0x00007ff9a188a000 	C:\WINDOWS\SYSTEM32\bcrypt.dll
0x00007ff9a0e80000 - 0x00007ff9a0e8c000 	C:\WINDOWS\SYSTEM32\CRYPTBASE.dll
0x00007ff9a00d0000 - 0x00007ff9a0104000 	C:\WINDOWS\SYSTEM32\IPHLPAPI.DLL
0x00007ff9a4700000 - 0x00007ff9a470a000 	C:\WINDOWS\System32\NSI.dll
0x00007ff9962e0000 - 0x00007ff9962fe000 	C:\WINDOWS\SYSTEM32\dhcpcsvc6.DLL
0x00007ff9962b0000 - 0x00007ff9962d3000 	C:\WINDOWS\SYSTEM32\dhcpcsvc.DLL
0x00007ff9a0160000 - 0x00007ff9a028c000 	C:\WINDOWS\SYSTEM32\DNSAPI.dll
0x00007ff970f90000 - 0x00007ff970fa0000 	C:\Program Files\Eclipse Adoptium\jdk-17.0.15.6-hotspot\bin\verify.dll
0x00007ff994b70000 - 0x00007ff994b7b000 	C:\Windows\System32\rasadhlp.dll
0x00007ff9959f0000 - 0x00007ff995a76000 	C:\WINDOWS\System32\fwpuclnt.dll
0x00007ff970f80000 - 0x00007ff970f89000 	C:\Program Files\Eclipse Adoptium\jdk-17.0.15.6-hotspot\bin\extnet.dll
0x00007ff970f70000 - 0x00007ff970f7a000 	C:\Program Files\Eclipse Adoptium\jdk-17.0.15.6-hotspot\bin\management.dll
0x00007ff970f60000 - 0x00007ff970f6b000 	C:\Program Files\Eclipse Adoptium\jdk-17.0.15.6-hotspot\bin\management_ext.dll
0x00007ff9a4750000 - 0x00007ff9a4758000 	C:\WINDOWS\System32\PSAPI.DLL
0x00007ff946790000 - 0x00007ff946798000 	C:\WINDOWS\system32\wshunix.dll

dbghelp: loaded successfully - version: 4.0.5 - missing functions: none
symbol engine: initialized successfully - sym options: 0x614 - pdb path: .;C:\Program Files\Eclipse Adoptium\jdk-17.0.15.6-hotspot\bin;C:\WINDOWS\SYSTEM32;C:\WINDOWS\WinSxS\amd64_microsoft.windows.common-controls_6595b64144ccf1df_6.0.26100.7309_none_3e05feeae336a044;C:\Program Files\Eclipse Adoptium\jdk-17.0.15.6-hotspot\bin\server

VM Arguments:
java_command: target\optimize-elykia-core-1.0.0.jar --spring.profiles.active=jeff
java_class_path (initial): target\optimize-elykia-core-1.0.0.jar
Launcher Type: SUN_STANDARD

[Global flags]
     intx CICompilerCount                          = 4                                         {product} {ergonomic}
     uint ConcGCThreads                            = 2                                         {product} {ergonomic}
     uint G1ConcRefinementThreads                  = 8                                         {product} {ergonomic}
   size_t G1HeapRegionSize                         = 2097152                                   {product} {ergonomic}
    uintx GCDrainStackTargetSize                   = 64                                        {product} {ergonomic}
   size_t InitialHeapSize                          = 266338304                                 {product} {ergonomic}
   size_t MarkStackSize                            = 4194304                                   {product} {ergonomic}
   size_t MaxHeapSize                              = 4259315712                                {product} {ergonomic}
   size_t MaxNewSize                               = 2554331136                                {product} {ergonomic}
   size_t MinHeapDeltaBytes                        = 2097152                                   {product} {ergonomic}
   size_t MinHeapSize                              = 8388608                                   {product} {ergonomic}
    uintx NonNMethodCodeHeapSize                   = 5839372                                {pd product} {ergonomic}
    uintx NonProfiledCodeHeapSize                  = 122909434                              {pd product} {ergonomic}
    uintx ProfiledCodeHeapSize                     = 122909434                              {pd product} {ergonomic}
    uintx ReservedCodeCacheSize                    = 251658240                              {pd product} {ergonomic}
     bool SegmentedCodeCache                       = true                                      {product} {ergonomic}
   size_t SoftMaxHeapSize                          = 4259315712                             {manageable} {ergonomic}
     bool UseCompressedClassPointers               = true                           {product lp64_product} {ergonomic}
     bool UseCompressedOops                        = true                           {product lp64_product} {ergonomic}
     bool UseG1GC                                  = true                                      {product} {ergonomic}
     bool UseLargePagesIndividualAllocation        = false                                  {pd product} {ergonomic}

Logging:
Log output configuration:
 #0: stdout all=warning uptime,level,tags
 #1: stderr all=off uptime,level,tags

Environment Variables:
JAVA_HOME=C:\Program Files\Eclipse Adoptium\jdk-17.0.15.6-hotspot
PATH=C:\Program Files\Eclipse Adoptium\jdk-17.0.15.6-hotspot\bin;C:\Program Files (x86)\VMware\VMware Workstation\bin\;C:\Python312\Scripts\;C:\Python312\;C:\Program Files\Common Files\Oracle\Java\javapath;C:\WINDOWS\system32;C:\WINDOWS;C:\WINDOWS\System32\Wbem;C:\WINDOWS\System32\WindowsPowerShell\v1.0\;C:\WINDOWS\System32\OpenSSH\;C:\Program Files\dotnet\;C:\Program Files\Git\cmd;C:\Program Files\Microsoft SQL Server\150\Tools\Binn\;C:\ProgramData\chocolatey\bin;C:\Program Files\PuTTY\;C:\composer;%NVM_HOME%;%NVM_SYMLINK%;C:\Program Files\cursor\resources\app\bin;C:\Users\DELL\AppData\Local\Microsoft\WindowsApps;C:\Users\DELL\AppData\Local\Programs\Microsoft VS Code\bin;C:\Program Files\JetBrains\PyCharm Community Edition 2022.2.3\bin;;C:\xampp\php;C:\Program Files\JetBrains\IntelliJ IDEA 2025.2.4\bin;C:\Users\DELL\OneDrive\Bureau\USER\flutter\bin;C:\Program Files\JetBrains\PyCharm 2025.2.4\bin;C:\Users\DELL\AppData\Roaming\npm;C:\Program Files\JetBrains\IntelliJ IDEA Community Edition 2024.2.1\bin;;C:\src\flutter\bin;C:\Users\DELL\AppData\Roaming\Composer\vendor\bin;C:\Users\DELL\AppData\Local\Pub\Cache\bin;C:\Program Files\Eclipse Adoptium\jdk-17.0.15.6-hotspot\bin;C:\Users\DELL\AppData\Roaming\Python\Python312\Scripts;C:\Program Files\Java\jdk-22\bin;C:\Users\DELL\AppData\Local\nvm;C:\nvm4w\nodejs;C:\Users\DELL\AppData\Local\Google\Cloud SDK\google-cloud-sdk\bin;C:\Users\DELL\AppData\Local\Programs\Antigravity\bin;C:\Users\DELL\AppData\Local\Programs\Kiro\bin
USERNAME=DELL
LANG=en_US.UTF-8
OS=Windows_NT
PROCESSOR_IDENTIFIER=Intel64 Family 6 Model 142 Stepping 10, GenuineIntel
TMP=C:\Users\DELL\AppData\Local\Temp
TEMP=C:\Users\DELL\AppData\Local\Temp



Periodic native trim disabled


---------------  S Y S T E M  ---------------

OS:
 Windows 11 , 64 bit Build 26100 (10.0.26100.7623)
OS uptime: 2 days 21:18 hours
Hyper-V role detected

CPU: total 8 (initial active 8) (4 cores per cpu, 2 threads per core) family 6 model 142 stepping 10 microcode 0xf4, cx8, cmov, fxsr, ht, mmx, 3dnowpref, sse, sse2, sse3, ssse3, sse4.1, sse4.2, popcnt, lzcnt, tsc, tscinvbit, avx, avx2, aes, erms, clmul, bmi1, bmi2, rtm, adx, fma, vzeroupper, clflush, clflushopt, hv
Processor Information for all 8 processors :
  Max Mhz: 1896, Current Mhz: 1696, Mhz Limit: 1687

Memory: 4k page, system-wide physical 16242M (925M free)
TotalPageFile size 23642M (AvailPageFile size 2M)
current process WorkingSet (physical memory assigned to process): 303M, peak: 581M
current process commit charge ("private bytes"): 576M, peak: 619M

vm_info: OpenJDK 64-Bit Server VM (17.0.15+6) for windows-amd64 JRE (17.0.15+6), built on Apr 15 2025 21:25:47 by "admin" with MS VC++ 17.7 (VS2022)

END.
