#
# There is insufficient memory for the Java Runtime Environment to continue.
# Native memory allocation (malloc) failed to allocate 218496 bytes. Error detail: Chunk::new
# Possible reasons:
#   The system is out of physical RAM or swap space
#   This process is running with CompressedOops enabled, and the Java Heap may be blocking the growth of the native heap
# Possible solutions:
#   Reduce memory load on the system
#   Increase physical memory or swap space
#   Check if swap backing store is full
#   Decrease Java heap size (-Xmx/-Xms)
#   Decrease number of Java threads
#   Decrease Java thread stack sizes (-Xss)
#   Set larger code cache with -XX:ReservedCodeCacheSize=
#   JVM is running with Unscaled Compressed Oops mode in which the Java heap is
#     placed in the first 4GB address space. The Java Heap base address is the
#     maximum limit for the native heap growth. Please use -XX:HeapBaseMinAddress
#     to set the Java Heap base and to place the Java Heap above 4GB virtual address.
# This output file may be truncated or incomplete.
#
#  Out of Memory Error (arena.cpp:191), pid=18852, tid=11692
#
# JRE version: OpenJDK Runtime Environment Temurin-17.0.15+6 (17.0.15+6) (build 17.0.15+6)
# Java VM: OpenJDK 64-Bit Server VM Temurin-17.0.15+6 (17.0.15+6, mixed mode, sharing, tiered, compressed oops, compressed class ptrs, g1 gc, windows-amd64)
# No core dump will be written. Minidumps are not enabled by default on client versions of Windows
#

---------------  S U M M A R Y ------------

Command Line: -javaagent:C:\Program Files\JetBrains\IntelliJ IDEA Community Edition 2024.2.1\lib\idea_rt.jar=55851:C:\Program Files\JetBrains\IntelliJ IDEA Community Edition 2024.2.1\bin -Dfile.encoding=UTF-8 com.optimize.elykia.core.OptimizeElykiaCoreApplication

Host: Intel(R) Core(TM) i5-8350U CPU @ 1.70GHz, 8 cores, 7G,  Windows 11 , 64 bit Build 26100 (10.0.26100.5074)
Time: Tue Sep 16 20:41:22 2025 Greenwich elapsed time: 174.886586 seconds (0d 0h 2m 54s)

---------------  T H R E A D  ---------------

Current thread (0x0000016a878df7c0):  JavaThread "C2 CompilerThread0" daemon [_thread_in_native, id=11692, stack(0x0000001305500000,0x0000001305600000)]


Current CompileTask:
C2: 174888 14408 %     4       java.util.AbstractCollection::containsAll @ 7 (38 bytes)

Stack: [0x0000001305500000,0x0000001305600000]
Native frames: (J=compiled Java code, j=interpreted, Vv=VM code, C=native code)
V  [jvm.dll+0x682fc9]
V  [jvm.dll+0x839878]
V  [jvm.dll+0x83b323]
V  [jvm.dll+0x83b993]
V  [jvm.dll+0x24725f]
V  [jvm.dll+0xacea4]
V  [jvm.dll+0xad53c]
V  [jvm.dll+0x2aca8f]
V  [jvm.dll+0x589079]
V  [jvm.dll+0x2210b2]
V  [jvm.dll+0x219f7c]
V  [jvm.dll+0x21758b]
V  [jvm.dll+0x1a31b0]
V  [jvm.dll+0x227a9c]
V  [jvm.dll+0x225bfb]
V  [jvm.dll+0x7ef018]
V  [jvm.dll+0x7e94dc]
V  [jvm.dll+0x681ea7]
C  [ucrtbase.dll+0x37b0]
C  [KERNEL32.DLL+0x2e8d7]
C  [ntdll.dll+0x8d9c]


---------------  P R O C E S S  ---------------

Threads class SMR info:
_java_thread_list=0x0000016ad33d4d00, length=34, elements={
0x0000016a8765a560, 0x0000016a8765d130, 0x0000016a8766e700, 0x0000016a878d2190,
0x0000016a878d2b50, 0x0000016a878d3510, 0x0000016a878df7c0, 0x0000016a878e0270,
0x0000016a878eacb0, 0x0000016a876465e0, 0x0000016acd409980, 0x0000016acd409e60,
0x0000016ace8fcf80, 0x0000016ace900220, 0x0000016ad16072a0, 0x0000016ad160aa50,
0x0000016ad1609100, 0x0000016ad160a030, 0x0000016ad1609610, 0x0000016ad1609b20,
0x0000016ad160af60, 0x0000016ad1607cc0, 0x0000016ad16077b0, 0x0000016ad160b470,
0x0000016ad160b980, 0x0000016ad16081d0, 0x0000016ad16086e0, 0x0000016ad160d7e0,
0x0000016ad160c8b0, 0x0000016ad160cdc0, 0x0000016ad160dcf0, 0x0000016ad160a540,
0x0000016ace800520, 0x0000016ace802890
}

Java Threads: ( => current thread )
  0x0000016a8765a560 JavaThread "Reference Handler" daemon [_thread_blocked, id=18252, stack(0x0000001304f00000,0x0000001305000000)]
  0x0000016a8765d130 JavaThread "Finalizer" daemon [_thread_blocked, id=23160, stack(0x0000001305000000,0x0000001305100000)]
  0x0000016a8766e700 JavaThread "Signal Dispatcher" daemon [_thread_blocked, id=16964, stack(0x0000001305100000,0x0000001305200000)]
  0x0000016a878d2190 JavaThread "Attach Listener" daemon [_thread_blocked, id=8672, stack(0x0000001305200000,0x0000001305300000)]
  0x0000016a878d2b50 JavaThread "Service Thread" daemon [_thread_blocked, id=2212, stack(0x0000001305300000,0x0000001305400000)]
  0x0000016a878d3510 JavaThread "Monitor Deflation Thread" daemon [_thread_blocked, id=1652, stack(0x0000001305400000,0x0000001305500000)]
=>0x0000016a878df7c0 JavaThread "C2 CompilerThread0" daemon [_thread_in_native, id=11692, stack(0x0000001305500000,0x0000001305600000)]
  0x0000016a878e0270 JavaThread "C1 CompilerThread0" daemon [_thread_blocked, id=22880, stack(0x0000001305600000,0x0000001305700000)]
  0x0000016a878eacb0 JavaThread "Sweeper thread" daemon [_thread_blocked, id=26196, stack(0x0000001305700000,0x0000001305800000)]
  0x0000016a876465e0 JavaThread "Common-Cleaner" daemon [_thread_blocked, id=9924, stack(0x0000001305800000,0x0000001305900000)]
  0x0000016acd409980 JavaThread "Monitor Ctrl-Break" daemon [_thread_in_native, id=13120, stack(0x0000001305900000,0x0000001305a00000)]
  0x0000016acd409e60 JavaThread "Notification Thread" daemon [_thread_blocked, id=8408, stack(0x0000001305a00000,0x0000001305b00000)]
  0x0000016ace8fcf80 JavaThread "PostgreSQL-JDBC-Cleaner" daemon [_thread_blocked, id=21896, stack(0x0000001306900000,0x0000001306a00000)]
  0x0000016ace900220 JavaThread "HikariPool-1 housekeeper" daemon [_thread_blocked, id=21576, stack(0x0000001306a00000,0x0000001306b00000)]
  0x0000016ad16072a0 JavaThread "Catalina-utility-1" [_thread_blocked, id=14032, stack(0x0000001306b00000,0x0000001306c00000)]
  0x0000016ad160aa50 JavaThread "Catalina-utility-2" [_thread_blocked, id=15684, stack(0x0000001306c00000,0x0000001306d00000)]
  0x0000016ad1609100 JavaThread "http-nio-8081-exec-1" daemon [_thread_blocked, id=16064, stack(0x0000001306d00000,0x0000001306e00000)]
  0x0000016ad160a030 JavaThread "http-nio-8081-exec-2" daemon [_thread_blocked, id=7800, stack(0x0000001306e00000,0x0000001306f00000)]
  0x0000016ad1609610 JavaThread "http-nio-8081-exec-3" daemon [_thread_blocked, id=2280, stack(0x0000001306f00000,0x0000001307000000)]
  0x0000016ad1609b20 JavaThread "http-nio-8081-exec-4" daemon [_thread_blocked, id=17224, stack(0x0000001307000000,0x0000001307100000)]
  0x0000016ad160af60 JavaThread "http-nio-8081-exec-5" daemon [_thread_blocked, id=15712, stack(0x0000001307100000,0x0000001307200000)]
  0x0000016ad1607cc0 JavaThread "http-nio-8081-exec-6" daemon [_thread_blocked, id=18104, stack(0x0000001307200000,0x0000001307300000)]
  0x0000016ad16077b0 JavaThread "http-nio-8081-exec-7" daemon [_thread_blocked, id=21720, stack(0x0000001307300000,0x0000001307400000)]
  0x0000016ad160b470 JavaThread "http-nio-8081-exec-8" daemon [_thread_blocked, id=14928, stack(0x0000001307400000,0x0000001307500000)]
  0x0000016ad160b980 JavaThread "http-nio-8081-exec-9" daemon [_thread_blocked, id=11312, stack(0x0000001307500000,0x0000001307600000)]
  0x0000016ad16081d0 JavaThread "http-nio-8081-exec-10" daemon [_thread_blocked, id=8168, stack(0x0000001307600000,0x0000001307700000)]
  0x0000016ad16086e0 JavaThread "container-0" [_thread_blocked, id=2316, stack(0x0000001307700000,0x0000001307800000)]
  0x0000016ad160d7e0 JavaThread "File Watcher" daemon [_thread_blocked, id=20164, stack(0x0000001307800000,0x0000001307900000)]
  0x0000016ad160c8b0 JavaThread "Live Reload Server" daemon [_thread_in_native, id=26096, stack(0x0000001307900000,0x0000001307a00000)]
  0x0000016ad160cdc0 JavaThread "http-nio-8081-Poller" daemon [_thread_in_native, id=12924, stack(0x0000001307a00000,0x0000001307b00000)]
  0x0000016ad160dcf0 JavaThread "http-nio-8081-Acceptor" daemon [_thread_in_native, id=16668, stack(0x0000001307b00000,0x0000001307c00000)]
  0x0000016ad160a540 JavaThread "scheduling-1" [_thread_blocked, id=21336, stack(0x0000001307c00000,0x0000001307d00000)]
  0x0000016ace800520 JavaThread "registrationTask1" [_thread_blocked, id=26016, stack(0x0000001306300000,0x0000001306400000)]
  0x0000016ace802890 JavaThread "DestroyJavaVM" [_thread_blocked, id=18364, stack(0x0000001304800000,0x0000001304900000)]

Other Threads:
  0x0000016a87655020 VMThread "VM Thread" [stack: 0x0000001304e00000,0x0000001304f00000] [id=9952]
  0x0000016acd40b770 WatcherThread [stack: 0x0000001305b00000,0x0000001305c00000] [id=1556]
  0x0000016ae934c210 GCTaskThread "GC Thread#0" [stack: 0x0000001304900000,0x0000001304a00000] [id=18024]
  0x0000016acdc519a0 GCTaskThread "GC Thread#1" [stack: 0x0000001305d00000,0x0000001305e00000] [id=17300]
  0x0000016acdc51c60 GCTaskThread "GC Thread#2" [stack: 0x0000001305e00000,0x0000001305f00000] [id=19428]
  0x0000016acdc503a0 GCTaskThread "GC Thread#3" [stack: 0x0000001305f00000,0x0000001306000000] [id=24300]
  0x0000016acdc51160 GCTaskThread "GC Thread#4" [stack: 0x0000001306000000,0x0000001306100000] [id=24628]
  0x0000016acdc51f20 GCTaskThread "GC Thread#5" [stack: 0x0000001306400000,0x0000001306500000] [id=7816]
  0x0000016acdc50ea0 GCTaskThread "GC Thread#6" [stack: 0x0000001306500000,0x0000001306600000] [id=2084]
  0x0000016acdc50be0 GCTaskThread "GC Thread#7" [stack: 0x0000001306600000,0x0000001306700000] [id=22732]
  0x0000016ae935d9f0 ConcurrentGCThread "G1 Main Marker" [stack: 0x0000001304a00000,0x0000001304b00000] [id=7920]
  0x0000016ae93602d0 ConcurrentGCThread "G1 Conc#0" [stack: 0x0000001304b00000,0x0000001304c00000] [id=25520]
  0x0000016acdc516e0 ConcurrentGCThread "G1 Conc#1" [stack: 0x0000001306800000,0x0000001306900000] [id=14388]
  0x0000016ae938d960 ConcurrentGCThread "G1 Refine#0" [stack: 0x0000001304c00000,0x0000001304d00000] [id=24188]
  0x0000016ae938e230 ConcurrentGCThread "G1 Service" [stack: 0x0000001304d00000,0x0000001304e00000] [id=10348]

Threads with active compile tasks:
C2 CompilerThread0   175976 14408 %     4       java.util.AbstractCollection::containsAll @ 7 (38 bytes)

VM state: not at safepoint (normal execution)

VM Mutex/Monitor currently owned by a thread: None

Heap address: 0x0000000082200000, size: 2014 MB, Compressed Oops mode: 32-bit

CDS archive(s) mapped at: [0x0000016a88000000-0x0000016a88bb0000-0x0000016a88bb0000), size 12255232, SharedBaseAddress: 0x0000016a88000000, ArchiveRelocationMode: 1.
Compressed class space mapped at: 0x0000016a89000000-0x0000016ac9000000, reserved size: 1073741824
Narrow klass base: 0x0000016a88000000, Narrow klass shift: 0, Narrow klass range: 0x100000000

GC Precious Log:
 CPUs: 8 total, 8 available
 Memory: 8050M
 Large Page Support: Disabled
 NUMA Support: Disabled
 Compressed Oops: Enabled (32-bit)
 Heap Region Size: 1M
 Heap Min Capacity: 8M
 Heap Initial Capacity: 126M
 Heap Max Capacity: 2014M
 Pre-touch: Disabled
 Parallel Workers: 8
 Concurrent Workers: 2
 Concurrent Refinement Workers: 8
 Periodic GC: Disabled

Heap:
 garbage-first heap   total 313344K, used 152630K [0x0000000082200000, 0x0000000100000000)
  region size 1024K, 82 young (83968K), 4 survivors (4096K)
 Metaspace       used 101764K, committed 102656K, reserved 1179648K
  class space    used 13723K, committed 14144K, reserved 1048576K

Heap Regions: E=young(eden), S=young(survivor), O=old, HS=humongous(starts), HC=humongous(continues), CS=collection set, F=free, OA=open archive, CA=closed archive, TAMS=top-at-mark-start (previous, next)
|   0|0x0000000082200000, 0x0000000082300000, 0x0000000082300000|100%|HS|  |TAMS 0x0000000082300000, 0x0000000082200000| Complete 
|   1|0x0000000082300000, 0x0000000082400000, 0x0000000082400000|100%| O|  |TAMS 0x0000000082400000, 0x0000000082300000| Untracked 
|   2|0x0000000082400000, 0x0000000082500000, 0x0000000082500000|100%| O|  |TAMS 0x0000000082500000, 0x0000000082400000| Untracked 
|   3|0x0000000082500000, 0x0000000082600000, 0x0000000082600000|100%| O|  |TAMS 0x0000000082600000, 0x0000000082500000| Untracked 
|   4|0x0000000082600000, 0x0000000082700000, 0x0000000082700000|100%| O|  |TAMS 0x0000000082700000, 0x0000000082600000| Untracked 
|   5|0x0000000082700000, 0x0000000082800000, 0x0000000082800000|100%| O|  |TAMS 0x0000000082800000, 0x0000000082700000| Untracked 
|   6|0x0000000082800000, 0x0000000082900000, 0x0000000082900000|100%| O|  |TAMS 0x0000000082900000, 0x0000000082800000| Untracked 
|   7|0x0000000082900000, 0x0000000082a00000, 0x0000000082a00000|100%| O|  |TAMS 0x0000000082a00000, 0x0000000082900000| Untracked 
|   8|0x0000000082a00000, 0x0000000082b00000, 0x0000000082b00000|100%| O|  |TAMS 0x0000000082b00000, 0x0000000082a00000| Untracked 
|   9|0x0000000082b00000, 0x0000000082c00000, 0x0000000082c00000|100%| O|  |TAMS 0x0000000082c00000, 0x0000000082b00000| Untracked 
|  10|0x0000000082c00000, 0x0000000082d00000, 0x0000000082d00000|100%| O|  |TAMS 0x0000000082d00000, 0x0000000082c00000| Untracked 
|  11|0x0000000082d00000, 0x0000000082e00000, 0x0000000082e00000|100%| O|  |TAMS 0x0000000082e00000, 0x0000000082d00000| Untracked 
|  12|0x0000000082e00000, 0x0000000082f00000, 0x0000000082f00000|100%| O|  |TAMS 0x0000000082f00000, 0x0000000082e00000| Untracked 
|  13|0x0000000082f00000, 0x0000000083000000, 0x0000000083000000|100%| O|  |TAMS 0x0000000083000000, 0x0000000082f00000| Untracked 
|  14|0x0000000083000000, 0x0000000083100000, 0x0000000083100000|100%| O|  |TAMS 0x0000000083100000, 0x0000000083000000| Untracked 
|  15|0x0000000083100000, 0x0000000083200000, 0x0000000083200000|100%| O|  |TAMS 0x0000000083200000, 0x0000000083100000| Untracked 
|  16|0x0000000083200000, 0x0000000083300000, 0x0000000083300000|100%| O|  |TAMS 0x0000000083300000, 0x0000000083200000| Untracked 
|  17|0x0000000083300000, 0x0000000083400000, 0x0000000083400000|100%| O|  |TAMS 0x0000000083400000, 0x0000000083300000| Untracked 
|  18|0x0000000083400000, 0x0000000083500000, 0x0000000083500000|100%| O|  |TAMS 0x0000000083500000, 0x0000000083400000| Untracked 
|  19|0x0000000083500000, 0x0000000083600000, 0x0000000083600000|100%| O|  |TAMS 0x0000000083600000, 0x0000000083500000| Untracked 
|  20|0x0000000083600000, 0x0000000083700000, 0x0000000083700000|100%| O|  |TAMS 0x0000000083700000, 0x0000000083600000| Untracked 
|  21|0x0000000083700000, 0x0000000083800000, 0x0000000083800000|100%| O|  |TAMS 0x0000000083800000, 0x0000000083700000| Untracked 
|  22|0x0000000083800000, 0x0000000083900000, 0x0000000083900000|100%| O|  |TAMS 0x0000000083900000, 0x0000000083800000| Untracked 
|  23|0x0000000083900000, 0x0000000083a00000, 0x0000000083a00000|100%| O|  |TAMS 0x0000000083a00000, 0x0000000083900000| Untracked 
|  24|0x0000000083a00000, 0x0000000083b00000, 0x0000000083b00000|100%| O|  |TAMS 0x0000000083b00000, 0x0000000083a00000| Untracked 
|  25|0x0000000083b00000, 0x0000000083c00000, 0x0000000083c00000|100%| O|  |TAMS 0x0000000083c00000, 0x0000000083b00000| Untracked 
|  26|0x0000000083c00000, 0x0000000083d00000, 0x0000000083d00000|100%| O|  |TAMS 0x0000000083d00000, 0x0000000083c00000| Untracked 
|  27|0x0000000083d00000, 0x0000000083e00000, 0x0000000083e00000|100%| O|  |TAMS 0x0000000083e00000, 0x0000000083d00000| Untracked 
|  28|0x0000000083e00000, 0x0000000083f00000, 0x0000000083f00000|100%| O|  |TAMS 0x0000000083f00000, 0x0000000083e00000| Untracked 
|  29|0x0000000083f00000, 0x0000000084000000, 0x0000000084000000|100%| O|  |TAMS 0x0000000084000000, 0x0000000083f00000| Untracked 
|  30|0x0000000084000000, 0x0000000084100000, 0x0000000084100000|100%| O|  |TAMS 0x0000000084100000, 0x0000000084000000| Untracked 
|  31|0x0000000084100000, 0x0000000084200000, 0x0000000084200000|100%| O|  |TAMS 0x0000000084200000, 0x0000000084100000| Untracked 
|  32|0x0000000084200000, 0x0000000084300000, 0x0000000084300000|100%| O|  |TAMS 0x0000000084300000, 0x0000000084200000| Untracked 
|  33|0x0000000084300000, 0x0000000084400000, 0x0000000084400000|100%| O|  |TAMS 0x0000000084400000, 0x0000000084300000| Untracked 
|  34|0x0000000084400000, 0x0000000084500000, 0x0000000084500000|100%| O|  |TAMS 0x0000000084500000, 0x0000000084400000| Untracked 
|  35|0x0000000084500000, 0x0000000084600000, 0x0000000084600000|100%| O|  |TAMS 0x0000000084600000, 0x0000000084500000| Untracked 
|  36|0x0000000084600000, 0x0000000084700000, 0x0000000084700000|100%| O|  |TAMS 0x0000000084700000, 0x0000000084600000| Untracked 
|  37|0x0000000084700000, 0x0000000084800000, 0x0000000084800000|100%| O|  |TAMS 0x0000000084800000, 0x0000000084700000| Untracked 
|  38|0x0000000084800000, 0x0000000084900000, 0x0000000084900000|100%| O|  |TAMS 0x0000000084900000, 0x0000000084800000| Untracked 
|  39|0x0000000084900000, 0x0000000084a00000, 0x0000000084a00000|100%| O|  |TAMS 0x0000000084a00000, 0x0000000084900000| Untracked 
|  40|0x0000000084a00000, 0x0000000084b00000, 0x0000000084b00000|100%| O|  |TAMS 0x0000000084b00000, 0x0000000084a00000| Untracked 
|  41|0x0000000084b00000, 0x0000000084c00000, 0x0000000084c00000|100%| O|  |TAMS 0x0000000084c00000, 0x0000000084b00000| Untracked 
|  42|0x0000000084c00000, 0x0000000084d00000, 0x0000000084d00000|100%| O|  |TAMS 0x0000000084d00000, 0x0000000084c00000| Untracked 
|  43|0x0000000084d00000, 0x0000000084e00000, 0x0000000084e00000|100%| O|  |TAMS 0x0000000084e00000, 0x0000000084d00000| Untracked 
|  44|0x0000000084e00000, 0x0000000084f00000, 0x0000000084f00000|100%| O|  |TAMS 0x0000000084f00000, 0x0000000084e00000| Untracked 
|  45|0x0000000084f00000, 0x0000000085000000, 0x0000000085000000|100%| O|  |TAMS 0x0000000085000000, 0x0000000084f00000| Untracked 
|  46|0x0000000085000000, 0x0000000085100000, 0x0000000085100000|100%| O|  |TAMS 0x0000000085100000, 0x0000000085000000| Untracked 
|  47|0x0000000085100000, 0x0000000085200000, 0x0000000085200000|100%| O|  |TAMS 0x0000000085200000, 0x0000000085100000| Untracked 
|  48|0x0000000085200000, 0x0000000085300000, 0x0000000085300000|100%| O|  |TAMS 0x0000000085300000, 0x0000000085200000| Untracked 
|  49|0x0000000085300000, 0x0000000085400000, 0x0000000085400000|100%| O|  |TAMS 0x0000000085400000, 0x0000000085300000| Untracked 
|  50|0x0000000085400000, 0x0000000085500000, 0x0000000085500000|100%| O|  |TAMS 0x0000000085500000, 0x0000000085400000| Untracked 
|  51|0x0000000085500000, 0x0000000085600000, 0x0000000085600000|100%| O|  |TAMS 0x0000000085600000, 0x0000000085500000| Untracked 
|  52|0x0000000085600000, 0x0000000085700000, 0x0000000085700000|100%| O|  |TAMS 0x0000000085700000, 0x0000000085600000| Untracked 
|  53|0x0000000085700000, 0x0000000085800000, 0x0000000085800000|100%| O|  |TAMS 0x0000000085800000, 0x0000000085700000| Untracked 
|  54|0x0000000085800000, 0x0000000085800000, 0x0000000085900000|  0%| F|  |TAMS 0x0000000085800000, 0x0000000085800000| Untracked 
|  55|0x0000000085900000, 0x0000000085900000, 0x0000000085a00000|  0%| F|  |TAMS 0x0000000085900000, 0x0000000085900000| Untracked 
|  56|0x0000000085a00000, 0x0000000085a00000, 0x0000000085b00000|  0%| F|  |TAMS 0x0000000085a00000, 0x0000000085a00000| Untracked 
|  57|0x0000000085b00000, 0x0000000085b00000, 0x0000000085c00000|  0%| F|  |TAMS 0x0000000085b00000, 0x0000000085b00000| Untracked 
|  58|0x0000000085c00000, 0x0000000085c00000, 0x0000000085d00000|  0%| F|  |TAMS 0x0000000085c00000, 0x0000000085c00000| Untracked 
|  59|0x0000000085d00000, 0x0000000085e00000, 0x0000000085e00000|100%| O|  |TAMS 0x0000000085e00000, 0x0000000085d00000| Untracked 
|  60|0x0000000085e00000, 0x0000000085f00000, 0x0000000085f00000|100%| O|  |TAMS 0x0000000085f00000, 0x0000000085e00000| Untracked 
|  61|0x0000000085f00000, 0x0000000085f00000, 0x0000000086000000|  0%| F|  |TAMS 0x0000000085f00000, 0x0000000085f00000| Untracked 
|  62|0x0000000086000000, 0x0000000086000000, 0x0000000086100000|  0%| F|  |TAMS 0x0000000086000000, 0x0000000086000000| Untracked 
|  63|0x0000000086100000, 0x0000000086100000, 0x0000000086200000|  0%| F|  |TAMS 0x0000000086100000, 0x0000000086100000| Untracked 
|  64|0x0000000086200000, 0x0000000086200000, 0x0000000086300000|  0%| F|  |TAMS 0x0000000086200000, 0x0000000086200000| Untracked 
|  65|0x0000000086300000, 0x0000000086400000, 0x0000000086400000|100%| O|  |TAMS 0x0000000086400000, 0x0000000086300000| Untracked 
|  66|0x0000000086400000, 0x0000000086500000, 0x0000000086500000|100%| O|  |TAMS 0x0000000086500000, 0x0000000086400000| Untracked 
|  67|0x0000000086500000, 0x0000000086600000, 0x0000000086600000|100%| O|  |TAMS 0x0000000086600000, 0x0000000086500000| Untracked 
|  68|0x0000000086600000, 0x0000000086700000, 0x0000000086700000|100%| O|  |TAMS 0x0000000086600000, 0x0000000086600000| Untracked 
|  69|0x0000000086700000, 0x0000000086800000, 0x0000000086800000|100%| O|  |TAMS 0x0000000086700000, 0x0000000086700000| Untracked 
|  70|0x0000000086800000, 0x0000000086900000, 0x0000000086900000|100%| O|  |TAMS 0x0000000086800000, 0x0000000086800000| Untracked 
|  71|0x0000000086900000, 0x0000000086a00000, 0x0000000086a00000|100%| O|  |TAMS 0x0000000086900000, 0x0000000086900000| Untracked 
|  72|0x0000000086a00000, 0x0000000086b00000, 0x0000000086b00000|100%| O|  |TAMS 0x0000000086a00000, 0x0000000086a00000| Untracked 
|  73|0x0000000086b00000, 0x0000000086c00000, 0x0000000086c00000|100%| O|  |TAMS 0x0000000086b00000, 0x0000000086b00000| Untracked 
|  74|0x0000000086c00000, 0x0000000086d00000, 0x0000000086d00000|100%| O|  |TAMS 0x0000000086c00000, 0x0000000086c00000| Untracked 
|  75|0x0000000086d00000, 0x0000000086e00000, 0x0000000086e00000|100%| O|  |TAMS 0x0000000086d00000, 0x0000000086d00000| Untracked 
|  76|0x0000000086e00000, 0x0000000086f00000, 0x0000000086f00000|100%| O|  |TAMS 0x0000000086e00000, 0x0000000086e00000| Untracked 
|  77|0x0000000086f00000, 0x0000000087000000, 0x0000000087000000|100%| O|  |TAMS 0x0000000086f00000, 0x0000000086f00000| Untracked 
|  78|0x0000000087000000, 0x00000000870d5c00, 0x0000000087100000| 83%| O|  |TAMS 0x0000000087000000, 0x0000000087000000| Untracked 
|  79|0x0000000087100000, 0x0000000087100000, 0x0000000087200000|  0%| F|  |TAMS 0x0000000087100000, 0x0000000087100000| Untracked 
|  80|0x0000000087200000, 0x0000000087200000, 0x0000000087300000|  0%| F|  |TAMS 0x0000000087200000, 0x0000000087200000| Untracked 
|  81|0x0000000087300000, 0x0000000087300000, 0x0000000087400000|  0%| F|  |TAMS 0x0000000087300000, 0x0000000087300000| Untracked 
|  82|0x0000000087400000, 0x0000000087400000, 0x0000000087500000|  0%| F|  |TAMS 0x0000000087400000, 0x0000000087400000| Untracked 
|  83|0x0000000087500000, 0x0000000087500000, 0x0000000087600000|  0%| F|  |TAMS 0x0000000087500000, 0x0000000087500000| Untracked 
|  84|0x0000000087600000, 0x0000000087600000, 0x0000000087700000|  0%| F|  |TAMS 0x0000000087600000, 0x0000000087600000| Untracked 
|  85|0x0000000087700000, 0x0000000087700000, 0x0000000087800000|  0%| F|  |TAMS 0x0000000087700000, 0x0000000087700000| Untracked 
|  86|0x0000000087800000, 0x0000000087800000, 0x0000000087900000|  0%| F|  |TAMS 0x0000000087800000, 0x0000000087800000| Untracked 
|  87|0x0000000087900000, 0x0000000087900000, 0x0000000087a00000|  0%| F|  |TAMS 0x0000000087900000, 0x0000000087900000| Untracked 
|  88|0x0000000087a00000, 0x0000000087a00000, 0x0000000087b00000|  0%| F|  |TAMS 0x0000000087a00000, 0x0000000087a00000| Untracked 
|  89|0x0000000087b00000, 0x0000000087b00000, 0x0000000087c00000|  0%| F|  |TAMS 0x0000000087b00000, 0x0000000087b00000| Untracked 
|  90|0x0000000087c00000, 0x0000000087c00000, 0x0000000087d00000|  0%| F|  |TAMS 0x0000000087c00000, 0x0000000087c00000| Untracked 
|  91|0x0000000087d00000, 0x0000000087d00000, 0x0000000087e00000|  0%| F|  |TAMS 0x0000000087d00000, 0x0000000087d00000| Untracked 
|  92|0x0000000087e00000, 0x0000000087e00000, 0x0000000087f00000|  0%| F|  |TAMS 0x0000000087e00000, 0x0000000087e00000| Untracked 
|  93|0x0000000087f00000, 0x0000000087f37d40, 0x0000000088000000| 21%| S|CS|TAMS 0x0000000087f00000, 0x0000000087f00000| Complete 
|  94|0x0000000088000000, 0x0000000088100000, 0x0000000088100000|100%| S|CS|TAMS 0x0000000088000000, 0x0000000088000000| Complete 
|  95|0x0000000088100000, 0x0000000088200000, 0x0000000088200000|100%| S|CS|TAMS 0x0000000088100000, 0x0000000088100000| Complete 
|  96|0x0000000088200000, 0x0000000088300000, 0x0000000088300000|100%| S|CS|TAMS 0x0000000088200000, 0x0000000088200000| Complete 
|  97|0x0000000088300000, 0x0000000088300000, 0x0000000088400000|  0%| F|  |TAMS 0x0000000088300000, 0x0000000088300000| Untracked 
|  98|0x0000000088400000, 0x0000000088400000, 0x0000000088500000|  0%| F|  |TAMS 0x0000000088400000, 0x0000000088400000| Untracked 
|  99|0x0000000088500000, 0x0000000088500000, 0x0000000088600000|  0%| F|  |TAMS 0x0000000088500000, 0x0000000088500000| Untracked 
| 100|0x0000000088600000, 0x0000000088600000, 0x0000000088700000|  0%| F|  |TAMS 0x0000000088600000, 0x0000000088600000| Untracked 
| 101|0x0000000088700000, 0x0000000088700000, 0x0000000088800000|  0%| F|  |TAMS 0x0000000088700000, 0x0000000088700000| Untracked 
| 102|0x0000000088800000, 0x0000000088800000, 0x0000000088900000|  0%| F|  |TAMS 0x0000000088800000, 0x0000000088800000| Untracked 
| 103|0x0000000088900000, 0x0000000088900000, 0x0000000088a00000|  0%| F|  |TAMS 0x0000000088900000, 0x0000000088900000| Untracked 
| 104|0x0000000088a00000, 0x0000000088a00000, 0x0000000088b00000|  0%| F|  |TAMS 0x0000000088a00000, 0x0000000088a00000| Untracked 
| 105|0x0000000088b00000, 0x0000000088b00000, 0x0000000088c00000|  0%| F|  |TAMS 0x0000000088b00000, 0x0000000088b00000| Untracked 
| 106|0x0000000088c00000, 0x0000000088c00000, 0x0000000088d00000|  0%| F|  |TAMS 0x0000000088c00000, 0x0000000088c00000| Untracked 
| 107|0x0000000088d00000, 0x0000000088d00000, 0x0000000088e00000|  0%| F|  |TAMS 0x0000000088d00000, 0x0000000088d00000| Untracked 
| 108|0x0000000088e00000, 0x0000000088e00000, 0x0000000088f00000|  0%| F|  |TAMS 0x0000000088e00000, 0x0000000088e00000| Untracked 
| 109|0x0000000088f00000, 0x0000000088f00000, 0x0000000089000000|  0%| F|  |TAMS 0x0000000088f00000, 0x0000000088f00000| Untracked 
| 110|0x0000000089000000, 0x0000000089000000, 0x0000000089100000|  0%| F|  |TAMS 0x0000000089000000, 0x0000000089000000| Untracked 
| 111|0x0000000089100000, 0x0000000089100000, 0x0000000089200000|  0%| F|  |TAMS 0x0000000089100000, 0x0000000089100000| Untracked 
| 112|0x0000000089200000, 0x0000000089200000, 0x0000000089300000|  0%| F|  |TAMS 0x0000000089200000, 0x0000000089200000| Untracked 
| 113|0x0000000089300000, 0x0000000089300000, 0x0000000089400000|  0%| F|  |TAMS 0x0000000089300000, 0x0000000089300000| Untracked 
| 114|0x0000000089400000, 0x0000000089400000, 0x0000000089500000|  0%| F|  |TAMS 0x0000000089400000, 0x0000000089400000| Untracked 
| 115|0x0000000089500000, 0x0000000089500000, 0x0000000089600000|  0%| F|  |TAMS 0x0000000089500000, 0x0000000089500000| Untracked 
| 116|0x0000000089600000, 0x0000000089600000, 0x0000000089700000|  0%| F|  |TAMS 0x0000000089600000, 0x0000000089600000| Untracked 
| 117|0x0000000089700000, 0x0000000089700000, 0x0000000089800000|  0%| F|  |TAMS 0x0000000089700000, 0x0000000089700000| Untracked 
| 118|0x0000000089800000, 0x0000000089800000, 0x0000000089900000|  0%| F|  |TAMS 0x0000000089800000, 0x0000000089800000| Untracked 
| 119|0x0000000089900000, 0x0000000089900000, 0x0000000089a00000|  0%| F|  |TAMS 0x0000000089900000, 0x0000000089900000| Untracked 
| 120|0x0000000089a00000, 0x0000000089a00000, 0x0000000089b00000|  0%| F|  |TAMS 0x0000000089a00000, 0x0000000089a00000| Untracked 
| 121|0x0000000089b00000, 0x0000000089b00000, 0x0000000089c00000|  0%| F|  |TAMS 0x0000000089b00000, 0x0000000089b00000| Untracked 
| 122|0x0000000089c00000, 0x0000000089c00000, 0x0000000089d00000|  0%| F|  |TAMS 0x0000000089c00000, 0x0000000089c00000| Untracked 
| 123|0x0000000089d00000, 0x0000000089d00000, 0x0000000089e00000|  0%| F|  |TAMS 0x0000000089d00000, 0x0000000089d00000| Untracked 
| 124|0x0000000089e00000, 0x0000000089e00000, 0x0000000089f00000|  0%| F|  |TAMS 0x0000000089e00000, 0x0000000089e00000| Untracked 
| 125|0x0000000089f00000, 0x0000000089f00000, 0x000000008a000000|  0%| F|  |TAMS 0x0000000089f00000, 0x0000000089f00000| Untracked 
| 126|0x000000008a000000, 0x000000008a000000, 0x000000008a100000|  0%| F|  |TAMS 0x000000008a000000, 0x000000008a000000| Untracked 
| 127|0x000000008a100000, 0x000000008a100000, 0x000000008a200000|  0%| F|  |TAMS 0x000000008a100000, 0x000000008a100000| Untracked 
| 128|0x000000008a200000, 0x000000008a200000, 0x000000008a300000|  0%| F|  |TAMS 0x000000008a200000, 0x000000008a200000| Untracked 
| 129|0x000000008a300000, 0x000000008a300000, 0x000000008a400000|  0%| F|  |TAMS 0x000000008a300000, 0x000000008a300000| Untracked 
| 130|0x000000008a400000, 0x000000008a400000, 0x000000008a500000|  0%| F|  |TAMS 0x000000008a400000, 0x000000008a400000| Untracked 
| 131|0x000000008a500000, 0x000000008a500000, 0x000000008a600000|  0%| F|  |TAMS 0x000000008a500000, 0x000000008a500000| Untracked 
| 132|0x000000008a600000, 0x000000008a600000, 0x000000008a700000|  0%| F|  |TAMS 0x000000008a600000, 0x000000008a600000| Untracked 
| 133|0x000000008a700000, 0x000000008a700000, 0x000000008a800000|  0%| F|  |TAMS 0x000000008a700000, 0x000000008a700000| Untracked 
| 134|0x000000008a800000, 0x000000008a800000, 0x000000008a900000|  0%| F|  |TAMS 0x000000008a800000, 0x000000008a800000| Untracked 
| 135|0x000000008a900000, 0x000000008a900000, 0x000000008aa00000|  0%| F|  |TAMS 0x000000008a900000, 0x000000008a900000| Untracked 
| 136|0x000000008aa00000, 0x000000008aa00000, 0x000000008ab00000|  0%| F|  |TAMS 0x000000008aa00000, 0x000000008aa00000| Untracked 
| 137|0x000000008ab00000, 0x000000008ab00000, 0x000000008ac00000|  0%| F|  |TAMS 0x000000008ab00000, 0x000000008ab00000| Untracked 
| 138|0x000000008ac00000, 0x000000008ac00000, 0x000000008ad00000|  0%| F|  |TAMS 0x000000008ac00000, 0x000000008ac00000| Untracked 
| 139|0x000000008ad00000, 0x000000008ad00000, 0x000000008ae00000|  0%| F|  |TAMS 0x000000008ad00000, 0x000000008ad00000| Untracked 
| 140|0x000000008ae00000, 0x000000008ae00000, 0x000000008af00000|  0%| F|  |TAMS 0x000000008ae00000, 0x000000008ae00000| Untracked 
| 141|0x000000008af00000, 0x000000008af00000, 0x000000008b000000|  0%| F|  |TAMS 0x000000008af00000, 0x000000008af00000| Untracked 
| 142|0x000000008b000000, 0x000000008b000000, 0x000000008b100000|  0%| F|  |TAMS 0x000000008b000000, 0x000000008b000000| Untracked 
| 143|0x000000008b100000, 0x000000008b100000, 0x000000008b200000|  0%| F|  |TAMS 0x000000008b100000, 0x000000008b100000| Untracked 
| 144|0x000000008b200000, 0x000000008b200000, 0x000000008b300000|  0%| F|  |TAMS 0x000000008b200000, 0x000000008b200000| Untracked 
| 145|0x000000008b300000, 0x000000008b300000, 0x000000008b400000|  0%| F|  |TAMS 0x000000008b300000, 0x000000008b300000| Untracked 
| 146|0x000000008b400000, 0x000000008b400000, 0x000000008b500000|  0%| F|  |TAMS 0x000000008b400000, 0x000000008b400000| Untracked 
| 147|0x000000008b500000, 0x000000008b500000, 0x000000008b600000|  0%| F|  |TAMS 0x000000008b500000, 0x000000008b500000| Untracked 
| 148|0x000000008b600000, 0x000000008b600000, 0x000000008b700000|  0%| F|  |TAMS 0x000000008b600000, 0x000000008b600000| Untracked 
| 149|0x000000008b700000, 0x000000008b700000, 0x000000008b800000|  0%| F|  |TAMS 0x000000008b700000, 0x000000008b700000| Untracked 
| 150|0x000000008b800000, 0x000000008b800000, 0x000000008b900000|  0%| F|  |TAMS 0x000000008b800000, 0x000000008b800000| Untracked 
| 151|0x000000008b900000, 0x000000008b900000, 0x000000008ba00000|  0%| F|  |TAMS 0x000000008b900000, 0x000000008b900000| Untracked 
| 152|0x000000008ba00000, 0x000000008ba00000, 0x000000008bb00000|  0%| F|  |TAMS 0x000000008ba00000, 0x000000008ba00000| Untracked 
| 153|0x000000008bb00000, 0x000000008bb00000, 0x000000008bc00000|  0%| F|  |TAMS 0x000000008bb00000, 0x000000008bb00000| Untracked 
| 154|0x000000008bc00000, 0x000000008bc00000, 0x000000008bd00000|  0%| F|  |TAMS 0x000000008bc00000, 0x000000008bc00000| Untracked 
| 155|0x000000008bd00000, 0x000000008bd00000, 0x000000008be00000|  0%| F|  |TAMS 0x000000008bd00000, 0x000000008bd00000| Untracked 
| 156|0x000000008be00000, 0x000000008be00000, 0x000000008bf00000|  0%| F|  |TAMS 0x000000008be00000, 0x000000008be00000| Untracked 
| 157|0x000000008bf00000, 0x000000008bf00000, 0x000000008c000000|  0%| F|  |TAMS 0x000000008bf00000, 0x000000008bf00000| Untracked 
| 158|0x000000008c000000, 0x000000008c000000, 0x000000008c100000|  0%| F|  |TAMS 0x000000008c000000, 0x000000008c000000| Untracked 
| 159|0x000000008c100000, 0x000000008c100000, 0x000000008c200000|  0%| F|  |TAMS 0x000000008c100000, 0x000000008c100000| Untracked 
| 160|0x000000008c200000, 0x000000008c200000, 0x000000008c300000|  0%| F|  |TAMS 0x000000008c200000, 0x000000008c200000| Untracked 
| 161|0x000000008c300000, 0x000000008c300000, 0x000000008c400000|  0%| F|  |TAMS 0x000000008c300000, 0x000000008c300000| Untracked 
| 162|0x000000008c400000, 0x000000008c400000, 0x000000008c500000|  0%| F|  |TAMS 0x000000008c400000, 0x000000008c400000| Untracked 
| 163|0x000000008c500000, 0x000000008c500000, 0x000000008c600000|  0%| F|  |TAMS 0x000000008c500000, 0x000000008c500000| Untracked 
| 164|0x000000008c600000, 0x000000008c600000, 0x000000008c700000|  0%| F|  |TAMS 0x000000008c600000, 0x000000008c600000| Untracked 
| 165|0x000000008c700000, 0x000000008c700000, 0x000000008c800000|  0%| F|  |TAMS 0x000000008c700000, 0x000000008c700000| Untracked 
| 166|0x000000008c800000, 0x000000008c800000, 0x000000008c900000|  0%| F|  |TAMS 0x000000008c800000, 0x000000008c800000| Untracked 
| 167|0x000000008c900000, 0x000000008c900000, 0x000000008ca00000|  0%| F|  |TAMS 0x000000008c900000, 0x000000008c900000| Untracked 
| 168|0x000000008ca00000, 0x000000008ca00000, 0x000000008cb00000|  0%| F|  |TAMS 0x000000008ca00000, 0x000000008ca00000| Untracked 
| 169|0x000000008cb00000, 0x000000008cb00000, 0x000000008cc00000|  0%| F|  |TAMS 0x000000008cb00000, 0x000000008cb00000| Untracked 
| 170|0x000000008cc00000, 0x000000008cc00000, 0x000000008cd00000|  0%| F|  |TAMS 0x000000008cc00000, 0x000000008cc00000| Untracked 
| 171|0x000000008cd00000, 0x000000008cd00000, 0x000000008ce00000|  0%| F|  |TAMS 0x000000008cd00000, 0x000000008cd00000| Untracked 
| 172|0x000000008ce00000, 0x000000008ce00000, 0x000000008cf00000|  0%| F|  |TAMS 0x000000008ce00000, 0x000000008ce00000| Untracked 
| 173|0x000000008cf00000, 0x000000008cf00000, 0x000000008d000000|  0%| F|  |TAMS 0x000000008cf00000, 0x000000008cf00000| Untracked 
| 174|0x000000008d000000, 0x000000008d000000, 0x000000008d100000|  0%| F|  |TAMS 0x000000008d000000, 0x000000008d000000| Untracked 
| 175|0x000000008d100000, 0x000000008d100000, 0x000000008d200000|  0%| F|  |TAMS 0x000000008d100000, 0x000000008d100000| Untracked 
| 176|0x000000008d200000, 0x000000008d200000, 0x000000008d300000|  0%| F|  |TAMS 0x000000008d200000, 0x000000008d200000| Untracked 
| 177|0x000000008d300000, 0x000000008d300000, 0x000000008d400000|  0%| F|  |TAMS 0x000000008d300000, 0x000000008d300000| Untracked 
| 178|0x000000008d400000, 0x000000008d400000, 0x000000008d500000|  0%| F|  |TAMS 0x000000008d400000, 0x000000008d400000| Untracked 
| 179|0x000000008d500000, 0x000000008d500000, 0x000000008d600000|  0%| F|  |TAMS 0x000000008d500000, 0x000000008d500000| Untracked 
| 180|0x000000008d600000, 0x000000008d600000, 0x000000008d700000|  0%| F|  |TAMS 0x000000008d600000, 0x000000008d600000| Untracked 
| 181|0x000000008d700000, 0x000000008d700000, 0x000000008d800000|  0%| F|  |TAMS 0x000000008d700000, 0x000000008d700000| Untracked 
| 182|0x000000008d800000, 0x000000008d800000, 0x000000008d900000|  0%| F|  |TAMS 0x000000008d800000, 0x000000008d800000| Untracked 
| 183|0x000000008d900000, 0x000000008d900000, 0x000000008da00000|  0%| F|  |TAMS 0x000000008d900000, 0x000000008d900000| Untracked 
| 184|0x000000008da00000, 0x000000008da00000, 0x000000008db00000|  0%| F|  |TAMS 0x000000008da00000, 0x000000008da00000| Untracked 
| 185|0x000000008db00000, 0x000000008db00000, 0x000000008dc00000|  0%| F|  |TAMS 0x000000008db00000, 0x000000008db00000| Untracked 
| 186|0x000000008dc00000, 0x000000008dc00000, 0x000000008dd00000|  0%| F|  |TAMS 0x000000008dc00000, 0x000000008dc00000| Untracked 
| 187|0x000000008dd00000, 0x000000008dd00000, 0x000000008de00000|  0%| F|  |TAMS 0x000000008dd00000, 0x000000008dd00000| Untracked 
| 188|0x000000008de00000, 0x000000008de00000, 0x000000008df00000|  0%| F|  |TAMS 0x000000008de00000, 0x000000008de00000| Untracked 
| 189|0x000000008df00000, 0x000000008df00000, 0x000000008e000000|  0%| F|  |TAMS 0x000000008df00000, 0x000000008df00000| Untracked 
| 190|0x000000008e000000, 0x000000008e000000, 0x000000008e100000|  0%| F|  |TAMS 0x000000008e000000, 0x000000008e000000| Untracked 
| 191|0x000000008e100000, 0x000000008e100000, 0x000000008e200000|  0%| F|  |TAMS 0x000000008e100000, 0x000000008e100000| Untracked 
| 192|0x000000008e200000, 0x000000008e200000, 0x000000008e300000|  0%| F|  |TAMS 0x000000008e200000, 0x000000008e200000| Untracked 
| 193|0x000000008e300000, 0x000000008e300000, 0x000000008e400000|  0%| F|  |TAMS 0x000000008e300000, 0x000000008e300000| Untracked 
| 194|0x000000008e400000, 0x000000008e400000, 0x000000008e500000|  0%| F|  |TAMS 0x000000008e400000, 0x000000008e400000| Untracked 
| 195|0x000000008e500000, 0x000000008e500000, 0x000000008e600000|  0%| F|  |TAMS 0x000000008e500000, 0x000000008e500000| Untracked 
| 196|0x000000008e600000, 0x000000008e600000, 0x000000008e700000|  0%| F|  |TAMS 0x000000008e600000, 0x000000008e600000| Untracked 
| 197|0x000000008e700000, 0x000000008e700000, 0x000000008e800000|  0%| F|  |TAMS 0x000000008e700000, 0x000000008e700000| Untracked 
| 198|0x000000008e800000, 0x000000008e800000, 0x000000008e900000|  0%| F|  |TAMS 0x000000008e800000, 0x000000008e800000| Untracked 
| 199|0x000000008e900000, 0x000000008e900000, 0x000000008ea00000|  0%| F|  |TAMS 0x000000008e900000, 0x000000008e900000| Untracked 
| 200|0x000000008ea00000, 0x000000008ea00000, 0x000000008eb00000|  0%| F|  |TAMS 0x000000008ea00000, 0x000000008ea00000| Untracked 
| 201|0x000000008eb00000, 0x000000008eb00000, 0x000000008ec00000|  0%| F|  |TAMS 0x000000008eb00000, 0x000000008eb00000| Untracked 
| 202|0x000000008ec00000, 0x000000008ec00000, 0x000000008ed00000|  0%| F|  |TAMS 0x000000008ec00000, 0x000000008ec00000| Untracked 
| 203|0x000000008ed00000, 0x000000008ed00000, 0x000000008ee00000|  0%| F|  |TAMS 0x000000008ed00000, 0x000000008ed00000| Untracked 
| 204|0x000000008ee00000, 0x000000008ee00000, 0x000000008ef00000|  0%| F|  |TAMS 0x000000008ee00000, 0x000000008ee00000| Untracked 
| 205|0x000000008ef00000, 0x000000008ef00000, 0x000000008f000000|  0%| F|  |TAMS 0x000000008ef00000, 0x000000008ef00000| Untracked 
| 206|0x000000008f000000, 0x000000008f000000, 0x000000008f100000|  0%| F|  |TAMS 0x000000008f000000, 0x000000008f000000| Untracked 
| 207|0x000000008f100000, 0x000000008f100000, 0x000000008f200000|  0%| F|  |TAMS 0x000000008f100000, 0x000000008f100000| Untracked 
| 208|0x000000008f200000, 0x000000008f200000, 0x000000008f300000|  0%| F|  |TAMS 0x000000008f200000, 0x000000008f200000| Untracked 
| 209|0x000000008f300000, 0x000000008f300000, 0x000000008f400000|  0%| F|  |TAMS 0x000000008f300000, 0x000000008f300000| Untracked 
| 210|0x000000008f400000, 0x000000008f400000, 0x000000008f500000|  0%| F|  |TAMS 0x000000008f400000, 0x000000008f400000| Untracked 
| 211|0x000000008f500000, 0x000000008f500000, 0x000000008f600000|  0%| F|  |TAMS 0x000000008f500000, 0x000000008f500000| Untracked 
| 212|0x000000008f600000, 0x000000008f600000, 0x000000008f700000|  0%| F|  |TAMS 0x000000008f600000, 0x000000008f600000| Untracked 
| 213|0x000000008f700000, 0x000000008f700000, 0x000000008f800000|  0%| F|  |TAMS 0x000000008f700000, 0x000000008f700000| Untracked 
| 214|0x000000008f800000, 0x000000008f800000, 0x000000008f900000|  0%| F|  |TAMS 0x000000008f800000, 0x000000008f800000| Untracked 
| 215|0x000000008f900000, 0x000000008f900000, 0x000000008fa00000|  0%| F|  |TAMS 0x000000008f900000, 0x000000008f900000| Untracked 
| 216|0x000000008fa00000, 0x000000008fa00000, 0x000000008fb00000|  0%| F|  |TAMS 0x000000008fa00000, 0x000000008fa00000| Untracked 
| 217|0x000000008fb00000, 0x000000008fb00000, 0x000000008fc00000|  0%| F|  |TAMS 0x000000008fb00000, 0x000000008fb00000| Untracked 
| 218|0x000000008fc00000, 0x000000008fc00000, 0x000000008fd00000|  0%| F|  |TAMS 0x000000008fc00000, 0x000000008fc00000| Untracked 
| 219|0x000000008fd00000, 0x000000008fd00000, 0x000000008fe00000|  0%| F|  |TAMS 0x000000008fd00000, 0x000000008fd00000| Untracked 
| 220|0x000000008fe00000, 0x000000008fe00000, 0x000000008ff00000|  0%| F|  |TAMS 0x000000008fe00000, 0x000000008fe00000| Untracked 
| 221|0x000000008ff00000, 0x000000008ff00000, 0x0000000090000000|  0%| F|  |TAMS 0x000000008ff00000, 0x000000008ff00000| Untracked 
| 222|0x0000000090000000, 0x0000000090000000, 0x0000000090100000|  0%| F|  |TAMS 0x0000000090000000, 0x0000000090000000| Untracked 
| 223|0x0000000090100000, 0x0000000090100000, 0x0000000090200000|  0%| F|  |TAMS 0x0000000090100000, 0x0000000090100000| Untracked 
| 224|0x0000000090200000, 0x0000000090200000, 0x0000000090300000|  0%| F|  |TAMS 0x0000000090200000, 0x0000000090200000| Untracked 
| 225|0x0000000090300000, 0x0000000090300000, 0x0000000090400000|  0%| F|  |TAMS 0x0000000090300000, 0x0000000090300000| Untracked 
| 226|0x0000000090400000, 0x0000000090400000, 0x0000000090500000|  0%| F|  |TAMS 0x0000000090400000, 0x0000000090400000| Untracked 
| 227|0x0000000090500000, 0x0000000090500000, 0x0000000090600000|  0%| F|  |TAMS 0x0000000090500000, 0x0000000090500000| Untracked 
| 228|0x0000000090600000, 0x0000000090700000, 0x0000000090700000|100%| E|  |TAMS 0x0000000090600000, 0x0000000090600000| Complete 
| 229|0x0000000090700000, 0x0000000090800000, 0x0000000090800000|100%| E|CS|TAMS 0x0000000090700000, 0x0000000090700000| Complete 
| 230|0x0000000090800000, 0x0000000090900000, 0x0000000090900000|100%| E|CS|TAMS 0x0000000090800000, 0x0000000090800000| Complete 
| 231|0x0000000090900000, 0x0000000090a00000, 0x0000000090a00000|100%| E|CS|TAMS 0x0000000090900000, 0x0000000090900000| Complete 
| 232|0x0000000090a00000, 0x0000000090b00000, 0x0000000090b00000|100%| E|CS|TAMS 0x0000000090a00000, 0x0000000090a00000| Complete 
| 233|0x0000000090b00000, 0x0000000090c00000, 0x0000000090c00000|100%| E|CS|TAMS 0x0000000090b00000, 0x0000000090b00000| Complete 
| 234|0x0000000090c00000, 0x0000000090d00000, 0x0000000090d00000|100%| E|CS|TAMS 0x0000000090c00000, 0x0000000090c00000| Complete 
| 235|0x0000000090d00000, 0x0000000090e00000, 0x0000000090e00000|100%| E|CS|TAMS 0x0000000090d00000, 0x0000000090d00000| Complete 
| 236|0x0000000090e00000, 0x0000000090f00000, 0x0000000090f00000|100%| E|CS|TAMS 0x0000000090e00000, 0x0000000090e00000| Complete 
| 237|0x0000000090f00000, 0x0000000091000000, 0x0000000091000000|100%| E|CS|TAMS 0x0000000090f00000, 0x0000000090f00000| Complete 
| 238|0x0000000091000000, 0x0000000091100000, 0x0000000091100000|100%| E|CS|TAMS 0x0000000091000000, 0x0000000091000000| Complete 
| 239|0x0000000091100000, 0x0000000091200000, 0x0000000091200000|100%| E|CS|TAMS 0x0000000091100000, 0x0000000091100000| Complete 
| 240|0x0000000091200000, 0x0000000091300000, 0x0000000091300000|100%| E|CS|TAMS 0x0000000091200000, 0x0000000091200000| Complete 
| 241|0x0000000091300000, 0x0000000091400000, 0x0000000091400000|100%| E|CS|TAMS 0x0000000091300000, 0x0000000091300000| Complete 
| 242|0x0000000091400000, 0x0000000091500000, 0x0000000091500000|100%| E|CS|TAMS 0x0000000091400000, 0x0000000091400000| Complete 
| 243|0x0000000091500000, 0x0000000091600000, 0x0000000091600000|100%| E|CS|TAMS 0x0000000091500000, 0x0000000091500000| Complete 
| 244|0x0000000091600000, 0x0000000091700000, 0x0000000091700000|100%| E|CS|TAMS 0x0000000091600000, 0x0000000091600000| Complete 
| 245|0x0000000091700000, 0x0000000091800000, 0x0000000091800000|100%| E|CS|TAMS 0x0000000091700000, 0x0000000091700000| Complete 
| 246|0x0000000091800000, 0x0000000091900000, 0x0000000091900000|100%| E|CS|TAMS 0x0000000091800000, 0x0000000091800000| Complete 
| 247|0x0000000091900000, 0x0000000091a00000, 0x0000000091a00000|100%| E|CS|TAMS 0x0000000091900000, 0x0000000091900000| Complete 
| 248|0x0000000091a00000, 0x0000000091b00000, 0x0000000091b00000|100%| E|CS|TAMS 0x0000000091a00000, 0x0000000091a00000| Complete 
| 249|0x0000000091b00000, 0x0000000091c00000, 0x0000000091c00000|100%| E|CS|TAMS 0x0000000091b00000, 0x0000000091b00000| Complete 
| 250|0x0000000091c00000, 0x0000000091d00000, 0x0000000091d00000|100%| E|CS|TAMS 0x0000000091c00000, 0x0000000091c00000| Complete 
| 251|0x0000000091d00000, 0x0000000091e00000, 0x0000000091e00000|100%| E|CS|TAMS 0x0000000091d00000, 0x0000000091d00000| Complete 
| 252|0x0000000091e00000, 0x0000000091f00000, 0x0000000091f00000|100%| E|CS|TAMS 0x0000000091e00000, 0x0000000091e00000| Complete 
| 253|0x0000000091f00000, 0x0000000092000000, 0x0000000092000000|100%| E|CS|TAMS 0x0000000091f00000, 0x0000000091f00000| Complete 
| 254|0x0000000092000000, 0x0000000092100000, 0x0000000092100000|100%| E|CS|TAMS 0x0000000092000000, 0x0000000092000000| Complete 
| 255|0x0000000092100000, 0x0000000092200000, 0x0000000092200000|100%| E|CS|TAMS 0x0000000092100000, 0x0000000092100000| Complete 
| 256|0x0000000092200000, 0x0000000092300000, 0x0000000092300000|100%| E|CS|TAMS 0x0000000092200000, 0x0000000092200000| Complete 
| 257|0x0000000092300000, 0x0000000092400000, 0x0000000092400000|100%| E|CS|TAMS 0x0000000092300000, 0x0000000092300000| Complete 
| 258|0x0000000092400000, 0x0000000092500000, 0x0000000092500000|100%| E|CS|TAMS 0x0000000092400000, 0x0000000092400000| Complete 
| 259|0x0000000092500000, 0x0000000092600000, 0x0000000092600000|100%| E|CS|TAMS 0x0000000092500000, 0x0000000092500000| Complete 
| 260|0x0000000092600000, 0x0000000092700000, 0x0000000092700000|100%| E|CS|TAMS 0x0000000092600000, 0x0000000092600000| Complete 
| 261|0x0000000092700000, 0x0000000092800000, 0x0000000092800000|100%| E|CS|TAMS 0x0000000092700000, 0x0000000092700000| Complete 
| 262|0x0000000092800000, 0x0000000092900000, 0x0000000092900000|100%| E|CS|TAMS 0x0000000092800000, 0x0000000092800000| Complete 
| 263|0x0000000092900000, 0x0000000092a00000, 0x0000000092a00000|100%| E|CS|TAMS 0x0000000092900000, 0x0000000092900000| Complete 
| 264|0x0000000092a00000, 0x0000000092b00000, 0x0000000092b00000|100%| E|CS|TAMS 0x0000000092a00000, 0x0000000092a00000| Complete 
| 265|0x0000000092b00000, 0x0000000092c00000, 0x0000000092c00000|100%| E|CS|TAMS 0x0000000092b00000, 0x0000000092b00000| Complete 
| 266|0x0000000092c00000, 0x0000000092d00000, 0x0000000092d00000|100%| E|CS|TAMS 0x0000000092c00000, 0x0000000092c00000| Complete 
| 267|0x0000000092d00000, 0x0000000092e00000, 0x0000000092e00000|100%| E|CS|TAMS 0x0000000092d00000, 0x0000000092d00000| Complete 
| 268|0x0000000092e00000, 0x0000000092f00000, 0x0000000092f00000|100%| E|CS|TAMS 0x0000000092e00000, 0x0000000092e00000| Complete 
| 269|0x0000000092f00000, 0x0000000093000000, 0x0000000093000000|100%| E|CS|TAMS 0x0000000092f00000, 0x0000000092f00000| Complete 
| 270|0x0000000093000000, 0x0000000093100000, 0x0000000093100000|100%| E|CS|TAMS 0x0000000093000000, 0x0000000093000000| Complete 
| 271|0x0000000093100000, 0x0000000093200000, 0x0000000093200000|100%| E|CS|TAMS 0x0000000093100000, 0x0000000093100000| Complete 
| 272|0x0000000093200000, 0x0000000093300000, 0x0000000093300000|100%| E|CS|TAMS 0x0000000093200000, 0x0000000093200000| Complete 
| 273|0x0000000093300000, 0x0000000093400000, 0x0000000093400000|100%| E|CS|TAMS 0x0000000093300000, 0x0000000093300000| Complete 
| 274|0x0000000093400000, 0x0000000093500000, 0x0000000093500000|100%| E|CS|TAMS 0x0000000093400000, 0x0000000093400000| Complete 
| 275|0x0000000093500000, 0x0000000093600000, 0x0000000093600000|100%| E|CS|TAMS 0x0000000093500000, 0x0000000093500000| Complete 
| 276|0x0000000093600000, 0x0000000093700000, 0x0000000093700000|100%| E|CS|TAMS 0x0000000093600000, 0x0000000093600000| Complete 
| 277|0x0000000093700000, 0x0000000093800000, 0x0000000093800000|100%| E|CS|TAMS 0x0000000093700000, 0x0000000093700000| Complete 
| 278|0x0000000093800000, 0x0000000093900000, 0x0000000093900000|100%| E|CS|TAMS 0x0000000093800000, 0x0000000093800000| Complete 
| 279|0x0000000093900000, 0x0000000093a00000, 0x0000000093a00000|100%| E|CS|TAMS 0x0000000093900000, 0x0000000093900000| Complete 
| 280|0x0000000093a00000, 0x0000000093b00000, 0x0000000093b00000|100%| E|CS|TAMS 0x0000000093a00000, 0x0000000093a00000| Complete 
| 281|0x0000000093b00000, 0x0000000093c00000, 0x0000000093c00000|100%| E|CS|TAMS 0x0000000093b00000, 0x0000000093b00000| Complete 
| 282|0x0000000093c00000, 0x0000000093d00000, 0x0000000093d00000|100%| E|CS|TAMS 0x0000000093c00000, 0x0000000093c00000| Complete 
| 283|0x0000000093d00000, 0x0000000093e00000, 0x0000000093e00000|100%| E|CS|TAMS 0x0000000093d00000, 0x0000000093d00000| Complete 
| 284|0x0000000093e00000, 0x0000000093f00000, 0x0000000093f00000|100%| E|CS|TAMS 0x0000000093e00000, 0x0000000093e00000| Complete 
| 285|0x0000000093f00000, 0x0000000094000000, 0x0000000094000000|100%| E|  |TAMS 0x0000000093f00000, 0x0000000093f00000| Complete 
| 286|0x0000000094000000, 0x0000000094100000, 0x0000000094100000|100%| E|CS|TAMS 0x0000000094000000, 0x0000000094000000| Complete 
| 287|0x0000000094100000, 0x0000000094200000, 0x0000000094200000|100%| E|CS|TAMS 0x0000000094100000, 0x0000000094100000| Complete 
| 288|0x0000000094200000, 0x0000000094300000, 0x0000000094300000|100%| E|CS|TAMS 0x0000000094200000, 0x0000000094200000| Complete 
| 289|0x0000000094300000, 0x0000000094400000, 0x0000000094400000|100%| E|CS|TAMS 0x0000000094300000, 0x0000000094300000| Complete 
| 290|0x0000000094400000, 0x0000000094500000, 0x0000000094500000|100%| E|CS|TAMS 0x0000000094400000, 0x0000000094400000| Complete 
| 291|0x0000000094500000, 0x0000000094600000, 0x0000000094600000|100%| E|CS|TAMS 0x0000000094500000, 0x0000000094500000| Complete 
| 292|0x0000000094600000, 0x0000000094700000, 0x0000000094700000|100%| E|CS|TAMS 0x0000000094600000, 0x0000000094600000| Complete 
| 293|0x0000000094700000, 0x0000000094800000, 0x0000000094800000|100%| E|CS|TAMS 0x0000000094700000, 0x0000000094700000| Complete 
| 294|0x0000000094800000, 0x0000000094900000, 0x0000000094900000|100%| E|CS|TAMS 0x0000000094800000, 0x0000000094800000| Complete 
| 295|0x0000000094900000, 0x0000000094a00000, 0x0000000094a00000|100%| E|CS|TAMS 0x0000000094900000, 0x0000000094900000| Complete 
| 296|0x0000000094a00000, 0x0000000094b00000, 0x0000000094b00000|100%| E|CS|TAMS 0x0000000094a00000, 0x0000000094a00000| Complete 
| 297|0x0000000094b00000, 0x0000000094c00000, 0x0000000094c00000|100%| E|CS|TAMS 0x0000000094b00000, 0x0000000094b00000| Complete 
| 298|0x0000000094c00000, 0x0000000094d00000, 0x0000000094d00000|100%| E|CS|TAMS 0x0000000094c00000, 0x0000000094c00000| Complete 
| 299|0x0000000094d00000, 0x0000000094e00000, 0x0000000094e00000|100%| E|CS|TAMS 0x0000000094d00000, 0x0000000094d00000| Complete 
| 300|0x0000000094e00000, 0x0000000094f00000, 0x0000000094f00000|100%| E|CS|TAMS 0x0000000094e00000, 0x0000000094e00000| Complete 
| 301|0x0000000094f00000, 0x0000000095000000, 0x0000000095000000|100%| E|CS|TAMS 0x0000000094f00000, 0x0000000094f00000| Complete 
| 302|0x0000000095000000, 0x0000000095100000, 0x0000000095100000|100%| E|CS|TAMS 0x0000000095000000, 0x0000000095000000| Complete 
| 303|0x0000000095100000, 0x0000000095200000, 0x0000000095200000|100%| E|CS|TAMS 0x0000000095100000, 0x0000000095100000| Complete 
| 304|0x0000000095200000, 0x0000000095300000, 0x0000000095300000|100%| E|CS|TAMS 0x0000000095200000, 0x0000000095200000| Complete 
| 305|0x0000000095300000, 0x0000000095400000, 0x0000000095400000|100%| E|CS|TAMS 0x0000000095300000, 0x0000000095300000| Complete 

Card table byte_map: [0x0000016a80610000,0x0000016a80a00000] _byte_map_base: 0x0000016a801ff000

Marking Bits (Prev, Next): (CMBitMap*) 0x0000016ae934c830, (CMBitMap*) 0x0000016ae934c870
 Prev Bits: [0x0000016a80df0000, 0x0000016a82d68000)
 Next Bits: [0x0000016a82d70000, 0x0000016a84ce8000)

Polling page: 0x0000016ae71f0000

Metaspace:

Usage:
  Non-class:     85.98 MB used.
      Class:     13.40 MB used.
       Both:     99.38 MB used.

Virtual space:
  Non-class space:      128.00 MB reserved,      86.44 MB ( 68%) committed,  2 nodes.
      Class space:        1.00 GB reserved,      13.81 MB (  1%) committed,  1 nodes.
             Both:        1.12 GB reserved,     100.25 MB (  9%) committed. 

Chunk freelists:
   Non-Class:  8.66 MB
       Class:  2.14 MB
        Both:  10.80 MB

MaxMetaspaceSize: unlimited
CompressedClassSpaceSize: 1.00 GB
Initial GC threshold: 21.00 MB
Current GC threshold: 146.25 MB
CDS: on
MetaspaceReclaimPolicy: balanced
 - commit_granule_bytes: 65536.
 - commit_granule_words: 8192.
 - virtual_space_node_default_size: 8388608.
 - enlarge_chunks_in_place: 1.
 - new_chunks_are_fully_committed: 0.
 - uncommit_free_chunks: 1.
 - use_allocation_guard: 0.
 - handle_deallocations: 1.


Internal statistics:

num_allocs_failed_limit: 5.
num_arena_births: 1402.
num_arena_deaths: 14.
num_vsnodes_births: 3.
num_vsnodes_deaths: 0.
num_space_committed: 1604.
num_space_uncommitted: 0.
num_chunks_returned_to_freelist: 26.
num_chunks_taken_from_freelist: 5496.
num_chunk_merges: 7.
num_chunk_splits: 3799.
num_chunks_enlarged: 2747.
num_inconsistent_stats: 0.

CodeHeap 'non-profiled nmethods': size=120000Kb used=8461Kb max_used=9524Kb free=111538Kb
 bounds [0x0000016af8900000, 0x0000016af9250000, 0x0000016affe30000]
CodeHeap 'profiled nmethods': size=120000Kb used=21061Kb max_used=22136Kb free=98938Kb
 bounds [0x0000016af0e30000, 0x0000016af23d0000, 0x0000016af8360000]
CodeHeap 'non-nmethods': size=5760Kb used=1401Kb max_used=1530Kb free=4359Kb
 bounds [0x0000016af8360000, 0x0000016af85d0000, 0x0000016af8900000]
 total_blobs=12505 nmethods=11767 adapters=649
 compilation: enabled
              stopped_count=0, restarted_count=0
 full_count=0

Compilation events (20 events):
Event: 163.645 Thread 0x0000016a878e0270 14399       3       sun.nio.ch.SelectorImpl::ensureOpen (16 bytes)
Event: 163.646 Thread 0x0000016a878e0270 nmethod 14399 0x0000016af1892110 code [0x0000016af18922c0, 0x0000016af1892528]
Event: 163.646 Thread 0x0000016a878e0270 14400   !   3       org.apache.tomcat.util.net.NioEndpoint$Poller::events (266 bytes)
Event: 163.651 Thread 0x0000016a878e0270 nmethod 14400 0x0000016af100e890 code [0x0000016af100ec20, 0x0000016af1010658]
Event: 163.651 Thread 0x0000016a878e0270 14401  s    3       org.apache.tomcat.util.collections.SynchronizedQueue::size (23 bytes)
Event: 163.651 Thread 0x0000016a878e0270 nmethod 14401 0x0000016af1897090 code [0x0000016af1897220, 0x0000016af1897418]
Event: 168.684 Thread 0x0000016a878e0270 14402       1       org.apache.tomcat.util.net.SocketProperties::getTimeoutInterval (5 bytes)
Event: 168.684 Thread 0x0000016a878e0270 nmethod 14402 0x0000016af8be5e90 code [0x0000016af8be6020, 0x0000016af8be60f8]
Event: 169.698 Thread 0x0000016a878df7c0 14403       4       java.util.regex.Pattern$LastNode::match (45 bytes)
Event: 169.698 Thread 0x0000016a878e0270 14404       3       org.springframework.util.CollectionUtils::unmodifiableMultiValueMap (24 bytes)
Event: 169.699 Thread 0x0000016a878df7c0 nmethod 14403 0x0000016af8e5bf10 code [0x0000016af8e5c080, 0x0000016af8e5c178]
Event: 169.699 Thread 0x0000016a878e0270 nmethod 14404 0x0000016af1befa90 code [0x0000016af1befc80, 0x0000016af1bf02f8]
Event: 169.699 Thread 0x0000016a878e0270 14405       3       org.springframework.util.UnmodifiableMultiValueMap::<init> (16 bytes)
Event: 169.699 Thread 0x0000016a878e0270 nmethod 14405 0x0000016af168df90 code [0x0000016af168e140, 0x0000016af168e468]
Event: 169.699 Thread 0x0000016a878e0270 14407       3       com.fasterxml.jackson.core.json.UTF8JsonGenerator::writeEndObject (111 bytes)
Event: 169.702 Thread 0x0000016a878e0270 nmethod 14407 0x0000016af1129e10 code [0x0000016af112a0c0, 0x0000016af112adc8]
Event: 169.702 Thread 0x0000016a878e0270 14406       3       sun.net.util.IPAddressUtil::match (50 bytes)
Event: 169.702 Thread 0x0000016a878e0270 nmethod 14406 0x0000016af1d1ab10 code [0x0000016af1d1acc0, 0x0000016af1d1af38]
Event: 172.846 Thread 0x0000016a878df7c0 14408 %     4       java.util.AbstractCollection::containsAll @ 7 (38 bytes)
Event: 174.531 Thread 0x0000016a878e0270 14409       3       java.util.concurrent.locks.AbstractQueuedSynchronizer$ConditionObject::awaitNanos (200 bytes)

GC Heap History (20 events):
Event: 29.093 GC heap before
{Heap before GC invocations=40 (full 0):
 garbage-first heap   total 103424K, used 85139K [0x0000000082200000, 0x0000000100000000)
  region size 1024K, 34 young (34816K), 2 survivors (2048K)
 Metaspace       used 83324K, committed 83968K, reserved 1179648K
  class space    used 11340K, committed 11648K, reserved 1048576K
}
Event: 29.099 GC heap after
{Heap after GC invocations=41 (full 0):
 garbage-first heap   total 103424K, used 54995K [0x0000000082200000, 0x0000000100000000)
  region size 1024K, 5 young (5120K), 5 survivors (5120K)
 Metaspace       used 83324K, committed 83968K, reserved 1179648K
  class space    used 11340K, committed 11648K, reserved 1048576K
}
Event: 29.218 GC heap before
{Heap before GC invocations=41 (full 0):
 garbage-first heap   total 103424K, used 83667K [0x0000000082200000, 0x0000000100000000)
  region size 1024K, 33 young (33792K), 5 survivors (5120K)
 Metaspace       used 83337K, committed 83968K, reserved 1179648K
  class space    used 11340K, committed 11648K, reserved 1048576K
}
Event: 29.226 GC heap after
{Heap after GC invocations=42 (full 0):
 garbage-first heap   total 103424K, used 59756K [0x0000000082200000, 0x0000000100000000)
  region size 1024K, 5 young (5120K), 5 survivors (5120K)
 Metaspace       used 83337K, committed 83968K, reserved 1179648K
  class space    used 11340K, committed 11648K, reserved 1048576K
}
Event: 29.327 GC heap before
{Heap before GC invocations=42 (full 0):
 garbage-first heap   total 103424K, used 81260K [0x0000000082200000, 0x0000000100000000)
  region size 1024K, 27 young (27648K), 5 survivors (5120K)
 Metaspace       used 83338K, committed 83968K, reserved 1179648K
  class space    used 11340K, committed 11648K, reserved 1048576K
}
Event: 29.340 GC heap after
{Heap after GC invocations=43 (full 0):
 garbage-first heap   total 156672K, used 66391K [0x0000000082200000, 0x0000000100000000)
  region size 1024K, 4 young (4096K), 4 survivors (4096K)
 Metaspace       used 83338K, committed 83968K, reserved 1179648K
  class space    used 11340K, committed 11648K, reserved 1048576K
}
Event: 30.176 GC heap before
{Heap before GC invocations=43 (full 0):
 garbage-first heap   total 156672K, used 123735K [0x0000000082200000, 0x0000000100000000)
  region size 1024K, 60 young (61440K), 4 survivors (4096K)
 Metaspace       used 84366K, committed 84928K, reserved 1179648K
  class space    used 11434K, committed 11712K, reserved 1048576K
}
Event: 30.187 GC heap after
{Heap after GC invocations=44 (full 0):
 garbage-first heap   total 156672K, used 69990K [0x0000000082200000, 0x0000000100000000)
  region size 1024K, 8 young (8192K), 8 survivors (8192K)
 Metaspace       used 84366K, committed 84928K, reserved 1179648K
  class space    used 11434K, committed 11712K, reserved 1048576K
}
Event: 30.807 GC heap before
{Heap before GC invocations=44 (full 0):
 garbage-first heap   total 156672K, used 124262K [0x0000000082200000, 0x0000000100000000)
  region size 1024K, 61 young (62464K), 8 survivors (8192K)
 Metaspace       used 84990K, committed 85632K, reserved 1179648K
  class space    used 11489K, committed 11776K, reserved 1048576K
}
Event: 30.817 GC heap after
{Heap after GC invocations=45 (full 0):
 garbage-first heap   total 156672K, used 71840K [0x0000000082200000, 0x0000000100000000)
  region size 1024K, 6 young (6144K), 6 survivors (6144K)
 Metaspace       used 84990K, committed 85632K, reserved 1179648K
  class space    used 11489K, committed 11776K, reserved 1048576K
}
Event: 31.565 GC heap before
{Heap before GC invocations=45 (full 0):
 garbage-first heap   total 156672K, used 126112K [0x0000000082200000, 0x0000000100000000)
  region size 1024K, 59 young (60416K), 6 survivors (6144K)
 Metaspace       used 86176K, committed 86848K, reserved 1179648K
  class space    used 11572K, committed 11904K, reserved 1048576K
}
Event: 31.574 GC heap after
{Heap after GC invocations=46 (full 0):
 garbage-first heap   total 156672K, used 74465K [0x0000000082200000, 0x0000000100000000)
  region size 1024K, 5 young (5120K), 5 survivors (5120K)
 Metaspace       used 86176K, committed 86848K, reserved 1179648K
  class space    used 11572K, committed 11904K, reserved 1048576K
}
Event: 33.019 GC heap before
{Heap before GC invocations=46 (full 0):
 garbage-first heap   total 156672K, used 127713K [0x0000000082200000, 0x0000000100000000)
  region size 1024K, 57 young (58368K), 5 survivors (5120K)
 Metaspace       used 89109K, committed 89792K, reserved 1179648K
  class space    used 11967K, committed 12288K, reserved 1048576K
}
Event: 33.032 GC heap after
{Heap after GC invocations=47 (full 0):
 garbage-first heap   total 156672K, used 77824K [0x0000000082200000, 0x0000000100000000)
  region size 1024K, 6 young (6144K), 6 survivors (6144K)
 Metaspace       used 89109K, committed 89792K, reserved 1179648K
  class space    used 11967K, committed 12288K, reserved 1048576K
}
Event: 34.749 GC heap before
{Heap before GC invocations=48 (full 0):
 garbage-first heap   total 156672K, used 129024K [0x0000000082200000, 0x0000000100000000)
  region size 1024K, 56 young (57344K), 6 survivors (6144K)
 Metaspace       used 89941K, committed 90624K, reserved 1179648K
  class space    used 12173K, committed 12480K, reserved 1048576K
}
Event: 34.763 GC heap after
{Heap after GC invocations=49 (full 0):
 garbage-first heap   total 156672K, used 81068K [0x0000000082200000, 0x0000000100000000)
  region size 1024K, 7 young (7168K), 7 survivors (7168K)
 Metaspace       used 89941K, committed 90624K, reserved 1179648K
  class space    used 12173K, committed 12480K, reserved 1048576K
}
Event: 34.788 GC heap before
{Heap before GC invocations=49 (full 0):
 garbage-first heap   total 156672K, used 82092K [0x0000000082200000, 0x0000000100000000)
  region size 1024K, 8 young (8192K), 7 survivors (7168K)
 Metaspace       used 89947K, committed 90624K, reserved 1179648K
  class space    used 12173K, committed 12480K, reserved 1048576K
}
Event: 34.798 GC heap after
{Heap after GC invocations=50 (full 0):
 garbage-first heap   total 156672K, used 72527K [0x0000000082200000, 0x0000000100000000)
  region size 1024K, 1 young (1024K), 1 survivors (1024K)
 Metaspace       used 89947K, committed 90624K, reserved 1179648K
  class space    used 12173K, committed 12480K, reserved 1048576K
}
Event: 37.184 GC heap before
{Heap before GC invocations=50 (full 0):
 garbage-first heap   total 156672K, used 128847K [0x0000000082200000, 0x0000000100000000)
  region size 1024K, 56 young (57344K), 1 survivors (1024K)
 Metaspace       used 92160K, committed 92864K, reserved 1179648K
  class space    used 12489K, committed 12864K, reserved 1048576K
}
Event: 37.195 GC heap after
{Heap after GC invocations=51 (full 0):
 garbage-first heap   total 313344K, used 74806K [0x0000000082200000, 0x0000000100000000)
  region size 1024K, 4 young (4096K), 4 survivors (4096K)
 Metaspace       used 92160K, committed 92864K, reserved 1179648K
  class space    used 12489K, committed 12864K, reserved 1048576K
}

Dll operation events (14 events):
Event: 0.016 Loaded shared library C:\Program Files\Eclipse Adoptium\jdk-17.0.15.6-hotspot\bin\java.dll
Event: 0.038 Loaded shared library C:\Program Files\Eclipse Adoptium\jdk-17.0.15.6-hotspot\bin\jsvml.dll
Event: 0.250 Loaded shared library C:\Program Files\Eclipse Adoptium\jdk-17.0.15.6-hotspot\bin\zip.dll
Event: 0.254 Loaded shared library C:\Program Files\Eclipse Adoptium\jdk-17.0.15.6-hotspot\bin\instrument.dll
Event: 0.265 Loaded shared library C:\Program Files\Eclipse Adoptium\jdk-17.0.15.6-hotspot\bin\net.dll
Event: 0.269 Loaded shared library C:\Program Files\Eclipse Adoptium\jdk-17.0.15.6-hotspot\bin\nio.dll
Event: 0.273 Loaded shared library C:\Program Files\Eclipse Adoptium\jdk-17.0.15.6-hotspot\bin\zip.dll
Event: 0.568 Loaded shared library C:\Program Files\JetBrains\IntelliJ IDEA Community Edition 2024.2.1\bin\breakgen64.dll
Event: 0.585 Loaded shared library C:\Program Files\Eclipse Adoptium\jdk-17.0.15.6-hotspot\bin\extnet.dll
Event: 0.652 Loaded shared library C:\Program Files\Eclipse Adoptium\jdk-17.0.15.6-hotspot\bin\jimage.dll
Event: 1.252 Loaded shared library C:\Program Files\Eclipse Adoptium\jdk-17.0.15.6-hotspot\bin\management.dll
Event: 1.254 Loaded shared library C:\Program Files\Eclipse Adoptium\jdk-17.0.15.6-hotspot\bin\management_ext.dll
Event: 4.273 Loaded shared library C:\Program Files\Eclipse Adoptium\jdk-17.0.15.6-hotspot\bin\sunmscapi.dll
Event: 14.432 Loaded shared library C:\Program Files\Eclipse Adoptium\jdk-17.0.15.6-hotspot\bin\verify.dll

Deoptimization events (20 events):
Event: 49.711 Thread 0x0000016ace800520 Uncommon trap: trap_request=0xffffffc6 fr.pc=0x0000016af8fa8e5c relative=0x0000000000000f7c
Event: 49.711 Thread 0x0000016ace800520 Uncommon trap: reason=bimorphic_or_optimized_type_check action=maybe_recompile pc=0x0000016af8fa8e5c method=java.util.stream.ReferencePipeline$7$1.accept(Ljava/lang/Object;)V @ 29 c2
Event: 49.711 Thread 0x0000016ace800520 DEOPT PACKING pc=0x0000016af8fa8e5c sp=0x00000013063fea90
Event: 49.711 Thread 0x0000016ace800520 DEOPT UNPACKING pc=0x0000016af83b69a3 sp=0x00000013063fea58 mode 2
Event: 49.712 Thread 0x0000016ace800520 Uncommon trap: trap_request=0xffffffc6 fr.pc=0x0000016af8fcea24 relative=0x0000000000000aa4
Event: 49.712 Thread 0x0000016ace800520 Uncommon trap: reason=bimorphic_or_optimized_type_check action=maybe_recompile pc=0x0000016af8fcea24 method=java.util.HashMap.putVal(ILjava/lang/Object;Ljava/lang/Object;ZZ)Ljava/lang/Object; @ 253 c2
Event: 49.712 Thread 0x0000016ace800520 DEOPT PACKING pc=0x0000016af8fcea24 sp=0x00000013063fe6b0
Event: 49.712 Thread 0x0000016ace800520 DEOPT UNPACKING pc=0x0000016af83b69a3 sp=0x00000013063fe640 mode 2
Event: 59.696 Thread 0x0000016ace800520 Uncommon trap: trap_request=0xffffffc6 fr.pc=0x0000016af8fa8e5c relative=0x0000000000000f7c
Event: 59.696 Thread 0x0000016ace800520 Uncommon trap: reason=bimorphic_or_optimized_type_check action=maybe_recompile pc=0x0000016af8fa8e5c method=java.util.stream.ReferencePipeline$7$1.accept(Ljava/lang/Object;)V @ 29 c2
Event: 59.696 Thread 0x0000016ace800520 DEOPT PACKING pc=0x0000016af8fa8e5c sp=0x00000013063fea90
Event: 59.696 Thread 0x0000016ace800520 DEOPT UNPACKING pc=0x0000016af83b69a3 sp=0x00000013063fea58 mode 2
Event: 69.804 Thread 0x0000016ace800520 Uncommon trap: trap_request=0xffffff45 fr.pc=0x0000016af8aa4710 relative=0x00000000000002d0
Event: 69.804 Thread 0x0000016ace800520 Uncommon trap: reason=unstable_if action=reinterpret pc=0x0000016af8aa4710 method=java.net.URI$Parser.scan(IILjava/lang/String;)I @ 26 c2
Event: 69.805 Thread 0x0000016ace800520 DEOPT PACKING pc=0x0000016af8aa4710 sp=0x00000013063fe990
Event: 69.805 Thread 0x0000016ace800520 DEOPT UNPACKING pc=0x0000016af83b69a3 sp=0x00000013063fe930 mode 2
Event: 69.893 Thread 0x0000016ace800520 Uncommon trap: trap_request=0xffffffc6 fr.pc=0x0000016af8fa8e5c relative=0x0000000000000f7c
Event: 69.893 Thread 0x0000016ace800520 Uncommon trap: reason=bimorphic_or_optimized_type_check action=maybe_recompile pc=0x0000016af8fa8e5c method=java.util.stream.ReferencePipeline$7$1.accept(Ljava/lang/Object;)V @ 29 c2
Event: 69.893 Thread 0x0000016ace800520 DEOPT PACKING pc=0x0000016af8fa8e5c sp=0x00000013063fea90
Event: 69.893 Thread 0x0000016ace800520 DEOPT UNPACKING pc=0x0000016af83b69a3 sp=0x00000013063fea58 mode 2

Classes loaded (20 events):
Event: 48.171 Loading class java/util/concurrent/ArrayBlockingQueue
Event: 48.173 Loading class java/util/concurrent/ArrayBlockingQueue done
Event: 48.176 Loading class java/util/concurrent/ArrayBlockingQueue$Itr
Event: 48.177 Loading class java/util/concurrent/ArrayBlockingQueue$Itr done
Event: 48.315 Loading class java/util/ArrayDeque$DescendingIterator
Event: 48.315 Loading class java/util/ArrayDeque$DescendingIterator done
Event: 48.644 Loading class java/util/zip/GZIPInputStream
Event: 48.650 Loading class java/util/zip/GZIPInputStream done
Event: 48.651 Loading class java/util/zip/GZIPOutputStream
Event: 48.651 Loading class java/util/zip/GZIPOutputStream done
Event: 49.087 Loading class java/io/CharArrayWriter
Event: 49.087 Loading class java/io/CharArrayWriter done
Event: 49.104 Loading class java/io/SequenceInputStream
Event: 49.104 Loading class java/io/SequenceInputStream done
Event: 49.126 Loading class java/nio/file/FileVisitor
Event: 49.126 Loading class java/nio/file/FileVisitor done
Event: 49.126 Loading class java/nio/file/AccessDeniedException
Event: 49.126 Loading class java/nio/file/AccessDeniedException done
Event: 49.261 Loading class jdk/internal/reflect/UnsafeDoubleFieldAccessorImpl
Event: 49.262 Loading class jdk/internal/reflect/UnsafeDoubleFieldAccessorImpl done

Classes unloaded (7 events):
Event: 33.180 Thread 0x0000016a87655020 Unloading class 0x0000016a89b7c400 'jdk/internal/reflect/GeneratedSerializationConstructorAccessor14'
Event: 33.180 Thread 0x0000016a87655020 Unloading class 0x0000016a89b7c000 'jdk/internal/reflect/GeneratedSerializationConstructorAccessor13'
Event: 33.180 Thread 0x0000016a87655020 Unloading class 0x0000016a89b7bc00 'jdk/internal/reflect/GeneratedSerializationConstructorAccessor12'
Event: 33.180 Thread 0x0000016a87655020 Unloading class 0x0000016a89b6c800 'jdk/internal/reflect/GeneratedSerializationConstructorAccessor11'
Event: 33.180 Thread 0x0000016a87655020 Unloading class 0x0000016a89b6c400 'jdk/internal/reflect/GeneratedSerializationConstructorAccessor10'
Event: 33.180 Thread 0x0000016a87655020 Unloading class 0x0000016a89b60000 'jdk/internal/reflect/GeneratedSerializationConstructorAccessor9'
Event: 33.180 Thread 0x0000016a87655020 Unloading class 0x0000016a89b5d400 'jdk/internal/reflect/GeneratedSerializationConstructorAccessor8'

Classes redefined (0 events):
No events

Internal exceptions (20 events):
Event: 79.720 Thread 0x0000016ace800520 Exception <a 'java/net/ConnectException'{0x0000000092e7fb18}: Connection refused: getsockopt> (0x0000000092e7fb18) 
thrown [s\src\hotspot\share\prims\jni.cpp, line 535]
Event: 79.720 Thread 0x0000016ace800520 Exception <a 'java/net/SocketException'{0x0000000091680178}: Socket is not connected: shutdown> (0x0000000091680178) 
thrown [s\src\hotspot\share\prims\jni.cpp, line 535]
Event: 89.719 Thread 0x0000016ace800520 Exception <a 'java/net/ConnectException'{0x000000009168b2c8}: Connection refused: getsockopt> (0x000000009168b2c8) 
thrown [s\src\hotspot\share\prims\jni.cpp, line 535]
Event: 89.719 Thread 0x0000016ace800520 Exception <a 'java/net/SocketException'{0x000000009168b600}: Socket is not connected: shutdown> (0x000000009168b600) 
thrown [s\src\hotspot\share\prims\jni.cpp, line 535]
Event: 99.711 Thread 0x0000016ace800520 Exception <a 'java/net/ConnectException'{0x00000000916968a8}: Connection refused: getsockopt> (0x00000000916968a8) 
thrown [s\src\hotspot\share\prims\jni.cpp, line 535]
Event: 99.712 Thread 0x0000016ace800520 Exception <a 'java/net/SocketException'{0x0000000091696be0}: Socket is not connected: shutdown> (0x0000000091696be0) 
thrown [s\src\hotspot\share\prims\jni.cpp, line 535]
Event: 109.719 Thread 0x0000016ace800520 Exception <a 'java/net/ConnectException'{0x00000000916a1e78}: Connection refused: getsockopt> (0x00000000916a1e78) 
thrown [s\src\hotspot\share\prims\jni.cpp, line 535]
Event: 109.719 Thread 0x0000016ace800520 Exception <a 'java/net/SocketException'{0x00000000916a21b0}: Socket is not connected: shutdown> (0x00000000916a21b0) 
thrown [s\src\hotspot\share\prims\jni.cpp, line 535]
Event: 119.694 Thread 0x0000016ace800520 Exception <a 'java/net/ConnectException'{0x00000000916ad418}: Connection refused: getsockopt> (0x00000000916ad418) 
thrown [s\src\hotspot\share\prims\jni.cpp, line 535]
Event: 119.694 Thread 0x0000016ace800520 Exception <a 'java/net/SocketException'{0x00000000916ad750}: Socket is not connected: shutdown> (0x00000000916ad750) 
thrown [s\src\hotspot\share\prims\jni.cpp, line 535]
Event: 129.702 Thread 0x0000016ace800520 Exception <a 'java/net/ConnectException'{0x00000000916b8b10}: Connection refused: getsockopt> (0x00000000916b8b10) 
thrown [s\src\hotspot\share\prims\jni.cpp, line 535]
Event: 129.702 Thread 0x0000016ace800520 Exception <a 'java/net/SocketException'{0x00000000916b8e48}: Socket is not connected: shutdown> (0x00000000916b8e48) 
thrown [s\src\hotspot\share\prims\jni.cpp, line 535]
Event: 139.710 Thread 0x0000016ace800520 Exception <a 'java/net/ConnectException'{0x00000000916c4528}: Connection refused: getsockopt> (0x00000000916c4528) 
thrown [s\src\hotspot\share\prims\jni.cpp, line 535]
Event: 139.710 Thread 0x0000016ace800520 Exception <a 'java/net/SocketException'{0x00000000916c4860}: Socket is not connected: shutdown> (0x00000000916c4860) 
thrown [s\src\hotspot\share\prims\jni.cpp, line 535]
Event: 149.697 Thread 0x0000016ace800520 Exception <a 'java/net/ConnectException'{0x00000000916cfac8}: Connection refused: getsockopt> (0x00000000916cfac8) 
thrown [s\src\hotspot\share\prims\jni.cpp, line 535]
Event: 149.697 Thread 0x0000016ace800520 Exception <a 'java/net/SocketException'{0x00000000916cfe00}: Socket is not connected: shutdown> (0x00000000916cfe00) 
thrown [s\src\hotspot\share\prims\jni.cpp, line 535]
Event: 159.707 Thread 0x0000016ace800520 Exception <a 'java/net/ConnectException'{0x00000000916dbaf0}: Connection refused: getsockopt> (0x00000000916dbaf0) 
thrown [s\src\hotspot\share\prims\jni.cpp, line 535]
Event: 159.707 Thread 0x0000016ace800520 Exception <a 'java/net/SocketException'{0x00000000916dbe28}: Socket is not connected: shutdown> (0x00000000916dbe28) 
thrown [s\src\hotspot\share\prims\jni.cpp, line 535]
Event: 169.713 Thread 0x0000016ace800520 Exception <a 'java/net/ConnectException'{0x00000000916e7508}: Connection refused: getsockopt> (0x00000000916e7508) 
thrown [s\src\hotspot\share\prims\jni.cpp, line 535]
Event: 169.713 Thread 0x0000016ace800520 Exception <a 'java/net/SocketException'{0x00000000916e7840}: Socket is not connected: shutdown> (0x00000000916e7840) 
thrown [s\src\hotspot\share\prims\jni.cpp, line 535]

VM Operations (20 events):
Event: 50.635 Executing VM operation: Cleanup
Event: 50.651 Executing VM operation: Cleanup done
Event: 55.683 Executing VM operation: Cleanup
Event: 55.683 Executing VM operation: Cleanup done
Event: 56.694 Executing VM operation: Cleanup
Event: 56.694 Executing VM operation: Cleanup done
Event: 60.223 Executing VM operation: HandshakeAllThreads
Event: 60.223 Executing VM operation: HandshakeAllThreads done
Event: 80.401 Executing VM operation: Cleanup
Event: 80.401 Executing VM operation: Cleanup done
Event: 90.479 Executing VM operation: Cleanup
Event: 90.479 Executing VM operation: Cleanup done
Event: 116.739 Executing VM operation: Cleanup
Event: 116.739 Executing VM operation: Cleanup done
Event: 119.754 Executing VM operation: Cleanup
Event: 119.754 Executing VM operation: Cleanup done
Event: 129.822 Executing VM operation: Cleanup
Event: 129.822 Executing VM operation: Cleanup done
Event: 150.003 Executing VM operation: Cleanup
Event: 150.003 Executing VM operation: Cleanup done

Memory protections (0 events):
No events

Nmethod flushes (20 events):
Event: 49.347 Thread 0x0000016a878eacb0 flushing  nmethod 0x0000016af2110110
Event: 49.348 Thread 0x0000016a878eacb0 flushing  nmethod 0x0000016af212af90
Event: 49.348 Thread 0x0000016a878eacb0 flushing  nmethod 0x0000016af2141890
Event: 49.348 Thread 0x0000016a878eacb0 flushing  nmethod 0x0000016af2144190
Event: 49.348 Thread 0x0000016a878eacb0 flushing  nmethod 0x0000016af2144790
Event: 49.348 Thread 0x0000016a878eacb0 flushing  nmethod 0x0000016af2162190
Event: 49.348 Thread 0x0000016a878eacb0 flushing  nmethod 0x0000016af2179510
Event: 49.348 Thread 0x0000016a878eacb0 flushing  nmethod 0x0000016af217f610
Event: 49.349 Thread 0x0000016a878eacb0 flushing  nmethod 0x0000016af21a8a10
Event: 49.349 Thread 0x0000016a878eacb0 flushing  nmethod 0x0000016af21b9390
Event: 49.349 Thread 0x0000016a878eacb0 flushing  nmethod 0x0000016af21bc290
Event: 49.349 Thread 0x0000016a878eacb0 flushing  nmethod 0x0000016af21c4490
Event: 49.349 Thread 0x0000016a878eacb0 flushing  nmethod 0x0000016af21e2490
Event: 49.350 Thread 0x0000016a878eacb0 flushing  nmethod 0x0000016af230cf10
Event: 49.350 Thread 0x0000016a878eacb0 flushing  nmethod 0x0000016af2348610
Event: 49.350 Thread 0x0000016a878eacb0 flushing  nmethod 0x0000016af2360510
Event: 49.350 Thread 0x0000016a878eacb0 flushing  nmethod 0x0000016af2367790
Event: 49.350 Thread 0x0000016a878eacb0 flushing  nmethod 0x0000016af2368310
Event: 49.350 Thread 0x0000016a878eacb0 flushing  nmethod 0x0000016af2368990
Event: 49.351 Thread 0x0000016a878eacb0 flushing  nmethod 0x0000016af2384010

Events (20 events):
Event: 37.519 Thread 0x0000016acd43d290 Thread added: 0x0000016ad160cdc0
Event: 37.520 Thread 0x0000016acd43d290 Thread added: 0x0000016ad160dcf0
Event: 37.598 Thread 0x0000016acd43d290 Thread added: 0x0000016ad160a540
Event: 38.205 Thread 0x0000016ad3d43710 Thread exited: 0x0000016ad3d43710
Event: 38.949 Thread 0x0000016a878e0270 Thread added: 0x0000016ad47f8cc0
Event: 39.186 Thread 0x0000016ad47f8cc0 Thread exited: 0x0000016ad47f8cc0
Event: 39.618 Thread 0x0000016acddeb9b0 Thread exited: 0x0000016acddeb9b0
Event: 39.672 Thread 0x0000016a878e0270 Thread added: 0x0000016ad47f8cc0
Event: 39.692 Thread 0x0000016acd43d290 Thread added: 0x0000016ace800520
Event: 39.694 Thread 0x0000016acd43d290 Thread exited: 0x0000016acd43d290
Event: 39.695 Thread 0x0000016acddec670 Thread exited: 0x0000016acddec670
Event: 39.696 Thread 0x0000016ae92ee220 Thread exited: 0x0000016ae92ee220
Event: 39.696 Thread 0x0000016ace802890 Thread added: 0x0000016ace802890
Event: 41.150 Thread 0x0000016ad47f8cc0 Thread exited: 0x0000016ad47f8cc0
Event: 48.222 Thread 0x0000016a878e0270 Thread added: 0x0000016ad47f8cc0
Event: 48.967 Thread 0x0000016ad47f8cc0 Thread exited: 0x0000016ad47f8cc0
Event: 49.161 Thread 0x0000016a878e0270 Thread added: 0x0000016ad47f8cc0
Event: 50.635 Thread 0x0000016a878df7c0 Thread added: 0x0000016aceb5d9e0
Event: 55.235 Thread 0x0000016aceb5d9e0 Thread exited: 0x0000016aceb5d9e0
Event: 55.236 Thread 0x0000016ad47f8cc0 Thread exited: 0x0000016ad47f8cc0


Dynamic libraries:
0x00007ff6a3630000 - 0x00007ff6a363e000 	C:\Program Files\Eclipse Adoptium\jdk-17.0.15.6-hotspot\bin\java.exe
0x00007ffb79c40000 - 0x00007ffb79ea9000 	C:\WINDOWS\SYSTEM32\ntdll.dll
0x00007ffb78920000 - 0x00007ffb789e9000 	C:\WINDOWS\System32\KERNEL32.DLL
0x00007ffb77070000 - 0x00007ffb77463000 	C:\WINDOWS\System32\KERNELBASE.dll
0x00007ffb76e80000 - 0x00007ffb76fcb000 	C:\WINDOWS\System32\ucrtbase.dll
0x00007ffb73fd0000 - 0x00007ffb73fe7000 	C:\Program Files\Eclipse Adoptium\jdk-17.0.15.6-hotspot\bin\jli.dll
0x00007ffb73fa0000 - 0x00007ffb73fbe000 	C:\Program Files\Eclipse Adoptium\jdk-17.0.15.6-hotspot\bin\VCRUNTIME140.dll
0x00007ffb77c90000 - 0x00007ffb77e54000 	C:\WINDOWS\System32\USER32.dll
0x00007ffb77530000 - 0x00007ffb77557000 	C:\WINDOWS\System32\win32u.dll
0x00007ffb62350000 - 0x00007ffb625e3000 	C:\WINDOWS\WinSxS\amd64_microsoft.windows.common-controls_6595b64144ccf1df_6.0.26100.5074_none_3e0d6f78e32fd63f\COMCTL32.dll
0x00007ffb780c0000 - 0x00007ffb780eb000 	C:\WINDOWS\System32\GDI32.dll
0x00007ffb79550000 - 0x00007ffb795f9000 	C:\WINDOWS\System32\msvcrt.dll
0x00007ffb778e0000 - 0x00007ffb77a0d000 	C:\WINDOWS\System32\gdi32full.dll
0x00007ffb76dd0000 - 0x00007ffb76e73000 	C:\WINDOWS\System32\msvcp_win.dll
0x00007ffb77fc0000 - 0x00007ffb77fef000 	C:\WINDOWS\System32\IMM32.DLL
0x00007ffb748e0000 - 0x00007ffb748ec000 	C:\Program Files\Eclipse Adoptium\jdk-17.0.15.6-hotspot\bin\vcruntime140_1.dll
0x00007ffb561f0000 - 0x00007ffb5627d000 	C:\Program Files\Eclipse Adoptium\jdk-17.0.15.6-hotspot\bin\msvcp140.dll
0x00007ffb0a870000 - 0x00007ffb0b4db000 	C:\Program Files\Eclipse Adoptium\jdk-17.0.15.6-hotspot\bin\server\jvm.dll
0x00007ffb78c30000 - 0x00007ffb78ce4000 	C:\WINDOWS\System32\ADVAPI32.dll
0x00007ffb78120000 - 0x00007ffb781c6000 	C:\WINDOWS\System32\sechost.dll
0x00007ffb78660000 - 0x00007ffb78778000 	C:\WINDOWS\System32\RPCRT4.dll
0x00007ffb79600000 - 0x00007ffb79674000 	C:\WINDOWS\System32\WS2_32.dll
0x00007ffb76c50000 - 0x00007ffb76cae000 	C:\WINDOWS\SYSTEM32\POWRPROF.dll
0x00007ffb60b40000 - 0x00007ffb60b75000 	C:\WINDOWS\SYSTEM32\WINMM.dll
0x00007ffb6db60000 - 0x00007ffb6db6b000 	C:\WINDOWS\SYSTEM32\VERSION.dll
0x00007ffb76c30000 - 0x00007ffb76c44000 	C:\WINDOWS\SYSTEM32\UMPDC.dll
0x00007ffb75b70000 - 0x00007ffb75b8b000 	C:\WINDOWS\SYSTEM32\kernel.appcore.dll
0x00007ffb74330000 - 0x00007ffb7433a000 	C:\Program Files\Eclipse Adoptium\jdk-17.0.15.6-hotspot\bin\jimage.dll
0x00007ffb71510000 - 0x00007ffb71752000 	C:\WINDOWS\SYSTEM32\DBGHELP.DLL
0x00007ffb79680000 - 0x00007ffb799fb000 	C:\WINDOWS\System32\combase.dll
0x00007ffb789f0000 - 0x00007ffb78ac7000 	C:\WINDOWS\System32\OLEAUT32.dll
0x00007ffb5fb50000 - 0x00007ffb5fb8d000 	C:\WINDOWS\SYSTEM32\dbgcore.DLL
0x00007ffb76fd0000 - 0x00007ffb77069000 	C:\WINDOWS\System32\bcryptPrimitives.dll
0x00007ffb73f90000 - 0x00007ffb73f9e000 	C:\Program Files\Eclipse Adoptium\jdk-17.0.15.6-hotspot\bin\instrument.dll
0x00007ffb73f20000 - 0x00007ffb73f45000 	C:\Program Files\Eclipse Adoptium\jdk-17.0.15.6-hotspot\bin\java.dll
0x00007ffb399f0000 - 0x00007ffb39ac7000 	C:\Program Files\Eclipse Adoptium\jdk-17.0.15.6-hotspot\bin\jsvml.dll
0x00007ffb78e00000 - 0x00007ffb7954d000 	C:\WINDOWS\System32\SHELL32.dll
0x00007ffb77770000 - 0x00007ffb778dc000 	C:\WINDOWS\System32\wintypes.dll
0x00007ffb74a10000 - 0x00007ffb75269000 	C:\WINDOWS\SYSTEM32\windows.storage.dll
0x00007ffb78b30000 - 0x00007ffb78c20000 	C:\WINDOWS\System32\SHCORE.dll
0x00007ffb78d00000 - 0x00007ffb78d62000 	C:\WINDOWS\System32\shlwapi.dll
0x00007ffb76cf0000 - 0x00007ffb76d19000 	C:\WINDOWS\SYSTEM32\profapi.dll
0x00007ffb736d0000 - 0x00007ffb736e8000 	C:\Program Files\Eclipse Adoptium\jdk-17.0.15.6-hotspot\bin\zip.dll
0x00007ffb73e40000 - 0x00007ffb73e59000 	C:\Program Files\Eclipse Adoptium\jdk-17.0.15.6-hotspot\bin\net.dll
0x00007ffb6cce0000 - 0x00007ffb6cdff000 	C:\WINDOWS\SYSTEM32\WINHTTP.dll
0x00007ffb760d0000 - 0x00007ffb7613b000 	C:\WINDOWS\system32\mswsock.dll
0x00007ffb73bc0000 - 0x00007ffb73bd6000 	C:\Program Files\Eclipse Adoptium\jdk-17.0.15.6-hotspot\bin\nio.dll
0x00007ffb728d0000 - 0x00007ffb728ea000 	C:\Program Files\JetBrains\IntelliJ IDEA Community Edition 2024.2.1\bin\breakgen64.dll
0x00007ffb73e30000 - 0x00007ffb73e39000 	C:\Program Files\Eclipse Adoptium\jdk-17.0.15.6-hotspot\bin\extnet.dll
0x00007ffb73f80000 - 0x00007ffb73f8a000 	C:\Program Files\Eclipse Adoptium\jdk-17.0.15.6-hotspot\bin\management.dll
0x00007ffb73f10000 - 0x00007ffb73f1b000 	C:\Program Files\Eclipse Adoptium\jdk-17.0.15.6-hotspot\bin\management_ext.dll
0x00007ffb78cf0000 - 0x00007ffb78cf8000 	C:\WINDOWS\System32\PSAPI.DLL
0x00007ffb73920000 - 0x00007ffb7392e000 	C:\Program Files\Eclipse Adoptium\jdk-17.0.15.6-hotspot\bin\sunmscapi.dll
0x00007ffb77560000 - 0x00007ffb776d7000 	C:\WINDOWS\System32\CRYPT32.dll
0x00007ffb765f0000 - 0x00007ffb76620000 	C:\WINDOWS\SYSTEM32\ncrypt.dll
0x00007ffb765a0000 - 0x00007ffb765df000 	C:\WINDOWS\SYSTEM32\NTASN1.dll
0x00007ffb764a0000 - 0x00007ffb764bb000 	C:\WINDOWS\SYSTEM32\CRYPTSP.dll
0x00007ffb75ad0000 - 0x00007ffb75b0b000 	C:\WINDOWS\system32\rsaenh.dll
0x00007ffb76170000 - 0x00007ffb7619b000 	C:\WINDOWS\SYSTEM32\USERENV.dll
0x00007ffb76cc0000 - 0x00007ffb76ce6000 	C:\WINDOWS\SYSTEM32\bcrypt.dll
0x00007ffb76300000 - 0x00007ffb7630c000 	C:\WINDOWS\SYSTEM32\CRYPTBASE.dll
0x00007ffb75570000 - 0x00007ffb755a4000 	C:\WINDOWS\SYSTEM32\IPHLPAPI.DLL
0x00007ffb79a00000 - 0x00007ffb79a0a000 	C:\WINDOWS\System32\NSI.dll
0x00007ffb6d090000 - 0x00007ffb6d0ae000 	C:\WINDOWS\SYSTEM32\dhcpcsvc6.DLL
0x00007ffb6cac0000 - 0x00007ffb6cae3000 	C:\WINDOWS\SYSTEM32\dhcpcsvc.DLL
0x00007ffb75600000 - 0x00007ffb75726000 	C:\WINDOWS\SYSTEM32\DNSAPI.dll
0x00007ffb731b0000 - 0x00007ffb731c0000 	C:\Program Files\Eclipse Adoptium\jdk-17.0.15.6-hotspot\bin\verify.dll
0x00007ffb65f00000 - 0x00007ffb65f0b000 	C:\Windows\System32\rasadhlp.dll
0x00007ffb6b890000 - 0x00007ffb6b916000 	C:\WINDOWS\System32\fwpuclnt.dll
0x00007ffb49460000 - 0x00007ffb49468000 	C:\WINDOWS\system32\wshunix.dll

dbghelp: loaded successfully - version: 4.0.5 - missing functions: none
symbol engine: initialized successfully - sym options: 0x614 - pdb path: .;C:\Program Files\Eclipse Adoptium\jdk-17.0.15.6-hotspot\bin;C:\WINDOWS\SYSTEM32;C:\WINDOWS\WinSxS\amd64_microsoft.windows.common-controls_6595b64144ccf1df_6.0.26100.5074_none_3e0d6f78e32fd63f;C:\Program Files\Eclipse Adoptium\jdk-17.0.15.6-hotspot\bin\server;C:\Program Files\JetBrains\IntelliJ IDEA Community Edition 2024.2.1\bin

VM Arguments:
jvm_args: -javaagent:C:\Program Files\JetBrains\IntelliJ IDEA Community Edition 2024.2.1\lib\idea_rt.jar=55851:C:\Program Files\JetBrains\IntelliJ IDEA Community Edition 2024.2.1\bin -Dfile.encoding=UTF-8 
java_command: com.optimize.elykia.core.OptimizeElykiaCoreApplication
java_class_path (initial): C:\eric\elykia-optimize-elykia-core\target\classes;C:\Users\DELL\.m2\repository\org\springframework\boot\spring-boot-starter-actuator\3.3.0\spring-boot-starter-actuator-3.3.0.jar;C:\Users\DELL\.m2\repository\org\springframework\boot\spring-boot-starter\3.3.0\spring-boot-starter-3.3.0.jar;C:\Users\DELL\.m2\repository\org\springframework\boot\spring-boot-starter-logging\3.3.0\spring-boot-starter-logging-3.3.0.jar;C:\Users\DELL\.m2\repository\ch\qos\logback\logback-classic\1.5.6\logback-classic-1.5.6.jar;C:\Users\DELL\.m2\repository\ch\qos\logback\logback-core\1.5.6\logback-core-1.5.6.jar;C:\Users\DELL\.m2\repository\org\apache\logging\log4j\log4j-to-slf4j\2.23.1\log4j-to-slf4j-2.23.1.jar;C:\Users\DELL\.m2\repository\org\apache\logging\log4j\log4j-api\2.23.1\log4j-api-2.23.1.jar;C:\Users\DELL\.m2\repository\org\slf4j\jul-to-slf4j\2.0.13\jul-to-slf4j-2.0.13.jar;C:\Users\DELL\.m2\repository\jakarta\annotation\jakarta.annotation-api\2.1.1\jakarta.annotation-api-2.1.1.jar;C:\Users\DELL\.m2\repository\org\yaml\snakeyaml\2.2\snakeyaml-2.2.jar;C:\Users\DELL\.m2\repository\org\springframework\boot\spring-boot-actuator-autoconfigure\3.3.0\spring-boot-actuator-autoconfigure-3.3.0.jar;C:\Users\DELL\.m2\repository\org\springframework\boot\spring-boot-actuator\3.3.0\spring-boot-actuator-3.3.0.jar;C:\Users\DELL\.m2\repository\com\fasterxml\jackson\datatype\jackson-datatype-jsr310\2.17.1\jackson-datatype-jsr310-2.17.1.jar;C:\Users\DELL\.m2\repository\io\micrometer\micrometer-observation\1.13.0\micrometer-observation-1.13.0.jar;C:\Users\DELL\.m2\repository\io\micrometer\micrometer-commons\1.13.0\micrometer-commons-1.13.0.jar;C:\Users\DELL\.m2\repository\io\micrometer\micrometer-jakarta9\1.13.0\micrometer-jakarta9-1.13.0.jar;C:\Users\DELL\.m2\repository\io\micrometer\micrometer-core\1.13.0\micrometer-core-1.13.0.jar;C:\Users\DELL\.m2\repository\org\hdrhistogram\HdrHistogram\2.2.1\HdrHistogram-2.2.1.jar;C:\Users\DELL\.m2\repository\org\latencyutils\LatencyUt
Launcher Type: SUN_STANDARD

[Global flags]
     intx CICompilerCount                          = 4                                         {product} {ergonomic}
     uint ConcGCThreads                            = 2                                         {product} {ergonomic}
     uint G1ConcRefinementThreads                  = 8                                         {product} {ergonomic}
   size_t G1HeapRegionSize                         = 1048576                                   {product} {ergonomic}
    uintx GCDrainStackTargetSize                   = 64                                        {product} {ergonomic}
   size_t InitialHeapSize                          = 132120576                                 {product} {ergonomic}
   size_t MarkStackSize                            = 4194304                                   {product} {ergonomic}
   size_t MaxHeapSize                              = 2111832064                                {product} {ergonomic}
   size_t MaxNewSize                               = 1266679808                                {product} {ergonomic}
   size_t MinHeapDeltaBytes                        = 1048576                                   {product} {ergonomic}
   size_t MinHeapSize                              = 8388608                                   {product} {ergonomic}
    uintx NonNMethodCodeHeapSize                   = 5839372                                {pd product} {ergonomic}
    uintx NonProfiledCodeHeapSize                  = 122909434                              {pd product} {ergonomic}
    uintx ProfiledCodeHeapSize                     = 122909434                              {pd product} {ergonomic}
    uintx ReservedCodeCacheSize                    = 251658240                              {pd product} {ergonomic}
     bool SegmentedCodeCache                       = true                                      {product} {ergonomic}
   size_t SoftMaxHeapSize                          = 2111832064                             {manageable} {ergonomic}
     bool UseCompressedClassPointers               = true                           {product lp64_product} {ergonomic}
     bool UseCompressedOops                        = true                           {product lp64_product} {ergonomic}
     bool UseG1GC                                  = true                                      {product} {ergonomic}
     bool UseLargePagesIndividualAllocation        = false                                  {pd product} {ergonomic}

Logging:
Log output configuration:
 #0: stdout all=warning uptime,level,tags
 #1: stderr all=off uptime,level,tags

Environment Variables:
JAVA_HOME=C:\Program Files\Eclipse Adoptium\jdk-17.0.15.6-hotspot
PATH=C:\Program Files\Eclipse Adoptium\jdk-17.0.15.6-hotspot\bin;C:\Program Files (x86)\VMware\VMware Workstation\bin\;C:\Python312\Scripts\;C:\Python312\;C:\Program Files\Common Files\Oracle\Java\javapath;C:\WINDOWS\system32;C:\WINDOWS;C:\WINDOWS\System32\Wbem;C:\WINDOWS\System32\WindowsPowerShell\v1.0\;C:\WINDOWS\System32\OpenSSH\;C:\Program Files\dotnet\;C:\Program Files\Git\cmd;C:\Program Files\Microsoft SQL Server\150\Tools\Binn\;C:\ProgramData\chocolatey\bin;C:\Program Files\PuTTY\;C:\composer;C:\Users\DELL\AppData\Local\nvm;C:\nvm4w\nodejs;C:\Users\DELL\AppData\Local\Microsoft\WindowsApps;C:\Users\DELL\AppData\Local\Programs\Microsoft VS Code\bin;C:\Program Files\JetBrains\PyCharm Community Edition 2022.2.3\bin;;C:\xampp\php;C:\Program Files\JetBrains\IntelliJ IDEA 2024.2\bin;;C:\Users\DELL\OneDrive\Bureau\USER\flutter\bin;C:\Program Files\JetBrains\PyCharm 2024.1.1\bin;;C:\Users\DELL\AppData\Roaming\npm;C:\Program Files\JetBrains\IntelliJ IDEA Community Edition 2024.2.1\bin;;C:\src\flutter\bin;C:\Users\DELL\AppData\Roaming\Composer\vendor\bin;C:\Users\DELL\AppData\Local\Pub\Cache\bin;C:\Program Files\Eclipse Adoptium\jdk-17.0.15.6-hotspot\bin;C:\Users\DELL\AppData\Roaming\Python\Python312\Scripts;C:\Program Files\Java\jdk-22\bin;C:\Users\DELL\AppData\Local\nvm;C:\nvm4w\nodejs
USERNAME=DELL
OS=Windows_NT
PROCESSOR_IDENTIFIER=Intel64 Family 6 Model 142 Stepping 10, GenuineIntel
TMP=C:\Users\DELL\AppData\Local\Temp
TEMP=C:\Users\DELL\AppData\Local\Temp



Periodic native trim disabled


---------------  S Y S T E M  ---------------

OS:
 Windows 11 , 64 bit Build 26100 (10.0.26100.5074)
OS uptime: 6 days 16:40 hours
Hyper-V role detected

CPU: total 8 (initial active 8) (4 cores per cpu, 2 threads per core) family 6 model 142 stepping 10 microcode 0xf4, cx8, cmov, fxsr, ht, mmx, 3dnowpref, sse, sse2, sse3, ssse3, sse4.1, sse4.2, popcnt, lzcnt, tsc, tscinvbit, avx, avx2, aes, erms, clmul, bmi1, bmi2, rtm, adx, fma, vzeroupper, clflush, clflushopt, hv
Processor Information for all 8 processors :
  Max Mhz: 1896, Current Mhz: 1696, Mhz Limit: 1687

Memory: 4k page, system-wide physical 8050M (692M free)
TotalPageFile size 15450M (AvailPageFile size 0M)
current process WorkingSet (physical memory assigned to process): 73M, peak: 505M
current process commit charge ("private bytes"): 583M, peak: 653M

vm_info: OpenJDK 64-Bit Server VM (17.0.15+6) for windows-amd64 JRE (17.0.15+6), built on Apr 15 2025 21:25:47 by "admin" with MS VC++ 17.7 (VS2022)

END.
